<?xml version="1.0" encoding="UTF-8" standalone="no"?>
<!DOCTYPE log SYSTEM "logger.dtd">
<log>
<record>
  <date>2022-11-29T13:31:27</date>
  <millis>1669746687883</millis>
  <sequence>0</sequence>
  <level>START</level>
  <class>com.kms.katalon.core.logging.XmlKeywordLogger</class>
  <method>startSuite</method>
  <thread>1</thread>
  <message>Start Test Suite : Test Suites/ConsultarAfiliado</message>
  <nestedLevel>0</nestedLevel>
  <escapedJava>false</escapedJava>
  <property name="rerunTestFailImmediately">true</property>
  <property name="retryCount">3</property>
  <property name="name">ConsultarAfiliado</property>
  <property name="description"></property>
  <property name="id">Test Suites/ConsultarAfiliado</property>
</record>
<record>
  <date>2022-11-29T13:31:27</date>
  <millis>1669746687894</millis>
  <sequence>1</sequence>
  <level>RUN_DATA</level>
  <class>com.kms.katalon.core.logging.XmlKeywordLogger</class>
  <method>logMessage</method>
  <thread>1</thread>
  <message>hostName = dimartinez - ANA-DTI-DIM-BNT.mutualser.org</message>
  <nestedLevel>0</nestedLevel>
  <escapedJava>false</escapedJava>
  <property name="hostName">dimartinez - ANA-DTI-DIM-BNT.mutualser.org</property>
</record>
<record>
  <date>2022-11-29T13:31:27</date>
  <millis>1669746687894</millis>
  <sequence>2</sequence>
  <level>RUN_DATA</level>
  <class>com.kms.katalon.core.logging.XmlKeywordLogger</class>
  <method>logMessage</method>
  <thread>1</thread>
  <message>os = Windows 10 64bit</message>
  <nestedLevel>0</nestedLevel>
  <escapedJava>false</escapedJava>
  <property name="os">Windows 10 64bit</property>
</record>
<record>
  <date>2022-11-29T13:31:27</date>
  <millis>1669746687894</millis>
  <sequence>3</sequence>
  <level>RUN_DATA</level>
  <class>com.kms.katalon.core.logging.XmlKeywordLogger</class>
  <method>logMessage</method>
  <thread>1</thread>
  <message>hostAddress = 192.168.1.46</message>
  <nestedLevel>0</nestedLevel>
  <escapedJava>false</escapedJava>
  <property name="hostAddress">192.168.1.46</property>
</record>
<record>
  <date>2022-11-29T13:31:27</date>
  <millis>1669746687895</millis>
  <sequence>4</sequence>
  <level>RUN_DATA</level>
  <class>com.kms.katalon.core.logging.XmlKeywordLogger</class>
  <method>logMessage</method>
  <thread>1</thread>
  <message>katalonVersion = 8.5.2.208</message>
  <nestedLevel>0</nestedLevel>
  <escapedJava>false</escapedJava>
  <property name="katalonVersion">8.5.2.208</property>
</record>
<record>
  <date>2022-11-29T13:31:28</date>
  <millis>1669746688068</millis>
  <sequence>5</sequence>
  <level>START</level>
  <class>com.kms.katalon.core.logging.XmlKeywordLogger</class>
  <method>startTest</method>
  <thread>1</thread>
  <message>Start Test Case : Test Cases/TC_Login</message>
  <nestedLevel>1</nestedLevel>
  <escapedJava>false</escapedJava>
  <property name="remainingRetryCount">3</property>
  <property name="name">Test Cases/TC_Login</property>
  <property name="description"></property>
  <property name="iteration"></property>
  <property name="id">Test Cases/TC_Login</property>
  <property name="source">C:\Users\dimartinez\Katalon Studio\Mercadeo_BDD\Test Cases\TC_Login.tc</property>
  <property name="tag"></property>
  <property name="isOptional">false</property>
  <property name="currentRetryCount">0</property>
</record>
<record>
  <date>2022-11-29T13:31:28</date>
  <millis>1669746688328</millis>
  <sequence>7</sequence>
  <level>START</level>
  <class>com.kms.katalon.core.logging.XmlKeywordLogger</class>
  <method>startKeyword</method>
  <thread>1</thread>
  <message>Start action : runFeatureFile(&amp;quot;Include/features/Login.feature&amp;quot;)</message>
  <nestedLevel>1</nestedLevel>
  <escapedJava>false</escapedJava>
  <property name="startLine">20</property>
  <property name="stepIndex">1</property>
</record>
<record>
  <date>2022-11-29T13:31:28</date>
  <millis>1669746688374</millis>
  <sequence>8</sequence>
  <level>INFO</level>
  <class>com.kms.katalon.core.logging.XmlKeywordLogger</class>
  <method>logMessage</method>
  <thread>1</thread>
  <message>Starting run keyword runFeatureFile: &amp;apos;Include/features/Login.feature&amp;apos; and extract report to folder: &amp;apos;C:\Users\dimartinez\Katalon Studio\Mercadeo_BDD\Reports\20221129_133124\ConsultarAfiliado\20221129_133125/cucumber_report/1669746688365&amp;apos;...</message>
  <nestedLevel>1</nestedLevel>
  <escapedJava>false</escapedJava>
</record>
<record>
  <date>2022-11-29T13:31:29</date>
  <millis>1669746689206</millis>
  <sequence>10</sequence>
  <level>START</level>
  <class>com.kms.katalon.core.logging.XmlKeywordLogger</class>
  <method>startTest</method>
  <thread>1</thread>
  <message>Start Test Case : SCENARIO Validacion inicio sesion con credenciales correctas</message>
  <nestedLevel>2</nestedLevel>
  <escapedJava>false</escapedJava>
  <property name="BDD_TESTCASE_TYPE">scenario</property>
  <property name="BDD_TESTCASE_DESCRIPTION"></property>
  <property name="BDD_TESTCASE_LINE">32</property>
  <property name="BDD_TESTRUN_UUID">3b28bca5-4812-4c13-b9ea-c84680ca9a95</property>
  <property name="BDD_TESTCASE_NAME">Validacion inicio sesion con credenciales correctas</property>
  <property name="BDD_FEATURE_NAME">Iniciar sesi贸n en portal mercadeo</property>
</record>
<record>
  <date>2022-11-29T13:31:29</date>
  <millis>1669746689207</millis>
  <sequence>11</sequence>
  <level>START</level>
  <class>com.kms.katalon.core.logging.XmlKeywordLogger</class>
  <method>startKeyword</method>
  <thread>1</thread>
  <message>Start action : El usuario navega la pagina de inicio de sesion de mercadeo</message>
  <nestedLevel>2</nestedLevel>
  <escapedJava>false</escapedJava>
  <property name="BDD_STEP_LINE">25</property>
  <property name="BDD_STEP_NAME">El usuario navega la pagina de inicio de sesion de mercadeo</property>
  <property name="BDD_STEP_KEYWORD">Given </property>
  <property name="BDD_STEP_UUID">ad43674c-5506-4efb-88dd-42b071fb8eab</property>
</record>
<record>
  <date>2022-11-29T13:31:29</date>
  <millis>1669746689389</millis>
  <sequence>13</sequence>
  <level>INFO</level>
  <class>com.kms.katalon.core.logging.XmlKeywordLogger</class>
  <method>logMessage</method>
  <thread>1</thread>
  <message>Starting &amp;apos;Chrome&amp;apos; driver</message>
  <nestedLevel>2</nestedLevel>
  <escapedJava>false</escapedJava>
</record>
<record>
  <date>2022-11-29T13:31:29</date>
  <millis>1669746689414</millis>
  <sequence>15</sequence>
  <level>INFO</level>
  <class>com.kms.katalon.core.logging.XmlKeywordLogger</class>
  <method>logMessage</method>
  <thread>1</thread>
  <message>Action delay is set to 0 milliseconds</message>
  <nestedLevel>2</nestedLevel>
  <escapedJava>false</escapedJava>
</record>
<record>
  <date>2022-11-29T13:31:31</date>
  <millis>1669746691274</millis>
  <sequence>17</sequence>
  <level>RUN_DATA</level>
  <class>com.kms.katalon.core.logging.XmlKeywordLogger</class>
  <method>logMessage</method>
  <thread>1</thread>
  <message>sessionId = fc29fecd0f5a0ed3cb50a7712ac6a6c2</message>
  <nestedLevel>2</nestedLevel>
  <escapedJava>false</escapedJava>
  <property name="sessionId">fc29fecd0f5a0ed3cb50a7712ac6a6c2</property>
</record>
<record>
  <date>2022-11-29T13:31:31</date>
  <millis>1669746691294</millis>
  <sequence>18</sequence>
  <level>RUN_DATA</level>
  <class>com.kms.katalon.core.logging.XmlKeywordLogger</class>
  <method>logMessage</method>
  <thread>1</thread>
  <message>browser = Chrome 107.0.0.0</message>
  <nestedLevel>2</nestedLevel>
  <escapedJava>false</escapedJava>
  <property name="browser">Chrome 107.0.0.0</property>
</record>
<record>
  <date>2022-11-29T13:31:31</date>
  <millis>1669746691294</millis>
  <sequence>19</sequence>
  <level>RUN_DATA</level>
  <class>com.kms.katalon.core.logging.XmlKeywordLogger</class>
  <method>logMessage</method>
  <thread>1</thread>
  <message>platform = Windows 10</message>
  <nestedLevel>2</nestedLevel>
  <escapedJava>false</escapedJava>
  <property name="platform">Windows 10</property>
</record>
<record>
  <date>2022-11-29T13:31:31</date>
  <millis>1669746691294</millis>
  <sequence>20</sequence>
  <level>RUN_DATA</level>
  <class>com.kms.katalon.core.logging.XmlKeywordLogger</class>
  <method>logMessage</method>
  <thread>1</thread>
  <message>seleniumVersion = 3.141.59</message>
  <nestedLevel>2</nestedLevel>
  <escapedJava>false</escapedJava>
  <property name="seleniumVersion">3.141.59</property>
</record>
<record>
  <date>2022-11-29T13:31:31</date>
  <millis>1669746691295</millis>
  <sequence>21</sequence>
  <level>RUN_DATA</level>
  <class>com.kms.katalon.core.logging.XmlKeywordLogger</class>
  <method>logMessage</method>
  <thread>1</thread>
  <message>proxyInformation = ProxyInformation { proxyOption=NO_PROXY, proxyServerType=HTTP, username=, password=********, proxyServerAddress=, proxyServerPort=0, executionList=&amp;quot;&amp;quot;, isApplyToDesiredCapabilities=true }</message>
  <nestedLevel>2</nestedLevel>
  <escapedJava>false</escapedJava>
  <property name="proxyInformation">ProxyInformation { proxyOption=NO_PROXY, proxyServerType=HTTP, username=, password=********, proxyServerAddress=, proxyServerPort=0, executionList=&quot;&quot;, isApplyToDesiredCapabilities=true }</property>
</record>
<record>
  <date>2022-11-29T13:31:31</date>
  <millis>1669746691324</millis>
  <sequence>22</sequence>
  <level>PASSED</level>
  <class>com.kms.katalon.core.logging.XmlKeywordLogger</class>
  <method>logMessage</method>
  <thread>1</thread>
  <message>Browser is opened with url: &amp;apos;&amp;apos;</message>
  <nestedLevel>2</nestedLevel>
  <escapedJava>false</escapedJava>
  <property name="testops-method-name">com.kms.katalon.core.webui.keyword.builtin.OpenBrowserKeyword.openBrowser</property>
  <property name="testops-execution-stacktrace"></property>
</record>
<record>
  <date>2022-11-29T13:31:42</date>
  <millis>1669746702475</millis>
  <sequence>25</sequence>
  <level>PASSED</level>
  <class>com.kms.katalon.core.logging.XmlKeywordLogger</class>
  <method>logMessage</method>
  <thread>1</thread>
  <message>Navigate to &amp;apos;http://192.168.200.66:12000/#/login&amp;apos; successfully</message>
  <nestedLevel>2</nestedLevel>
  <escapedJava>false</escapedJava>
  <property name="testops-method-name">com.kms.katalon.core.webui.keyword.builtin.NavigateToUrlKeyword.navigateToUrl</property>
  <property name="testops-execution-stacktrace"></property>
</record>
<record>
  <date>2022-11-29T13:31:42</date>
  <millis>1669746702480</millis>
  <sequence>27</sequence>
  <level>PASSED</level>
  <class>com.kms.katalon.core.logging.XmlKeywordLogger</class>
  <method>logMessage</method>
  <thread>1</thread>
  <message>El usuario navega la pagina de inicio de sesion de mercadeo</message>
  <nestedLevel>2</nestedLevel>
  <escapedJava>false</escapedJava>
  <property name="testops-method-name">com.kms.katalon.core.keyword.internal.KeywordMain.runKeyword</property>
  <property name="testops-execution-stacktrace">com.kms.katalon.core.logging.KeywordLogger.logPassed(KeywordLogger.java:338)
com.kms.katalon.core.logging.KeywordLogger.logPassed(KeywordLogger.java:332)
cucumber.runtime.formatter.CucumberReporter.logResult(CucumberReporter.java:487)
cucumber.runtime.formatter.CucumberReporter.handleTestStepFinished(CucumberReporter.java:248)
cucumber.runtime.formatter.CucumberReporter.access$3(CucumberReporter.java:242)
cucumber.runtime.formatter.CucumberReporter$4.receive(CucumberReporter.java:87)
cucumber.runtime.formatter.CucumberReporter$4.receive(CucumberReporter.java:1)
cucumber.runner.EventBus.send(EventBus.java:28)
cucumber.runner.TestStep.run(TestStep.java:60)
cucumber.runner.PickleStepTestStep.run(PickleStepTestStep.java:53)
cucumber.runner.TestCase.run(TestCase.java:47)
cucumber.runner.Runner.runPickle(Runner.java:44)
cucumber.runtime.Runtime.runFeature(Runtime.java:120)
cucumber.runtime.Runtime.run(Runtime.java:106)
cucumber.api.cli.Main.run(Main.java:35)
cucumber.api.cli.Main$run.call(Unknown Source)
com.kms.katalon.core.cucumber.keyword.CucumberBuiltinKeywords$_runFeatureFile_closure1.doCall(CucumberBuiltinKeywords.groovy:108)
com.kms.katalon.core.cucumber.keyword.CucumberBuiltinKeywords$_runFeatureFile_closure1.doCall(CucumberBuiltinKeywords.groovy)
com.kms.katalon.core.keyword.internal.KeywordMain.runKeyword(KeywordMain.groovy:74)
com.kms.katalon.core.keyword.internal.KeywordMain.runKeyword(KeywordMain.groovy:68)
com.kms.katalon.core.keyword.internal.KeywordMain$runKeyword.call(Unknown Source)
com.kms.katalon.core.cucumber.keyword.CucumberBuiltinKeywords.runFeatureFile(CucumberBuiltinKeywords.groovy:75)
com.kms.katalon.core.cucumber.keyword.CucumberBuiltinKeywords$runFeatureFile$0.callStatic(Unknown Source)
com.kms.katalon.core.cucumber.keyword.CucumberBuiltinKeywords.runFeatureFile(CucumberBuiltinKeywords.groovy:248)
com.kms.katalon.core.cucumber.keyword.CucumberBuiltinKeywords$runFeatureFile.call(Unknown Source)
TC_Login.run(TC_Login:20)
</property>
</record>
<record>
  <date>2022-11-29T13:31:42</date>
  <millis>1669746702481</millis>
  <sequence>28</sequence>
  <level>END</level>
  <class>com.kms.katalon.core.logging.XmlKeywordLogger</class>
  <method>endKeyword</method>
  <thread>1</thread>
  <message>End End action : El usuario navega la pagina de inicio de sesion de mercadeo</message>
  <nestedLevel>2</nestedLevel>
  <escapedJava>false</escapedJava>
  <property name="BDD_STEP_DURATION">13269900600</property>
  <property name="BDD_STEP_STATUS">passed</property>
</record>
<record>
  <date>2022-11-29T13:31:42</date>
  <millis>1669746702482</millis>
  <sequence>29</sequence>
  <level>START</level>
  <class>com.kms.katalon.core.logging.XmlKeywordLogger</class>
  <method>startKeyword</method>
  <thread>1</thread>
  <message>Start action : ingresa usuario ldpappsl3 y contrasena r1vjgeft2cxJ7NAvIwi5jQ==</message>
  <nestedLevel>2</nestedLevel>
  <escapedJava>false</escapedJava>
  <property name="BDD_STEP_LINE">26</property>
  <property name="BDD_STEP_NAME">ingresa usuario ldpappsl3 y contrasena r1vjgeft2cxJ7NAvIwi5jQ==</property>
  <property name="BDD_STEP_KEYWORD">When </property>
  <property name="BDD_STEP_UUID">03c6e265-b679-4dd3-9259-11f8c89ba40c</property>
</record>
<record>
  <date>2022-11-29T13:31:43</date>
  <millis>1669746703567</millis>
  <sequence>45</sequence>
  <level>PASSED</level>
  <class>com.kms.katalon.core.logging.XmlKeywordLogger</class>
  <method>logMessage</method>
  <thread>1</thread>
  <message>Text &amp;apos;ldpappsl3&amp;apos; is set on object &amp;apos;Object Repository/Vtn_InicioSesion/txt_Username&amp;apos;</message>
  <nestedLevel>2</nestedLevel>
  <escapedJava>false</escapedJava>
  <property name="testops-method-name">com.kms.katalon.core.webui.keyword.builtin.SetTextKeyword.setText</property>
  <property name="testops-execution-stacktrace"></property>
</record>
<record>
  <date>2022-11-29T13:31:44</date>
  <millis>1669746704159</millis>
  <sequence>56</sequence>
  <level>PASSED</level>
  <class>com.kms.katalon.core.logging.XmlKeywordLogger</class>
  <method>logMessage</method>
  <thread>1</thread>
  <message>Text ****** has been set on object &amp;apos;Object Repository/Vtn_InicioSesion/txt_Password&amp;apos;</message>
  <nestedLevel>2</nestedLevel>
  <escapedJava>false</escapedJava>
  <property name="testops-method-name">com.kms.katalon.core.webui.keyword.builtin.SetEncryptedTextKeyword.setEncryptedText</property>
  <property name="testops-execution-stacktrace"></property>
</record>
<record>
  <date>2022-11-29T13:31:44</date>
  <millis>1669746704160</millis>
  <sequence>58</sequence>
  <level>PASSED</level>
  <class>com.kms.katalon.core.logging.XmlKeywordLogger</class>
  <method>logMessage</method>
  <thread>1</thread>
  <message>ingresa usuario ldpappsl3 y contrasena r1vjgeft2cxJ7NAvIwi5jQ==</message>
  <nestedLevel>2</nestedLevel>
  <escapedJava>false</escapedJava>
  <property name="testops-method-name">com.kms.katalon.core.keyword.internal.KeywordMain.runKeyword</property>
  <property name="testops-execution-stacktrace">com.kms.katalon.core.logging.KeywordLogger.logPassed(KeywordLogger.java:338)
com.kms.katalon.core.logging.KeywordLogger.logPassed(KeywordLogger.java:332)
cucumber.runtime.formatter.CucumberReporter.logResult(CucumberReporter.java:487)
cucumber.runtime.formatter.CucumberReporter.handleTestStepFinished(CucumberReporter.java:248)
cucumber.runtime.formatter.CucumberReporter.access$3(CucumberReporter.java:242)
cucumber.runtime.formatter.CucumberReporter$4.receive(CucumberReporter.java:87)
cucumber.runtime.formatter.CucumberReporter$4.receive(CucumberReporter.java:1)
cucumber.runner.EventBus.send(EventBus.java:28)
cucumber.runner.TestStep.run(TestStep.java:60)
cucumber.runner.PickleStepTestStep.run(PickleStepTestStep.java:53)
cucumber.runner.TestCase.run(TestCase.java:47)
cucumber.runner.Runner.runPickle(Runner.java:44)
cucumber.runtime.Runtime.runFeature(Runtime.java:120)
cucumber.runtime.Runtime.run(Runtime.java:106)
cucumber.api.cli.Main.run(Main.java:35)
cucumber.api.cli.Main$run.call(Unknown Source)
com.kms.katalon.core.cucumber.keyword.CucumberBuiltinKeywords$_runFeatureFile_closure1.doCall(CucumberBuiltinKeywords.groovy:108)
com.kms.katalon.core.cucumber.keyword.CucumberBuiltinKeywords$_runFeatureFile_closure1.doCall(CucumberBuiltinKeywords.groovy)
com.kms.katalon.core.keyword.internal.KeywordMain.runKeyword(KeywordMain.groovy:74)
com.kms.katalon.core.keyword.internal.KeywordMain.runKeyword(KeywordMain.groovy:68)
com.kms.katalon.core.keyword.internal.KeywordMain$runKeyword.call(Unknown Source)
com.kms.katalon.core.cucumber.keyword.CucumberBuiltinKeywords.runFeatureFile(CucumberBuiltinKeywords.groovy:75)
com.kms.katalon.core.cucumber.keyword.CucumberBuiltinKeywords$runFeatureFile$0.callStatic(Unknown Source)
com.kms.katalon.core.cucumber.keyword.CucumberBuiltinKeywords.runFeatureFile(CucumberBuiltinKeywords.groovy:248)
com.kms.katalon.core.cucumber.keyword.CucumberBuiltinKeywords$runFeatureFile.call(Unknown Source)
TC_Login.run(TC_Login:20)
</property>
</record>
<record>
  <date>2022-11-29T13:31:44</date>
  <millis>1669746704161</millis>
  <sequence>59</sequence>
  <level>END</level>
  <class>com.kms.katalon.core.logging.XmlKeywordLogger</class>
  <method>endKeyword</method>
  <thread>1</thread>
  <message>End End action : ingresa usuario ldpappsl3 y contrasena r1vjgeft2cxJ7NAvIwi5jQ==</message>
  <nestedLevel>2</nestedLevel>
  <escapedJava>false</escapedJava>
  <property name="BDD_STEP_DURATION">1678073300</property>
  <property name="BDD_STEP_STATUS">passed</property>
</record>
<record>
  <date>2022-11-29T13:31:44</date>
  <millis>1669746704162</millis>
  <sequence>60</sequence>
  <level>START</level>
  <class>com.kms.katalon.core.logging.XmlKeywordLogger</class>
  <method>startKeyword</method>
  <thread>1</thread>
  <message>Start action : Clic sobre el boton ingresar</message>
  <nestedLevel>2</nestedLevel>
  <escapedJava>false</escapedJava>
  <property name="BDD_STEP_LINE">27</property>
  <property name="BDD_STEP_NAME">Clic sobre el boton ingresar</property>
  <property name="BDD_STEP_KEYWORD">And </property>
  <property name="BDD_STEP_UUID">c2b14020-53d2-48ad-b8da-bc495051a8c0</property>
</record>
<record>
  <date>2022-11-29T13:31:44</date>
  <millis>1669746704877</millis>
  <sequence>70</sequence>
  <level>PASSED</level>
  <class>com.kms.katalon.core.logging.XmlKeywordLogger</class>
  <method>logMessage</method>
  <thread>1</thread>
  <message>Object: &amp;apos;Object Repository/Vtn_InicioSesion/btn_Ingresar&amp;apos; is clicked on</message>
  <nestedLevel>2</nestedLevel>
  <escapedJava>false</escapedJava>
  <property name="testops-method-name">com.kms.katalon.core.webui.keyword.builtin.ClickKeyword.click</property>
  <property name="testops-execution-stacktrace"></property>
</record>
<record>
  <date>2022-11-29T13:31:44</date>
  <millis>1669746704878</millis>
  <sequence>72</sequence>
  <level>PASSED</level>
  <class>com.kms.katalon.core.logging.XmlKeywordLogger</class>
  <method>logMessage</method>
  <thread>1</thread>
  <message>Clic sobre el boton ingresar</message>
  <nestedLevel>2</nestedLevel>
  <escapedJava>false</escapedJava>
  <property name="testops-method-name">com.kms.katalon.core.keyword.internal.KeywordMain.runKeyword</property>
  <property name="testops-execution-stacktrace">com.kms.katalon.core.logging.KeywordLogger.logPassed(KeywordLogger.java:338)
com.kms.katalon.core.logging.KeywordLogger.logPassed(KeywordLogger.java:332)
cucumber.runtime.formatter.CucumberReporter.logResult(CucumberReporter.java:487)
cucumber.runtime.formatter.CucumberReporter.handleTestStepFinished(CucumberReporter.java:248)
cucumber.runtime.formatter.CucumberReporter.access$3(CucumberReporter.java:242)
cucumber.runtime.formatter.CucumberReporter$4.receive(CucumberReporter.java:87)
cucumber.runtime.formatter.CucumberReporter$4.receive(CucumberReporter.java:1)
cucumber.runner.EventBus.send(EventBus.java:28)
cucumber.runner.TestStep.run(TestStep.java:60)
cucumber.runner.PickleStepTestStep.run(PickleStepTestStep.java:53)
cucumber.runner.TestCase.run(TestCase.java:47)
cucumber.runner.Runner.runPickle(Runner.java:44)
cucumber.runtime.Runtime.runFeature(Runtime.java:120)
cucumber.runtime.Runtime.run(Runtime.java:106)
cucumber.api.cli.Main.run(Main.java:35)
cucumber.api.cli.Main$run.call(Unknown Source)
com.kms.katalon.core.cucumber.keyword.CucumberBuiltinKeywords$_runFeatureFile_closure1.doCall(CucumberBuiltinKeywords.groovy:108)
com.kms.katalon.core.cucumber.keyword.CucumberBuiltinKeywords$_runFeatureFile_closure1.doCall(CucumberBuiltinKeywords.groovy)
com.kms.katalon.core.keyword.internal.KeywordMain.runKeyword(KeywordMain.groovy:74)
com.kms.katalon.core.keyword.internal.KeywordMain.runKeyword(KeywordMain.groovy:68)
com.kms.katalon.core.keyword.internal.KeywordMain$runKeyword.call(Unknown Source)
com.kms.katalon.core.cucumber.keyword.CucumberBuiltinKeywords.runFeatureFile(CucumberBuiltinKeywords.groovy:75)
com.kms.katalon.core.cucumber.keyword.CucumberBuiltinKeywords$runFeatureFile$0.callStatic(Unknown Source)
com.kms.katalon.core.cucumber.keyword.CucumberBuiltinKeywords.runFeatureFile(CucumberBuiltinKeywords.groovy:248)
com.kms.katalon.core.cucumber.keyword.CucumberBuiltinKeywords$runFeatureFile.call(Unknown Source)
TC_Login.run(TC_Login:20)
</property>
</record>
<record>
  <date>2022-11-29T13:31:44</date>
  <millis>1669746704879</millis>
  <sequence>73</sequence>
  <level>END</level>
  <class>com.kms.katalon.core.logging.XmlKeywordLogger</class>
  <method>endKeyword</method>
  <thread>1</thread>
  <message>End End action : Clic sobre el boton ingresar</message>
  <nestedLevel>2</nestedLevel>
  <escapedJava>false</escapedJava>
  <property name="BDD_STEP_DURATION">716460200</property>
  <property name="BDD_STEP_STATUS">passed</property>
</record>
<record>
  <date>2022-11-29T13:31:44</date>
  <millis>1669746704879</millis>
  <sequence>74</sequence>
  <level>START</level>
  <class>com.kms.katalon.core.logging.XmlKeywordLogger</class>
  <method>startKeyword</method>
  <thread>1</thread>
  <message>Start action : el sistema verifica el status</message>
  <nestedLevel>2</nestedLevel>
  <escapedJava>false</escapedJava>
  <property name="BDD_STEP_LINE">28</property>
  <property name="BDD_STEP_NAME">el sistema verifica el status</property>
  <property name="BDD_STEP_KEYWORD">Then </property>
  <property name="BDD_STEP_UUID">253c6168-0511-4847-a848-675f10857f51</property>
</record>
<record>
  <date>2022-11-29T13:31:44</date>
  <millis>1669746704880</millis>
  <sequence>76</sequence>
  <level>PASSED</level>
  <class>com.kms.katalon.core.logging.XmlKeywordLogger</class>
  <method>logMessage</method>
  <thread>1</thread>
  <message>el sistema verifica el status</message>
  <nestedLevel>2</nestedLevel>
  <escapedJava>false</escapedJava>
  <property name="testops-method-name">com.kms.katalon.core.keyword.internal.KeywordMain.runKeyword</property>
  <property name="testops-execution-stacktrace">com.kms.katalon.core.logging.KeywordLogger.logPassed(KeywordLogger.java:338)
com.kms.katalon.core.logging.KeywordLogger.logPassed(KeywordLogger.java:332)
cucumber.runtime.formatter.CucumberReporter.logResult(CucumberReporter.java:487)
cucumber.runtime.formatter.CucumberReporter.handleTestStepFinished(CucumberReporter.java:248)
cucumber.runtime.formatter.CucumberReporter.access$3(CucumberReporter.java:242)
cucumber.runtime.formatter.CucumberReporter$4.receive(CucumberReporter.java:87)
cucumber.runtime.formatter.CucumberReporter$4.receive(CucumberReporter.java:1)
cucumber.runner.EventBus.send(EventBus.java:28)
cucumber.runner.TestStep.run(TestStep.java:60)
cucumber.runner.PickleStepTestStep.run(PickleStepTestStep.java:53)
cucumber.runner.TestCase.run(TestCase.java:47)
cucumber.runner.Runner.runPickle(Runner.java:44)
cucumber.runtime.Runtime.runFeature(Runtime.java:120)
cucumber.runtime.Runtime.run(Runtime.java:106)
cucumber.api.cli.Main.run(Main.java:35)
cucumber.api.cli.Main$run.call(Unknown Source)
com.kms.katalon.core.cucumber.keyword.CucumberBuiltinKeywords$_runFeatureFile_closure1.doCall(CucumberBuiltinKeywords.groovy:108)
com.kms.katalon.core.cucumber.keyword.CucumberBuiltinKeywords$_runFeatureFile_closure1.doCall(CucumberBuiltinKeywords.groovy)
com.kms.katalon.core.keyword.internal.KeywordMain.runKeyword(KeywordMain.groovy:74)
com.kms.katalon.core.keyword.internal.KeywordMain.runKeyword(KeywordMain.groovy:68)
com.kms.katalon.core.keyword.internal.KeywordMain$runKeyword.call(Unknown Source)
com.kms.katalon.core.cucumber.keyword.CucumberBuiltinKeywords.runFeatureFile(CucumberBuiltinKeywords.groovy:75)
com.kms.katalon.core.cucumber.keyword.CucumberBuiltinKeywords$runFeatureFile$0.callStatic(Unknown Source)
com.kms.katalon.core.cucumber.keyword.CucumberBuiltinKeywords.runFeatureFile(CucumberBuiltinKeywords.groovy:248)
com.kms.katalon.core.cucumber.keyword.CucumberBuiltinKeywords$runFeatureFile.call(Unknown Source)
TC_Login.run(TC_Login:20)
</property>
</record>
<record>
  <date>2022-11-29T13:31:44</date>
  <millis>1669746704881</millis>
  <sequence>77</sequence>
  <level>END</level>
  <class>com.kms.katalon.core.logging.XmlKeywordLogger</class>
  <method>endKeyword</method>
  <thread>1</thread>
  <message>End End action : el sistema verifica el status</message>
  <nestedLevel>2</nestedLevel>
  <escapedJava>false</escapedJava>
  <property name="BDD_STEP_DURATION">844700</property>
  <property name="BDD_STEP_STATUS">passed</property>
</record>
<record>
  <date>2022-11-29T13:31:44</date>
  <millis>1669746704885</millis>
  <sequence>79</sequence>
  <level>PASSED</level>
  <class>com.kms.katalon.core.logging.XmlKeywordLogger</class>
  <method>logMessage</method>
  <thread>1</thread>
  <message>SCENARIO Validacion inicio sesion con credenciales correctas</message>
  <nestedLevel>2</nestedLevel>
  <escapedJava>false</escapedJava>
  <property name="testops-method-name">com.kms.katalon.core.keyword.internal.KeywordMain.runKeyword</property>
  <property name="testops-execution-stacktrace">com.kms.katalon.core.logging.KeywordLogger.logPassed(KeywordLogger.java:338)
com.kms.katalon.core.logging.KeywordLogger.logPassed(KeywordLogger.java:332)
cucumber.runtime.formatter.CucumberReporter.logResult(CucumberReporter.java:487)
cucumber.runtime.formatter.CucumberReporter.access$8(CucumberReporter.java:484)
cucumber.runtime.formatter.CucumberReporter$8.receive(CucumberReporter.java:130)
cucumber.runtime.formatter.CucumberReporter$8.receive(CucumberReporter.java:1)
cucumber.runner.EventBus.send(EventBus.java:28)
cucumber.runner.TestCase.run(TestCase.java:58)
cucumber.runner.Runner.runPickle(Runner.java:44)
cucumber.runtime.Runtime.runFeature(Runtime.java:120)
cucumber.runtime.Runtime.run(Runtime.java:106)
cucumber.api.cli.Main.run(Main.java:35)
cucumber.api.cli.Main$run.call(Unknown Source)
com.kms.katalon.core.cucumber.keyword.CucumberBuiltinKeywords$_runFeatureFile_closure1.doCall(CucumberBuiltinKeywords.groovy:108)
com.kms.katalon.core.cucumber.keyword.CucumberBuiltinKeywords$_runFeatureFile_closure1.doCall(CucumberBuiltinKeywords.groovy)
com.kms.katalon.core.keyword.internal.KeywordMain.runKeyword(KeywordMain.groovy:74)
com.kms.katalon.core.keyword.internal.KeywordMain.runKeyword(KeywordMain.groovy:68)
com.kms.katalon.core.keyword.internal.KeywordMain$runKeyword.call(Unknown Source)
com.kms.katalon.core.cucumber.keyword.CucumberBuiltinKeywords.runFeatureFile(CucumberBuiltinKeywords.groovy:75)
com.kms.katalon.core.cucumber.keyword.CucumberBuiltinKeywords$runFeatureFile$0.callStatic(Unknown Source)
com.kms.katalon.core.cucumber.keyword.CucumberBuiltinKeywords.runFeatureFile(CucumberBuiltinKeywords.groovy:248)
com.kms.katalon.core.cucumber.keyword.CucumberBuiltinKeywords$runFeatureFile.call(Unknown Source)
TC_Login.run(TC_Login:20)
</property>
</record>
<record>
  <date>2022-11-29T13:31:44</date>
  <millis>1669746704885</millis>
  <sequence>80</sequence>
  <level>END</level>
  <class>com.kms.katalon.core.logging.XmlKeywordLogger</class>
  <method>endTest</method>
  <thread>1</thread>
  <message>End Test Case : SCENARIO Validacion inicio sesion con credenciales correctas</message>
  <nestedLevel>1</nestedLevel>
  <escapedJava>false</escapedJava>
</record>
<record>
  <date>2022-11-29T13:31:44</date>
  <millis>1669746704967</millis>
  <sequence>82</sequence>
  <level>PASSED</level>
  <class>com.kms.katalon.core.logging.XmlKeywordLogger</class>
  <method>logMessage</method>
  <thread>1</thread>
  <message>Feature file: &amp;apos;Include/features/Login.feature&amp;apos; was passed</message>
  <nestedLevel>1</nestedLevel>
  <escapedJava>false</escapedJava>
  <property name="testops-method-name">com.kms.katalon.core.keyword.internal.KeywordMain.runKeyword</property>
  <property name="testops-execution-stacktrace">com.kms.katalon.core.logging.KeywordLogger.logPassed(KeywordLogger.java:338)
com.kms.katalon.core.logging.KeywordLogger.logPassed(KeywordLogger.java:332)
com.kms.katalon.core.logging.KeywordLogger$logPassed$2.call(Unknown Source)
com.kms.katalon.core.cucumber.keyword.CucumberBuiltinKeywords$_runFeatureFile_closure1.doCall(CucumberBuiltinKeywords.groovy:112)
com.kms.katalon.core.cucumber.keyword.CucumberBuiltinKeywords$_runFeatureFile_closure1.doCall(CucumberBuiltinKeywords.groovy)
com.kms.katalon.core.keyword.internal.KeywordMain.runKeyword(KeywordMain.groovy:74)
com.kms.katalon.core.keyword.internal.KeywordMain.runKeyword(KeywordMain.groovy:68)
com.kms.katalon.core.keyword.internal.KeywordMain$runKeyword.call(Unknown Source)
com.kms.katalon.core.cucumber.keyword.CucumberBuiltinKeywords.runFeatureFile(CucumberBuiltinKeywords.groovy:75)
com.kms.katalon.core.cucumber.keyword.CucumberBuiltinKeywords$runFeatureFile$0.callStatic(Unknown Source)
com.kms.katalon.core.cucumber.keyword.CucumberBuiltinKeywords.runFeatureFile(CucumberBuiltinKeywords.groovy:248)
com.kms.katalon.core.cucumber.keyword.CucumberBuiltinKeywords$runFeatureFile.call(Unknown Source)
TC_Login.run(TC_Login:20)
</property>
</record>
<record>
  <date>2022-11-29T13:31:44</date>
  <millis>1669746704967</millis>
  <sequence>83</sequence>
  <level>END</level>
  <class>com.kms.katalon.core.logging.XmlKeywordLogger</class>
  <method>endKeyword</method>
  <thread>1</thread>
  <message>End action : runFeatureFile(&amp;quot;Include/features/Login.feature&amp;quot;)</message>
  <nestedLevel>1</nestedLevel>
  <escapedJava>false</escapedJava>
</record>
<record>
  <date>2022-11-29T13:31:44</date>
  <millis>1669746704968</millis>
  <sequence>84</sequence>
  <level>PASSED</level>
  <class>com.kms.katalon.core.logging.XmlKeywordLogger</class>
  <method>logMessage</method>
  <thread>1</thread>
  <message>Test Cases/TC_Login</message>
  <nestedLevel>1</nestedLevel>
  <escapedJava>false</escapedJava>
</record>
<record>
  <date>2022-11-29T13:31:44</date>
  <millis>1669746704968</millis>
  <sequence>85</sequence>
  <level>END</level>
  <class>com.kms.katalon.core.logging.XmlKeywordLogger</class>
  <method>endTest</method>
  <thread>1</thread>
  <message>End Test Case : Test Cases/TC_Login</message>
  <nestedLevel>0</nestedLevel>
  <escapedJava>false</escapedJava>
  <property name="executionBindingVariables">[]</property>
  <property name="applitools">false</property>
  <property name="remainingRetryCount">3</property>
  <property name="currentRetryCount">0</property>
  <property name="keywordsUsage">{
  &quot;web_ui&quot;: true,
  &quot;web_service&quot;: false,
  &quot;cucumber&quot;: true,
  &quot;builtin&quot;: false,
  &quot;mobile&quot;: false,
  &quot;windows&quot;: false,
  &quot;testng&quot;: false
}</property>
</record>
<record>
  <date>2022-11-29T13:31:44</date>
  <millis>1669746704976</millis>
  <sequence>86</sequence>
  <level>START</level>
  <class>com.kms.katalon.core.logging.XmlKeywordLogger</class>
  <method>startTest</method>
  <thread>1</thread>
  <message>Start Test Case : Test Cases/TC_ConsultarAfiliado</message>
  <nestedLevel>1</nestedLevel>
  <escapedJava>false</escapedJava>
  <property name="remainingRetryCount">3</property>
  <property name="name">Test Cases/TC_ConsultarAfiliado</property>
  <property name="description"></property>
  <property name="iteration"></property>
  <property name="id">Test Cases/TC_ConsultarAfiliado</property>
  <property name="source">C:\Users\dimartinez\Katalon Studio\Mercadeo_BDD\Test Cases\TC_ConsultarAfiliado.tc</property>
  <property name="tag"></property>
  <property name="isOptional">false</property>
  <property name="currentRetryCount">0</property>
</record>
<record>
  <date>2022-11-29T13:31:45</date>
  <millis>1669746705226</millis>
  <sequence>88</sequence>
  <level>START</level>
  <class>com.kms.katalon.core.logging.XmlKeywordLogger</class>
  <method>startKeyword</method>
  <thread>1</thread>
  <message>Start action : runFeatureFile(&amp;quot;Include/features/ConsultarAfiliado.feature&amp;quot;)</message>
  <nestedLevel>1</nestedLevel>
  <escapedJava>false</escapedJava>
  <property name="startLine">20</property>
  <property name="stepIndex">1</property>
</record>
<record>
  <date>2022-11-29T13:31:45</date>
  <millis>1669746705228</millis>
  <sequence>89</sequence>
  <level>INFO</level>
  <class>com.kms.katalon.core.logging.XmlKeywordLogger</class>
  <method>logMessage</method>
  <thread>1</thread>
  <message>Starting run keyword runFeatureFile: &amp;apos;Include/features/ConsultarAfiliado.feature&amp;apos; and extract report to folder: &amp;apos;C:\Users\dimartinez\Katalon Studio\Mercadeo_BDD\Reports\20221129_133124\ConsultarAfiliado\20221129_133125/cucumber_report/1669746705228&amp;apos;...</message>
  <nestedLevel>1</nestedLevel>
  <escapedJava>false</escapedJava>
</record>
<record>
  <date>2022-11-29T13:31:45</date>
  <millis>1669746705544</millis>
  <sequence>91</sequence>
  <level>START</level>
  <class>com.kms.katalon.core.logging.XmlKeywordLogger</class>
  <method>startTest</method>
  <thread>1</thread>
  <message>Start Test Case : SCENARIO Title of your scenario outline</message>
  <nestedLevel>2</nestedLevel>
  <escapedJava>false</escapedJava>
  <property name="BDD_TESTCASE_TYPE">scenario</property>
  <property name="BDD_TESTCASE_DESCRIPTION"></property>
  <property name="BDD_TESTCASE_LINE">32</property>
  <property name="BDD_TESTRUN_UUID">c95c6032-08b2-4de6-8c85-aec99944a9ca</property>
  <property name="BDD_TESTCASE_NAME">Title of your scenario outline</property>
  <property name="BDD_FEATURE_NAME">Consultar Afiliado</property>
</record>
<record>
  <date>2022-11-29T13:31:45</date>
  <millis>1669746705545</millis>
  <sequence>92</sequence>
  <level>START</level>
  <class>com.kms.katalon.core.logging.XmlKeywordLogger</class>
  <method>startKeyword</method>
  <thread>1</thread>
  <message>Start action : El usuario navega la pagina de consulta de Afiliado</message>
  <nestedLevel>2</nestedLevel>
  <escapedJava>false</escapedJava>
  <property name="BDD_STEP_LINE">25</property>
  <property name="BDD_STEP_NAME">El usuario navega la pagina de consulta de Afiliado</property>
  <property name="BDD_STEP_KEYWORD">Given </property>
  <property name="BDD_STEP_UUID">f2624c35-369a-4c4a-9745-f65ddeafc4d7</property>
</record>
<record>
  <date>2022-11-29T13:31:45</date>
  <millis>1669746705552</millis>
  <sequence>94</sequence>
  <level>PASSED</level>
  <class>com.kms.katalon.core.logging.XmlKeywordLogger</class>
  <method>logMessage</method>
  <thread>1</thread>
  <message>El usuario navega la pagina de consulta de Afiliado</message>
  <nestedLevel>2</nestedLevel>
  <escapedJava>false</escapedJava>
  <property name="testops-method-name">com.kms.katalon.core.keyword.internal.KeywordMain.runKeyword</property>
  <property name="testops-execution-stacktrace">com.kms.katalon.core.logging.KeywordLogger.logPassed(KeywordLogger.java:338)
com.kms.katalon.core.logging.KeywordLogger.logPassed(KeywordLogger.java:332)
cucumber.runtime.formatter.CucumberReporter.logResult(CucumberReporter.java:487)
cucumber.runtime.formatter.CucumberReporter.handleTestStepFinished(CucumberReporter.java:248)
cucumber.runtime.formatter.CucumberReporter.access$3(CucumberReporter.java:242)
cucumber.runtime.formatter.CucumberReporter$4.receive(CucumberReporter.java:87)
cucumber.runtime.formatter.CucumberReporter$4.receive(CucumberReporter.java:1)
cucumber.runner.EventBus.send(EventBus.java:28)
cucumber.runner.TestStep.run(TestStep.java:60)
cucumber.runner.PickleStepTestStep.run(PickleStepTestStep.java:53)
cucumber.runner.TestCase.run(TestCase.java:47)
cucumber.runner.Runner.runPickle(Runner.java:44)
cucumber.runtime.Runtime.runFeature(Runtime.java:120)
cucumber.runtime.Runtime.run(Runtime.java:106)
cucumber.api.cli.Main.run(Main.java:35)
cucumber.api.cli.Main$run.call(Unknown Source)
com.kms.katalon.core.cucumber.keyword.CucumberBuiltinKeywords$_runFeatureFile_closure1.doCall(CucumberBuiltinKeywords.groovy:108)
com.kms.katalon.core.cucumber.keyword.CucumberBuiltinKeywords$_runFeatureFile_closure1.doCall(CucumberBuiltinKeywords.groovy)
com.kms.katalon.core.keyword.internal.KeywordMain.runKeyword(KeywordMain.groovy:74)
com.kms.katalon.core.keyword.internal.KeywordMain.runKeyword(KeywordMain.groovy:68)
com.kms.katalon.core.keyword.internal.KeywordMain$runKeyword.call(Unknown Source)
com.kms.katalon.core.cucumber.keyword.CucumberBuiltinKeywords.runFeatureFile(CucumberBuiltinKeywords.groovy:75)
com.kms.katalon.core.cucumber.keyword.CucumberBuiltinKeywords$runFeatureFile$0.callStatic(Unknown Source)
com.kms.katalon.core.cucumber.keyword.CucumberBuiltinKeywords.runFeatureFile(CucumberBuiltinKeywords.groovy:248)
com.kms.katalon.core.cucumber.keyword.CucumberBuiltinKeywords$runFeatureFile.call(Unknown Source)
TC_ConsultarAfiliado.run(TC_ConsultarAfiliado:20)
</property>
</record>
<record>
  <date>2022-11-29T13:31:45</date>
  <millis>1669746705552</millis>
  <sequence>95</sequence>
  <level>END</level>
  <class>com.kms.katalon.core.logging.XmlKeywordLogger</class>
  <method>endKeyword</method>
  <thread>1</thread>
  <message>End End action : El usuario navega la pagina de consulta de Afiliado</message>
  <nestedLevel>2</nestedLevel>
  <escapedJava>false</escapedJava>
  <property name="BDD_STEP_DURATION">6846700</property>
  <property name="BDD_STEP_STATUS">passed</property>
</record>
<record>
  <date>2022-11-29T13:31:45</date>
  <millis>1669746705553</millis>
  <sequence>96</sequence>
  <level>START</level>
  <class>com.kms.katalon.core.logging.XmlKeywordLogger</class>
  <method>startKeyword</method>
  <thread>1</thread>
  <message>Start action : ingresa el numero de documento 1007740082</message>
  <nestedLevel>2</nestedLevel>
  <escapedJava>false</escapedJava>
  <property name="BDD_STEP_LINE">26</property>
  <property name="BDD_STEP_NAME">ingresa el numero de documento 1007740082</property>
  <property name="BDD_STEP_KEYWORD">When </property>
  <property name="BDD_STEP_UUID">fd0956bb-d9ce-4ca7-858a-315407734160</property>
</record>
<record>
  <date>2022-11-29T13:31:47</date>
  <millis>1669746707810</millis>
  <sequence>113</sequence>
  <level>PASSED</level>
  <class>com.kms.katalon.core.logging.XmlKeywordLogger</class>
  <method>logMessage</method>
  <thread>1</thread>
  <message>Text &amp;apos;1007740082&amp;apos; is set on object &amp;apos;Object Repository/Vtn_ConsultarAfiliado/txt_NroDoc&amp;apos;</message>
  <nestedLevel>2</nestedLevel>
  <escapedJava>false</escapedJava>
  <property name="testops-method-name">com.kms.katalon.core.webui.keyword.builtin.SetTextKeyword.setText</property>
  <property name="testops-execution-stacktrace"></property>
</record>
<record>
  <date>2022-11-29T13:31:47</date>
  <millis>1669746707811</millis>
  <sequence>115</sequence>
  <level>PASSED</level>
  <class>com.kms.katalon.core.logging.XmlKeywordLogger</class>
  <method>logMessage</method>
  <thread>1</thread>
  <message>ingresa el numero de documento 1007740082</message>
  <nestedLevel>2</nestedLevel>
  <escapedJava>false</escapedJava>
  <property name="testops-method-name">com.kms.katalon.core.keyword.internal.KeywordMain.runKeyword</property>
  <property name="testops-execution-stacktrace">com.kms.katalon.core.logging.KeywordLogger.logPassed(KeywordLogger.java:338)
com.kms.katalon.core.logging.KeywordLogger.logPassed(KeywordLogger.java:332)
cucumber.runtime.formatter.CucumberReporter.logResult(CucumberReporter.java:487)
cucumber.runtime.formatter.CucumberReporter.handleTestStepFinished(CucumberReporter.java:248)
cucumber.runtime.formatter.CucumberReporter.access$3(CucumberReporter.java:242)
cucumber.runtime.formatter.CucumberReporter$4.receive(CucumberReporter.java:87)
cucumber.runtime.formatter.CucumberReporter$4.receive(CucumberReporter.java:1)
cucumber.runner.EventBus.send(EventBus.java:28)
cucumber.runner.TestStep.run(TestStep.java:60)
cucumber.runner.PickleStepTestStep.run(PickleStepTestStep.java:53)
cucumber.runner.TestCase.run(TestCase.java:47)
cucumber.runner.Runner.runPickle(Runner.java:44)
cucumber.runtime.Runtime.runFeature(Runtime.java:120)
cucumber.runtime.Runtime.run(Runtime.java:106)
cucumber.api.cli.Main.run(Main.java:35)
cucumber.api.cli.Main$run.call(Unknown Source)
com.kms.katalon.core.cucumber.keyword.CucumberBuiltinKeywords$_runFeatureFile_closure1.doCall(CucumberBuiltinKeywords.groovy:108)
com.kms.katalon.core.cucumber.keyword.CucumberBuiltinKeywords$_runFeatureFile_closure1.doCall(CucumberBuiltinKeywords.groovy)
com.kms.katalon.core.keyword.internal.KeywordMain.runKeyword(KeywordMain.groovy:74)
com.kms.katalon.core.keyword.internal.KeywordMain.runKeyword(KeywordMain.groovy:68)
com.kms.katalon.core.keyword.internal.KeywordMain$runKeyword.call(Unknown Source)
com.kms.katalon.core.cucumber.keyword.CucumberBuiltinKeywords.runFeatureFile(CucumberBuiltinKeywords.groovy:75)
com.kms.katalon.core.cucumber.keyword.CucumberBuiltinKeywords$runFeatureFile$0.callStatic(Unknown Source)
com.kms.katalon.core.cucumber.keyword.CucumberBuiltinKeywords.runFeatureFile(CucumberBuiltinKeywords.groovy:248)
com.kms.katalon.core.cucumber.keyword.CucumberBuiltinKeywords$runFeatureFile.call(Unknown Source)
TC_ConsultarAfiliado.run(TC_ConsultarAfiliado:20)
</property>
</record>
<record>
  <date>2022-11-29T13:31:47</date>
  <millis>1669746707811</millis>
  <sequence>116</sequence>
  <level>END</level>
  <class>com.kms.katalon.core.logging.XmlKeywordLogger</class>
  <method>endKeyword</method>
  <thread>1</thread>
  <message>End End action : ingresa el numero de documento 1007740082</message>
  <nestedLevel>2</nestedLevel>
  <escapedJava>false</escapedJava>
  <property name="BDD_STEP_DURATION">2257221800</property>
  <property name="BDD_STEP_STATUS">passed</property>
</record>
<record>
  <date>2022-11-29T13:31:47</date>
  <millis>1669746707811</millis>
  <sequence>117</sequence>
  <level>START</level>
  <class>com.kms.katalon.core.logging.XmlKeywordLogger</class>
  <method>startKeyword</method>
  <thread>1</thread>
  <message>Start action : clic sobre el boton buscarAfiliado</message>
  <nestedLevel>2</nestedLevel>
  <escapedJava>false</escapedJava>
  <property name="BDD_STEP_LINE">27</property>
  <property name="BDD_STEP_NAME">clic sobre el boton buscarAfiliado</property>
  <property name="BDD_STEP_KEYWORD">And </property>
  <property name="BDD_STEP_UUID">a47594aa-8b70-4dc2-8402-b8cffd5fbf5d</property>
</record>
<record>
  <date>2022-11-29T13:33:32</date>
  <millis>1669746812183</millis>
  <sequence>127</sequence>
  <level>PASSED</level>
  <class>com.kms.katalon.core.logging.XmlKeywordLogger</class>
  <method>logMessage</method>
  <thread>1</thread>
  <message>Object: &amp;apos;Object Repository/Vtn_ConsultarAfiliado/btn_BuscarAfiliado&amp;apos; is clicked on</message>
  <nestedLevel>2</nestedLevel>
  <escapedJava>false</escapedJava>
  <property name="testops-method-name">com.kms.katalon.core.webui.keyword.builtin.ClickKeyword.click</property>
  <property name="testops-execution-stacktrace"></property>
</record>
<record>
  <date>2022-11-29T13:33:32</date>
  <millis>1669746812184</millis>
  <sequence>129</sequence>
  <level>PASSED</level>
  <class>com.kms.katalon.core.logging.XmlKeywordLogger</class>
  <method>logMessage</method>
  <thread>1</thread>
  <message>clic sobre el boton buscarAfiliado</message>
  <nestedLevel>2</nestedLevel>
  <escapedJava>false</escapedJava>
  <property name="testops-method-name">com.kms.katalon.core.keyword.internal.KeywordMain.runKeyword</property>
  <property name="testops-execution-stacktrace">com.kms.katalon.core.logging.KeywordLogger.logPassed(KeywordLogger.java:338)
com.kms.katalon.core.logging.KeywordLogger.logPassed(KeywordLogger.java:332)
cucumber.runtime.formatter.CucumberReporter.logResult(CucumberReporter.java:487)
cucumber.runtime.formatter.CucumberReporter.handleTestStepFinished(CucumberReporter.java:248)
cucumber.runtime.formatter.CucumberReporter.access$3(CucumberReporter.java:242)
cucumber.runtime.formatter.CucumberReporter$4.receive(CucumberReporter.java:87)
cucumber.runtime.formatter.CucumberReporter$4.receive(CucumberReporter.java:1)
cucumber.runner.EventBus.send(EventBus.java:28)
cucumber.runner.TestStep.run(TestStep.java:60)
cucumber.runner.PickleStepTestStep.run(PickleStepTestStep.java:53)
cucumber.runner.TestCase.run(TestCase.java:47)
cucumber.runner.Runner.runPickle(Runner.java:44)
cucumber.runtime.Runtime.runFeature(Runtime.java:120)
cucumber.runtime.Runtime.run(Runtime.java:106)
cucumber.api.cli.Main.run(Main.java:35)
cucumber.api.cli.Main$run.call(Unknown Source)
com.kms.katalon.core.cucumber.keyword.CucumberBuiltinKeywords$_runFeatureFile_closure1.doCall(CucumberBuiltinKeywords.groovy:108)
com.kms.katalon.core.cucumber.keyword.CucumberBuiltinKeywords$_runFeatureFile_closure1.doCall(CucumberBuiltinKeywords.groovy)
com.kms.katalon.core.keyword.internal.KeywordMain.runKeyword(KeywordMain.groovy:74)
com.kms.katalon.core.keyword.internal.KeywordMain.runKeyword(KeywordMain.groovy:68)
com.kms.katalon.core.keyword.internal.KeywordMain$runKeyword.call(Unknown Source)
com.kms.katalon.core.cucumber.keyword.CucumberBuiltinKeywords.runFeatureFile(CucumberBuiltinKeywords.groovy:75)
com.kms.katalon.core.cucumber.keyword.CucumberBuiltinKeywords$runFeatureFile$0.callStatic(Unknown Source)
com.kms.katalon.core.cucumber.keyword.CucumberBuiltinKeywords.runFeatureFile(CucumberBuiltinKeywords.groovy:248)
com.kms.katalon.core.cucumber.keyword.CucumberBuiltinKeywords$runFeatureFile.call(Unknown Source)
TC_ConsultarAfiliado.run(TC_ConsultarAfiliado:20)
</property>
</record>
<record>
  <date>2022-11-29T13:33:32</date>
  <millis>1669746812185</millis>
  <sequence>130</sequence>
  <level>END</level>
  <class>com.kms.katalon.core.logging.XmlKeywordLogger</class>
  <method>endKeyword</method>
  <thread>1</thread>
  <message>End End action : clic sobre el boton buscarAfiliado</message>
  <nestedLevel>2</nestedLevel>
  <escapedJava>false</escapedJava>
  <property name="BDD_STEP_DURATION">104372382700</property>
  <property name="BDD_STEP_STATUS">passed</property>
</record>
<record>
  <date>2022-11-29T13:33:32</date>
  <millis>1669746812185</millis>
  <sequence>131</sequence>
  <level>START</level>
  <class>com.kms.katalon.core.logging.XmlKeywordLogger</class>
  <method>startKeyword</method>
  <thread>1</thread>
  <message>Start action : el sistema muestra la informaci贸n referente al afiliado</message>
  <nestedLevel>2</nestedLevel>
  <escapedJava>false</escapedJava>
  <property name="BDD_STEP_LINE">28</property>
  <property name="BDD_STEP_NAME">el sistema muestra la informaci贸n referente al afiliado</property>
  <property name="BDD_STEP_KEYWORD">Then </property>
  <property name="BDD_STEP_UUID">22ea707f-40c6-49ac-85b1-2915c922d984</property>
</record>
<record>
  <date>2022-11-29T13:33:32</date>
  <millis>1669746812186</millis>
  <sequence>133</sequence>
  <level>PASSED</level>
  <class>com.kms.katalon.core.logging.XmlKeywordLogger</class>
  <method>logMessage</method>
  <thread>1</thread>
  <message>el sistema muestra la informaci贸n referente al afiliado</message>
  <nestedLevel>2</nestedLevel>
  <escapedJava>false</escapedJava>
  <property name="testops-method-name">com.kms.katalon.core.keyword.internal.KeywordMain.runKeyword</property>
  <property name="testops-execution-stacktrace">com.kms.katalon.core.logging.KeywordLogger.logPassed(KeywordLogger.java:338)
com.kms.katalon.core.logging.KeywordLogger.logPassed(KeywordLogger.java:332)
cucumber.runtime.formatter.CucumberReporter.logResult(CucumberReporter.java:487)
cucumber.runtime.formatter.CucumberReporter.handleTestStepFinished(CucumberReporter.java:248)
cucumber.runtime.formatter.CucumberReporter.access$3(CucumberReporter.java:242)
cucumber.runtime.formatter.CucumberReporter$4.receive(CucumberReporter.java:87)
cucumber.runtime.formatter.CucumberReporter$4.receive(CucumberReporter.java:1)
cucumber.runner.EventBus.send(EventBus.java:28)
cucumber.runner.TestStep.run(TestStep.java:60)
cucumber.runner.PickleStepTestStep.run(PickleStepTestStep.java:53)
cucumber.runner.TestCase.run(TestCase.java:47)
cucumber.runner.Runner.runPickle(Runner.java:44)
cucumber.runtime.Runtime.runFeature(Runtime.java:120)
cucumber.runtime.Runtime.run(Runtime.java:106)
cucumber.api.cli.Main.run(Main.java:35)
cucumber.api.cli.Main$run.call(Unknown Source)
com.kms.katalon.core.cucumber.keyword.CucumberBuiltinKeywords$_runFeatureFile_closure1.doCall(CucumberBuiltinKeywords.groovy:108)
com.kms.katalon.core.cucumber.keyword.CucumberBuiltinKeywords$_runFeatureFile_closure1.doCall(CucumberBuiltinKeywords.groovy)
com.kms.katalon.core.keyword.internal.KeywordMain.runKeyword(KeywordMain.groovy:74)
com.kms.katalon.core.keyword.internal.KeywordMain.runKeyword(KeywordMain.groovy:68)
com.kms.katalon.core.keyword.internal.KeywordMain$runKeyword.call(Unknown Source)
com.kms.katalon.core.cucumber.keyword.CucumberBuiltinKeywords.runFeatureFile(CucumberBuiltinKeywords.groovy:75)
com.kms.katalon.core.cucumber.keyword.CucumberBuiltinKeywords$runFeatureFile$0.callStatic(Unknown Source)
com.kms.katalon.core.cucumber.keyword.CucumberBuiltinKeywords.runFeatureFile(CucumberBuiltinKeywords.groovy:248)
com.kms.katalon.core.cucumber.keyword.CucumberBuiltinKeywords$runFeatureFile.call(Unknown Source)
TC_ConsultarAfiliado.run(TC_ConsultarAfiliado:20)
</property>
</record>
<record>
  <date>2022-11-29T13:33:32</date>
  <millis>1669746812186</millis>
  <sequence>134</sequence>
  <level>END</level>
  <class>com.kms.katalon.core.logging.XmlKeywordLogger</class>
  <method>endKeyword</method>
  <thread>1</thread>
  <message>End End action : el sistema muestra la informaci贸n referente al afiliado</message>
  <nestedLevel>2</nestedLevel>
  <escapedJava>false</escapedJava>
  <property name="BDD_STEP_DURATION">563500</property>
  <property name="BDD_STEP_STATUS">passed</property>
</record>
<record>
  <date>2022-11-29T13:33:32</date>
  <millis>1669746812187</millis>
  <sequence>136</sequence>
  <level>PASSED</level>
  <class>com.kms.katalon.core.logging.XmlKeywordLogger</class>
  <method>logMessage</method>
  <thread>1</thread>
  <message>SCENARIO Title of your scenario outline</message>
  <nestedLevel>2</nestedLevel>
  <escapedJava>false</escapedJava>
  <property name="testops-method-name">com.kms.katalon.core.keyword.internal.KeywordMain.runKeyword</property>
  <property name="testops-execution-stacktrace">com.kms.katalon.core.logging.KeywordLogger.logPassed(KeywordLogger.java:338)
com.kms.katalon.core.logging.KeywordLogger.logPassed(KeywordLogger.java:332)
cucumber.runtime.formatter.CucumberReporter.logResult(CucumberReporter.java:487)
cucumber.runtime.formatter.CucumberReporter.access$8(CucumberReporter.java:484)
cucumber.runtime.formatter.CucumberReporter$8.receive(CucumberReporter.java:130)
cucumber.runtime.formatter.CucumberReporter$8.receive(CucumberReporter.java:1)
cucumber.runner.EventBus.send(EventBus.java:28)
cucumber.runner.TestCase.run(TestCase.java:58)
cucumber.runner.Runner.runPickle(Runner.java:44)
cucumber.runtime.Runtime.runFeature(Runtime.java:120)
cucumber.runtime.Runtime.run(Runtime.java:106)
cucumber.api.cli.Main.run(Main.java:35)
cucumber.api.cli.Main$run.call(Unknown Source)
com.kms.katalon.core.cucumber.keyword.CucumberBuiltinKeywords$_runFeatureFile_closure1.doCall(CucumberBuiltinKeywords.groovy:108)
com.kms.katalon.core.cucumber.keyword.CucumberBuiltinKeywords$_runFeatureFile_closure1.doCall(CucumberBuiltinKeywords.groovy)
com.kms.katalon.core.keyword.internal.KeywordMain.runKeyword(KeywordMain.groovy:74)
com.kms.katalon.core.keyword.internal.KeywordMain.runKeyword(KeywordMain.groovy:68)
com.kms.katalon.core.keyword.internal.KeywordMain$runKeyword.call(Unknown Source)
com.kms.katalon.core.cucumber.keyword.CucumberBuiltinKeywords.runFeatureFile(CucumberBuiltinKeywords.groovy:75)
com.kms.katalon.core.cucumber.keyword.CucumberBuiltinKeywords$runFeatureFile$0.callStatic(Unknown Source)
com.kms.katalon.core.cucumber.keyword.CucumberBuiltinKeywords.runFeatureFile(CucumberBuiltinKeywords.groovy:248)
com.kms.katalon.core.cucumber.keyword.CucumberBuiltinKeywords$runFeatureFile.call(Unknown Source)
TC_ConsultarAfiliado.run(TC_ConsultarAfiliado:20)
</property>
</record>
<record>
  <date>2022-11-29T13:33:32</date>
  <millis>1669746812187</millis>
  <sequence>137</sequence>
  <level>END</level>
  <class>com.kms.katalon.core.logging.XmlKeywordLogger</class>
  <method>endTest</method>
  <thread>1</thread>
  <message>End Test Case : SCENARIO Title of your scenario outline</message>
  <nestedLevel>1</nestedLevel>
  <escapedJava>false</escapedJava>
</record>
<record>
  <date>2022-11-29T13:33:32</date>
  <millis>1669746812197</millis>
  <sequence>139</sequence>
  <level>PASSED</level>
  <class>com.kms.katalon.core.logging.XmlKeywordLogger</class>
  <method>logMessage</method>
  <thread>1</thread>
  <message>Feature file: &amp;apos;Include/features/ConsultarAfiliado.feature&amp;apos; was passed</message>
  <nestedLevel>1</nestedLevel>
  <escapedJava>false</escapedJava>
  <property name="testops-method-name">com.kms.katalon.core.keyword.internal.KeywordMain.runKeyword</property>
  <property name="testops-execution-stacktrace">com.kms.katalon.core.logging.KeywordLogger.logPassed(KeywordLogger.java:338)
com.kms.katalon.core.logging.KeywordLogger.logPassed(KeywordLogger.java:332)
com.kms.katalon.core.logging.KeywordLogger$logPassed$2.call(Unknown Source)
com.kms.katalon.core.cucumber.keyword.CucumberBuiltinKeywords$_runFeatureFile_closure1.doCall(CucumberBuiltinKeywords.groovy:112)
com.kms.katalon.core.cucumber.keyword.CucumberBuiltinKeywords$_runFeatureFile_closure1.doCall(CucumberBuiltinKeywords.groovy)
com.kms.katalon.core.keyword.internal.KeywordMain.runKeyword(KeywordMain.groovy:74)
com.kms.katalon.core.keyword.internal.KeywordMain.runKeyword(KeywordMain.groovy:68)
com.kms.katalon.core.keyword.internal.KeywordMain$runKeyword.call(Unknown Source)
com.kms.katalon.core.cucumber.keyword.CucumberBuiltinKeywords.runFeatureFile(CucumberBuiltinKeywords.groovy:75)
com.kms.katalon.core.cucumber.keyword.CucumberBuiltinKeywords$runFeatureFile$0.callStatic(Unknown Source)
com.kms.katalon.core.cucumber.keyword.CucumberBuiltinKeywords.runFeatureFile(CucumberBuiltinKeywords.groovy:248)
com.kms.katalon.core.cucumber.keyword.CucumberBuiltinKeywords$runFeatureFile.call(Unknown Source)
TC_ConsultarAfiliado.run(TC_ConsultarAfiliado:20)
</property>
</record>
<record>
  <date>2022-11-29T13:33:32</date>
  <millis>1669746812198</millis>
  <sequence>140</sequence>
  <level>END</level>
  <class>com.kms.katalon.core.logging.XmlKeywordLogger</class>
  <method>endKeyword</method>
  <thread>1</thread>
  <message>End action : runFeatureFile(&amp;quot;Include/features/ConsultarAfiliado.feature&amp;quot;)</message>
  <nestedLevel>1</nestedLevel>
  <escapedJava>false</escapedJava>
</record>
<record>
  <date>2022-11-29T13:33:32</date>
  <millis>1669746812198</millis>
  <sequence>141</sequence>
  <level>PASSED</level>
  <class>com.kms.katalon.core.logging.XmlKeywordLogger</class>
  <method>logMessage</method>
  <thread>1</thread>
  <message>Test Cases/TC_ConsultarAfiliado</message>
  <nestedLevel>1</nestedLevel>
  <escapedJava>false</escapedJava>
</record>
<record>
  <date>2022-11-29T13:33:32</date>
  <millis>1669746812198</millis>
  <sequence>142</sequence>
  <level>END</level>
  <class>com.kms.katalon.core.logging.XmlKeywordLogger</class>
  <method>endTest</method>
  <thread>1</thread>
  <message>End Test Case : Test Cases/TC_ConsultarAfiliado</message>
  <nestedLevel>0</nestedLevel>
  <escapedJava>false</escapedJava>
  <property name="executionBindingVariables">[]</property>
  <property name="applitools">false</property>
  <property name="remainingRetryCount">3</property>
  <property name="currentRetryCount">0</property>
  <property name="keywordsUsage">{
  &quot;web_ui&quot;: true,
  &quot;web_service&quot;: false,
  &quot;cucumber&quot;: true,
  &quot;builtin&quot;: false,
  &quot;mobile&quot;: false,
  &quot;windows&quot;: false,
  &quot;testng&quot;: false
}</property>
</record>
<record>
  <date>2022-11-29T13:33:32</date>
  <millis>1669746812199</millis>
  <sequence>143</sequence>
  <level>START</level>
  <class>com.kms.katalon.core.logging.XmlKeywordLogger</class>
  <method>startKeyword</method>
  <thread>1</thread>
  <message>Start listener action : exportKatalonReports</message>
  <nestedLevel>0</nestedLevel>
  <escapedJava>false</escapedJava>
</record>
<record>
  <date>2022-11-29T13:33:32</date>
  <millis>1669746812378</millis>
  <sequence>273</sequence>
  <level>INFO</level>
  <class>com.kms.katalon.core.logging.XmlKeywordLogger</class>
  <method>logMessage</method>
  <thread>1</thread>
  <message>Start generating HTML report folder at: C:\Users\dimartinez\Katalon Studio\Mercadeo_BDD\Reports\20221129_133124\ConsultarAfiliado\20221129_133125...</message>
  <nestedLevel>0</nestedLevel>
  <escapedJava>false</escapedJava>
</record>
<record>
  <date>2022-11-29T13:33:32</date>
  <millis>1669746812465</millis>
  <sequence>274</sequence>
  <level>INFO</level>
  <class>com.kms.katalon.core.logging.XmlKeywordLogger</class>
  <method>logMessage</method>
  <thread>1</thread>
  <message>HTML report generated</message>
  <nestedLevel>0</nestedLevel>
  <escapedJava>false</escapedJava>
</record>
<record>
  <date>2022-11-29T13:33:32</date>
  <millis>1669746812466</millis>
  <sequence>275</sequence>
  <level>INFO</level>
  <class>com.kms.katalon.core.logging.XmlKeywordLogger</class>
  <method>logMessage</method>
  <thread>1</thread>
  <message>Start generating CSV report folder at: C:\Users\dimartinez\Katalon Studio\Mercadeo_BDD\Reports\20221129_133124\ConsultarAfiliado\20221129_133125...</message>
  <nestedLevel>0</nestedLevel>
  <escapedJava>false</escapedJava>
</record>
<record>
  <date>2022-11-29T13:33:32</date>
  <millis>1669746812477</millis>
  <sequence>276</sequence>
  <level>INFO</level>
  <class>com.kms.katalon.core.logging.XmlKeywordLogger</class>
  <method>logMessage</method>
  <thread>1</thread>
  <message>CSV report generated</message>
  <nestedLevel>0</nestedLevel>
  <escapedJava>false</escapedJava>
</record>
<record>
  <date>2022-11-29T13:33:32</date>
  <millis>1669746812526</millis>
  <sequence>278</sequence>
  <level>END</level>
  <class>com.kms.katalon.core.logging.XmlKeywordLogger</class>
  <method>endKeyword</method>
  <thread>1</thread>
  <message>End listener action : exportKatalonReports</message>
  <nestedLevel>0</nestedLevel>
  <escapedJava>false</escapedJava>
</record>
<record>
  <date>2022-11-29T13:33:33</date>
  <millis>1669746813240</millis>
  <sequence>279</sequence>
  <level>END</level>
  <class>com.kms.katalon.core.logging.XmlKeywordLogger</class>
  <method>endSuite</method>
  <thread>1</thread>
  <message>End Test Suite : Test Suites/ConsultarAfiliado</message>
  <nestedLevel>0</nestedLevel>
  <escapedJava>false</escapedJava>
</record>
</log>
