<?xml version="1.0" encoding="UTF-8" standalone="no"?>
<!DOCTYPE log SYSTEM "logger.dtd">
<log>
<record>
  <date>2022-11-28T17:32:20</date>
  <millis>1669674740406</millis>
  <sequence>0</sequence>
  <level>START</level>
  <class>com.kms.katalon.core.logging.XmlKeywordLogger</class>
  <method>startSuite</method>
  <thread>1</thread>
  <message>Start Test Suite : Test Suites/ConsultarAfiliado</message>
  <nestedLevel>0</nestedLevel>
  <escapedJava>false</escapedJava>
  <property name="rerunTestFailImmediately">true</property>
  <property name="retryCount">3</property>
  <property name="name">ConsultarAfiliado</property>
  <property name="description"></property>
  <property name="id">Test Suites/ConsultarAfiliado</property>
</record>
<record>
  <date>2022-11-28T17:32:20</date>
  <millis>1669674740416</millis>
  <sequence>1</sequence>
  <level>RUN_DATA</level>
  <class>com.kms.katalon.core.logging.XmlKeywordLogger</class>
  <method>logMessage</method>
  <thread>1</thread>
  <message>hostName = dimartinez - ANA-DTI-DIM-BNT.mutualser.org</message>
  <nestedLevel>0</nestedLevel>
  <escapedJava>false</escapedJava>
  <property name="hostName">dimartinez - ANA-DTI-DIM-BNT.mutualser.org</property>
</record>
<record>
  <date>2022-11-28T17:32:20</date>
  <millis>1669674740417</millis>
  <sequence>2</sequence>
  <level>RUN_DATA</level>
  <class>com.kms.katalon.core.logging.XmlKeywordLogger</class>
  <method>logMessage</method>
  <thread>1</thread>
  <message>os = Windows 10 64bit</message>
  <nestedLevel>0</nestedLevel>
  <escapedJava>false</escapedJava>
  <property name="os">Windows 10 64bit</property>
</record>
<record>
  <date>2022-11-28T17:32:20</date>
  <millis>1669674740417</millis>
  <sequence>3</sequence>
  <level>RUN_DATA</level>
  <class>com.kms.katalon.core.logging.XmlKeywordLogger</class>
  <method>logMessage</method>
  <thread>1</thread>
  <message>hostAddress = 192.168.1.46</message>
  <nestedLevel>0</nestedLevel>
  <escapedJava>false</escapedJava>
  <property name="hostAddress">192.168.1.46</property>
</record>
<record>
  <date>2022-11-28T17:32:20</date>
  <millis>1669674740417</millis>
  <sequence>4</sequence>
  <level>RUN_DATA</level>
  <class>com.kms.katalon.core.logging.XmlKeywordLogger</class>
  <method>logMessage</method>
  <thread>1</thread>
  <message>katalonVersion = 8.5.2.208</message>
  <nestedLevel>0</nestedLevel>
  <escapedJava>false</escapedJava>
  <property name="katalonVersion">8.5.2.208</property>
</record>
<record>
  <date>2022-11-28T17:32:20</date>
  <millis>1669674740564</millis>
  <sequence>5</sequence>
  <level>START</level>
  <class>com.kms.katalon.core.logging.XmlKeywordLogger</class>
  <method>startTest</method>
  <thread>1</thread>
  <message>Start Test Case : Test Cases/TC_ConsultarAfiliado</message>
  <nestedLevel>1</nestedLevel>
  <escapedJava>false</escapedJava>
  <property name="remainingRetryCount">3</property>
  <property name="name">Test Cases/TC_ConsultarAfiliado</property>
  <property name="description"></property>
  <property name="iteration"></property>
  <property name="id">Test Cases/TC_ConsultarAfiliado</property>
  <property name="source">C:\Users\dimartinez\Katalon Studio\Mercadeo_BDD\Test Cases\TC_ConsultarAfiliado.tc</property>
  <property name="tag"></property>
  <property name="isOptional">false</property>
  <property name="currentRetryCount">0</property>
</record>
<record>
  <date>2022-11-28T17:32:20</date>
  <millis>1669674740770</millis>
  <sequence>7</sequence>
  <level>START</level>
  <class>com.kms.katalon.core.logging.XmlKeywordLogger</class>
  <method>startKeyword</method>
  <thread>1</thread>
  <message>Start action : runFeatureFile(&amp;quot;Include/features/Login.feature&amp;quot;)</message>
  <nestedLevel>1</nestedLevel>
  <escapedJava>false</escapedJava>
  <property name="startLine">20</property>
  <property name="stepIndex">1</property>
</record>
<record>
  <date>2022-11-28T17:32:20</date>
  <millis>1669674740805</millis>
  <sequence>8</sequence>
  <level>INFO</level>
  <class>com.kms.katalon.core.logging.XmlKeywordLogger</class>
  <method>logMessage</method>
  <thread>1</thread>
  <message>Starting run keyword runFeatureFile: &amp;apos;Include/features/Login.feature&amp;apos; and extract report to folder: &amp;apos;C:\Users\dimartinez\Katalon Studio\Mercadeo_BDD\Reports\20221128_173218\ConsultarAfiliado\20221128_173218/cucumber_report/1669674740799&amp;apos;...</message>
  <nestedLevel>1</nestedLevel>
  <escapedJava>false</escapedJava>
</record>
<record>
  <date>2022-11-28T17:32:21</date>
  <millis>1669674741435</millis>
  <sequence>10</sequence>
  <level>START</level>
  <class>com.kms.katalon.core.logging.XmlKeywordLogger</class>
  <method>startTest</method>
  <thread>1</thread>
  <message>Start Test Case : SCENARIO Validacion inicio sesion con credenciales correctas</message>
  <nestedLevel>2</nestedLevel>
  <escapedJava>false</escapedJava>
  <property name="BDD_TESTCASE_TYPE">scenario</property>
  <property name="BDD_TESTCASE_DESCRIPTION"></property>
  <property name="BDD_TESTCASE_LINE">32</property>
  <property name="BDD_TESTRUN_UUID">cc496ced-e6a1-4ccb-b92d-ff7588ff8af7</property>
  <property name="BDD_TESTCASE_NAME">Validacion inicio sesion con credenciales correctas</property>
  <property name="BDD_FEATURE_NAME">Iniciar sesión en portal mercadeo</property>
</record>
<record>
  <date>2022-11-28T17:32:21</date>
  <millis>1669674741437</millis>
  <sequence>11</sequence>
  <level>START</level>
  <class>com.kms.katalon.core.logging.XmlKeywordLogger</class>
  <method>startKeyword</method>
  <thread>1</thread>
  <message>Start action : El usuario navega la pagina de inicio de sesion de mercadeo</message>
  <nestedLevel>2</nestedLevel>
  <escapedJava>false</escapedJava>
  <property name="BDD_STEP_LINE">25</property>
  <property name="BDD_STEP_NAME">El usuario navega la pagina de inicio de sesion de mercadeo</property>
  <property name="BDD_STEP_KEYWORD">Given </property>
  <property name="BDD_STEP_UUID">6a9d54e3-312f-4f33-ab5f-ce7f00a6373e</property>
</record>
<record>
  <date>2022-11-28T17:32:21</date>
  <millis>1669674741626</millis>
  <sequence>13</sequence>
  <level>INFO</level>
  <class>com.kms.katalon.core.logging.XmlKeywordLogger</class>
  <method>logMessage</method>
  <thread>1</thread>
  <message>Starting &amp;apos;Chrome&amp;apos; driver</message>
  <nestedLevel>2</nestedLevel>
  <escapedJava>false</escapedJava>
</record>
<record>
  <date>2022-11-28T17:32:21</date>
  <millis>1669674741657</millis>
  <sequence>15</sequence>
  <level>INFO</level>
  <class>com.kms.katalon.core.logging.XmlKeywordLogger</class>
  <method>logMessage</method>
  <thread>1</thread>
  <message>Action delay is set to 0 milliseconds</message>
  <nestedLevel>2</nestedLevel>
  <escapedJava>false</escapedJava>
</record>
<record>
  <date>2022-11-28T17:32:23</date>
  <millis>1669674743453</millis>
  <sequence>17</sequence>
  <level>RUN_DATA</level>
  <class>com.kms.katalon.core.logging.XmlKeywordLogger</class>
  <method>logMessage</method>
  <thread>1</thread>
  <message>sessionId = 7b33b30296b789bc72b592f8b452c708</message>
  <nestedLevel>2</nestedLevel>
  <escapedJava>false</escapedJava>
  <property name="sessionId">7b33b30296b789bc72b592f8b452c708</property>
</record>
<record>
  <date>2022-11-28T17:32:23</date>
  <millis>1669674743474</millis>
  <sequence>18</sequence>
  <level>RUN_DATA</level>
  <class>com.kms.katalon.core.logging.XmlKeywordLogger</class>
  <method>logMessage</method>
  <thread>1</thread>
  <message>browser = Chrome 107.0.0.0</message>
  <nestedLevel>2</nestedLevel>
  <escapedJava>false</escapedJava>
  <property name="browser">Chrome 107.0.0.0</property>
</record>
<record>
  <date>2022-11-28T17:32:23</date>
  <millis>1669674743475</millis>
  <sequence>19</sequence>
  <level>RUN_DATA</level>
  <class>com.kms.katalon.core.logging.XmlKeywordLogger</class>
  <method>logMessage</method>
  <thread>1</thread>
  <message>platform = Windows 10</message>
  <nestedLevel>2</nestedLevel>
  <escapedJava>false</escapedJava>
  <property name="platform">Windows 10</property>
</record>
<record>
  <date>2022-11-28T17:32:23</date>
  <millis>1669674743475</millis>
  <sequence>20</sequence>
  <level>RUN_DATA</level>
  <class>com.kms.katalon.core.logging.XmlKeywordLogger</class>
  <method>logMessage</method>
  <thread>1</thread>
  <message>seleniumVersion = 3.141.59</message>
  <nestedLevel>2</nestedLevel>
  <escapedJava>false</escapedJava>
  <property name="seleniumVersion">3.141.59</property>
</record>
<record>
  <date>2022-11-28T17:32:23</date>
  <millis>1669674743475</millis>
  <sequence>21</sequence>
  <level>RUN_DATA</level>
  <class>com.kms.katalon.core.logging.XmlKeywordLogger</class>
  <method>logMessage</method>
  <thread>1</thread>
  <message>proxyInformation = ProxyInformation { proxyOption=NO_PROXY, proxyServerType=HTTP, username=, password=********, proxyServerAddress=, proxyServerPort=0, executionList=&amp;quot;&amp;quot;, isApplyToDesiredCapabilities=true }</message>
  <nestedLevel>2</nestedLevel>
  <escapedJava>false</escapedJava>
  <property name="proxyInformation">ProxyInformation { proxyOption=NO_PROXY, proxyServerType=HTTP, username=, password=********, proxyServerAddress=, proxyServerPort=0, executionList=&quot;&quot;, isApplyToDesiredCapabilities=true }</property>
</record>
<record>
  <date>2022-11-28T17:32:23</date>
  <millis>1669674743506</millis>
  <sequence>22</sequence>
  <level>PASSED</level>
  <class>com.kms.katalon.core.logging.XmlKeywordLogger</class>
  <method>logMessage</method>
  <thread>1</thread>
  <message>Browser is opened with url: &amp;apos;&amp;apos;</message>
  <nestedLevel>2</nestedLevel>
  <escapedJava>false</escapedJava>
  <property name="testops-method-name">com.kms.katalon.core.webui.keyword.builtin.OpenBrowserKeyword.openBrowser</property>
  <property name="testops-execution-stacktrace"></property>
</record>
<record>
  <date>2022-11-28T17:32:37</date>
  <millis>1669674757313</millis>
  <sequence>25</sequence>
  <level>PASSED</level>
  <class>com.kms.katalon.core.logging.XmlKeywordLogger</class>
  <method>logMessage</method>
  <thread>1</thread>
  <message>Navigate to &amp;apos;http://192.168.200.66:12000/#/login&amp;apos; successfully</message>
  <nestedLevel>2</nestedLevel>
  <escapedJava>false</escapedJava>
  <property name="testops-method-name">com.kms.katalon.core.webui.keyword.builtin.NavigateToUrlKeyword.navigateToUrl</property>
  <property name="testops-execution-stacktrace"></property>
</record>
<record>
  <date>2022-11-28T17:32:37</date>
  <millis>1669674757319</millis>
  <sequence>27</sequence>
  <level>PASSED</level>
  <class>com.kms.katalon.core.logging.XmlKeywordLogger</class>
  <method>logMessage</method>
  <thread>1</thread>
  <message>El usuario navega la pagina de inicio de sesion de mercadeo</message>
  <nestedLevel>2</nestedLevel>
  <escapedJava>false</escapedJava>
  <property name="testops-method-name">com.kms.katalon.core.keyword.internal.KeywordMain.runKeyword</property>
  <property name="testops-execution-stacktrace">com.kms.katalon.core.logging.KeywordLogger.logPassed(KeywordLogger.java:338)
com.kms.katalon.core.logging.KeywordLogger.logPassed(KeywordLogger.java:332)
cucumber.runtime.formatter.CucumberReporter.logResult(CucumberReporter.java:487)
cucumber.runtime.formatter.CucumberReporter.handleTestStepFinished(CucumberReporter.java:248)
cucumber.runtime.formatter.CucumberReporter.access$3(CucumberReporter.java:242)
cucumber.runtime.formatter.CucumberReporter$4.receive(CucumberReporter.java:87)
cucumber.runtime.formatter.CucumberReporter$4.receive(CucumberReporter.java:1)
cucumber.runner.EventBus.send(EventBus.java:28)
cucumber.runner.TestStep.run(TestStep.java:60)
cucumber.runner.PickleStepTestStep.run(PickleStepTestStep.java:53)
cucumber.runner.TestCase.run(TestCase.java:47)
cucumber.runner.Runner.runPickle(Runner.java:44)
cucumber.runtime.Runtime.runFeature(Runtime.java:120)
cucumber.runtime.Runtime.run(Runtime.java:106)
cucumber.api.cli.Main.run(Main.java:35)
cucumber.api.cli.Main$run.call(Unknown Source)
com.kms.katalon.core.cucumber.keyword.CucumberBuiltinKeywords$_runFeatureFile_closure1.doCall(CucumberBuiltinKeywords.groovy:108)
com.kms.katalon.core.cucumber.keyword.CucumberBuiltinKeywords$_runFeatureFile_closure1.doCall(CucumberBuiltinKeywords.groovy)
com.kms.katalon.core.keyword.internal.KeywordMain.runKeyword(KeywordMain.groovy:74)
com.kms.katalon.core.keyword.internal.KeywordMain.runKeyword(KeywordMain.groovy:68)
com.kms.katalon.core.keyword.internal.KeywordMain$runKeyword.call(Unknown Source)
com.kms.katalon.core.cucumber.keyword.CucumberBuiltinKeywords.runFeatureFile(CucumberBuiltinKeywords.groovy:75)
com.kms.katalon.core.cucumber.keyword.CucumberBuiltinKeywords$runFeatureFile$0.callStatic(Unknown Source)
com.kms.katalon.core.cucumber.keyword.CucumberBuiltinKeywords.runFeatureFile(CucumberBuiltinKeywords.groovy:248)
com.kms.katalon.core.cucumber.keyword.CucumberBuiltinKeywords$runFeatureFile.call(Unknown Source)
TC_ConsultarAfiliado.run(TC_ConsultarAfiliado:20)
</property>
</record>
<record>
  <date>2022-11-28T17:32:37</date>
  <millis>1669674757320</millis>
  <sequence>28</sequence>
  <level>END</level>
  <class>com.kms.katalon.core.logging.XmlKeywordLogger</class>
  <method>endKeyword</method>
  <thread>1</thread>
  <message>End End action : El usuario navega la pagina de inicio de sesion de mercadeo</message>
  <nestedLevel>2</nestedLevel>
  <escapedJava>false</escapedJava>
  <property name="BDD_STEP_DURATION">15879393500</property>
  <property name="BDD_STEP_STATUS">passed</property>
</record>
<record>
  <date>2022-11-28T17:32:37</date>
  <millis>1669674757321</millis>
  <sequence>29</sequence>
  <level>START</level>
  <class>com.kms.katalon.core.logging.XmlKeywordLogger</class>
  <method>startKeyword</method>
  <thread>1</thread>
  <message>Start action : ingresa usuario ldpappsl3 y contrasena r1vjgeft2cxJ7NAvIwi5jQ==</message>
  <nestedLevel>2</nestedLevel>
  <escapedJava>false</escapedJava>
  <property name="BDD_STEP_LINE">26</property>
  <property name="BDD_STEP_NAME">ingresa usuario ldpappsl3 y contrasena r1vjgeft2cxJ7NAvIwi5jQ==</property>
  <property name="BDD_STEP_KEYWORD">When </property>
  <property name="BDD_STEP_UUID">b2b46111-6f88-4f91-a122-283b78a41649</property>
</record>
<record>
  <date>2022-11-28T17:32:38</date>
  <millis>1669674758267</millis>
  <sequence>45</sequence>
  <level>PASSED</level>
  <class>com.kms.katalon.core.logging.XmlKeywordLogger</class>
  <method>logMessage</method>
  <thread>1</thread>
  <message>Text &amp;apos;ldpappsl3&amp;apos; is set on object &amp;apos;Object Repository/Vtn_InicioSesion/txt_Username&amp;apos;</message>
  <nestedLevel>2</nestedLevel>
  <escapedJava>false</escapedJava>
  <property name="testops-method-name">com.kms.katalon.core.webui.keyword.builtin.SetTextKeyword.setText</property>
  <property name="testops-execution-stacktrace"></property>
</record>
<record>
  <date>2022-11-28T17:32:38</date>
  <millis>1669674758784</millis>
  <sequence>56</sequence>
  <level>PASSED</level>
  <class>com.kms.katalon.core.logging.XmlKeywordLogger</class>
  <method>logMessage</method>
  <thread>1</thread>
  <message>Text ****** has been set on object &amp;apos;Object Repository/Vtn_InicioSesion/txt_Password&amp;apos;</message>
  <nestedLevel>2</nestedLevel>
  <escapedJava>false</escapedJava>
  <property name="testops-method-name">com.kms.katalon.core.webui.keyword.builtin.SetEncryptedTextKeyword.setEncryptedText</property>
  <property name="testops-execution-stacktrace"></property>
</record>
<record>
  <date>2022-11-28T17:32:38</date>
  <millis>1669674758785</millis>
  <sequence>58</sequence>
  <level>PASSED</level>
  <class>com.kms.katalon.core.logging.XmlKeywordLogger</class>
  <method>logMessage</method>
  <thread>1</thread>
  <message>ingresa usuario ldpappsl3 y contrasena r1vjgeft2cxJ7NAvIwi5jQ==</message>
  <nestedLevel>2</nestedLevel>
  <escapedJava>false</escapedJava>
  <property name="testops-method-name">com.kms.katalon.core.keyword.internal.KeywordMain.runKeyword</property>
  <property name="testops-execution-stacktrace">com.kms.katalon.core.logging.KeywordLogger.logPassed(KeywordLogger.java:338)
com.kms.katalon.core.logging.KeywordLogger.logPassed(KeywordLogger.java:332)
cucumber.runtime.formatter.CucumberReporter.logResult(CucumberReporter.java:487)
cucumber.runtime.formatter.CucumberReporter.handleTestStepFinished(CucumberReporter.java:248)
cucumber.runtime.formatter.CucumberReporter.access$3(CucumberReporter.java:242)
cucumber.runtime.formatter.CucumberReporter$4.receive(CucumberReporter.java:87)
cucumber.runtime.formatter.CucumberReporter$4.receive(CucumberReporter.java:1)
cucumber.runner.EventBus.send(EventBus.java:28)
cucumber.runner.TestStep.run(TestStep.java:60)
cucumber.runner.PickleStepTestStep.run(PickleStepTestStep.java:53)
cucumber.runner.TestCase.run(TestCase.java:47)
cucumber.runner.Runner.runPickle(Runner.java:44)
cucumber.runtime.Runtime.runFeature(Runtime.java:120)
cucumber.runtime.Runtime.run(Runtime.java:106)
cucumber.api.cli.Main.run(Main.java:35)
cucumber.api.cli.Main$run.call(Unknown Source)
com.kms.katalon.core.cucumber.keyword.CucumberBuiltinKeywords$_runFeatureFile_closure1.doCall(CucumberBuiltinKeywords.groovy:108)
com.kms.katalon.core.cucumber.keyword.CucumberBuiltinKeywords$_runFeatureFile_closure1.doCall(CucumberBuiltinKeywords.groovy)
com.kms.katalon.core.keyword.internal.KeywordMain.runKeyword(KeywordMain.groovy:74)
com.kms.katalon.core.keyword.internal.KeywordMain.runKeyword(KeywordMain.groovy:68)
com.kms.katalon.core.keyword.internal.KeywordMain$runKeyword.call(Unknown Source)
com.kms.katalon.core.cucumber.keyword.CucumberBuiltinKeywords.runFeatureFile(CucumberBuiltinKeywords.groovy:75)
com.kms.katalon.core.cucumber.keyword.CucumberBuiltinKeywords$runFeatureFile$0.callStatic(Unknown Source)
com.kms.katalon.core.cucumber.keyword.CucumberBuiltinKeywords.runFeatureFile(CucumberBuiltinKeywords.groovy:248)
com.kms.katalon.core.cucumber.keyword.CucumberBuiltinKeywords$runFeatureFile.call(Unknown Source)
TC_ConsultarAfiliado.run(TC_ConsultarAfiliado:20)
</property>
</record>
<record>
  <date>2022-11-28T17:32:38</date>
  <millis>1669674758786</millis>
  <sequence>59</sequence>
  <level>END</level>
  <class>com.kms.katalon.core.logging.XmlKeywordLogger</class>
  <method>endKeyword</method>
  <thread>1</thread>
  <message>End End action : ingresa usuario ldpappsl3 y contrasena r1vjgeft2cxJ7NAvIwi5jQ==</message>
  <nestedLevel>2</nestedLevel>
  <escapedJava>false</escapedJava>
  <property name="BDD_STEP_DURATION">1463119300</property>
  <property name="BDD_STEP_STATUS">passed</property>
</record>
<record>
  <date>2022-11-28T17:32:38</date>
  <millis>1669674758787</millis>
  <sequence>60</sequence>
  <level>START</level>
  <class>com.kms.katalon.core.logging.XmlKeywordLogger</class>
  <method>startKeyword</method>
  <thread>1</thread>
  <message>Start action : Clic sobre el boton ingresar</message>
  <nestedLevel>2</nestedLevel>
  <escapedJava>false</escapedJava>
  <property name="BDD_STEP_LINE">27</property>
  <property name="BDD_STEP_NAME">Clic sobre el boton ingresar</property>
  <property name="BDD_STEP_KEYWORD">And </property>
  <property name="BDD_STEP_UUID">5a784e6d-996e-41cd-9f62-c35cf248ea11</property>
</record>
<record>
  <date>2022-11-28T17:32:39</date>
  <millis>1669674759578</millis>
  <sequence>70</sequence>
  <level>PASSED</level>
  <class>com.kms.katalon.core.logging.XmlKeywordLogger</class>
  <method>logMessage</method>
  <thread>1</thread>
  <message>Object: &amp;apos;Object Repository/Vtn_InicioSesion/btn_Ingresar&amp;apos; is clicked on</message>
  <nestedLevel>2</nestedLevel>
  <escapedJava>false</escapedJava>
  <property name="testops-method-name">com.kms.katalon.core.webui.keyword.builtin.ClickKeyword.click</property>
  <property name="testops-execution-stacktrace"></property>
</record>
<record>
  <date>2022-11-28T17:32:39</date>
  <millis>1669674759579</millis>
  <sequence>72</sequence>
  <level>PASSED</level>
  <class>com.kms.katalon.core.logging.XmlKeywordLogger</class>
  <method>logMessage</method>
  <thread>1</thread>
  <message>Clic sobre el boton ingresar</message>
  <nestedLevel>2</nestedLevel>
  <escapedJava>false</escapedJava>
  <property name="testops-method-name">com.kms.katalon.core.keyword.internal.KeywordMain.runKeyword</property>
  <property name="testops-execution-stacktrace">com.kms.katalon.core.logging.KeywordLogger.logPassed(KeywordLogger.java:338)
com.kms.katalon.core.logging.KeywordLogger.logPassed(KeywordLogger.java:332)
cucumber.runtime.formatter.CucumberReporter.logResult(CucumberReporter.java:487)
cucumber.runtime.formatter.CucumberReporter.handleTestStepFinished(CucumberReporter.java:248)
cucumber.runtime.formatter.CucumberReporter.access$3(CucumberReporter.java:242)
cucumber.runtime.formatter.CucumberReporter$4.receive(CucumberReporter.java:87)
cucumber.runtime.formatter.CucumberReporter$4.receive(CucumberReporter.java:1)
cucumber.runner.EventBus.send(EventBus.java:28)
cucumber.runner.TestStep.run(TestStep.java:60)
cucumber.runner.PickleStepTestStep.run(PickleStepTestStep.java:53)
cucumber.runner.TestCase.run(TestCase.java:47)
cucumber.runner.Runner.runPickle(Runner.java:44)
cucumber.runtime.Runtime.runFeature(Runtime.java:120)
cucumber.runtime.Runtime.run(Runtime.java:106)
cucumber.api.cli.Main.run(Main.java:35)
cucumber.api.cli.Main$run.call(Unknown Source)
com.kms.katalon.core.cucumber.keyword.CucumberBuiltinKeywords$_runFeatureFile_closure1.doCall(CucumberBuiltinKeywords.groovy:108)
com.kms.katalon.core.cucumber.keyword.CucumberBuiltinKeywords$_runFeatureFile_closure1.doCall(CucumberBuiltinKeywords.groovy)
com.kms.katalon.core.keyword.internal.KeywordMain.runKeyword(KeywordMain.groovy:74)
com.kms.katalon.core.keyword.internal.KeywordMain.runKeyword(KeywordMain.groovy:68)
com.kms.katalon.core.keyword.internal.KeywordMain$runKeyword.call(Unknown Source)
com.kms.katalon.core.cucumber.keyword.CucumberBuiltinKeywords.runFeatureFile(CucumberBuiltinKeywords.groovy:75)
com.kms.katalon.core.cucumber.keyword.CucumberBuiltinKeywords$runFeatureFile$0.callStatic(Unknown Source)
com.kms.katalon.core.cucumber.keyword.CucumberBuiltinKeywords.runFeatureFile(CucumberBuiltinKeywords.groovy:248)
com.kms.katalon.core.cucumber.keyword.CucumberBuiltinKeywords$runFeatureFile.call(Unknown Source)
TC_ConsultarAfiliado.run(TC_ConsultarAfiliado:20)
</property>
</record>
<record>
  <date>2022-11-28T17:32:39</date>
  <millis>1669674759580</millis>
  <sequence>73</sequence>
  <level>END</level>
  <class>com.kms.katalon.core.logging.XmlKeywordLogger</class>
  <method>endKeyword</method>
  <thread>1</thread>
  <message>End End action : Clic sobre el boton ingresar</message>
  <nestedLevel>2</nestedLevel>
  <escapedJava>false</escapedJava>
  <property name="BDD_STEP_DURATION">792759600</property>
  <property name="BDD_STEP_STATUS">passed</property>
</record>
<record>
  <date>2022-11-28T17:32:39</date>
  <millis>1669674759580</millis>
  <sequence>74</sequence>
  <level>START</level>
  <class>com.kms.katalon.core.logging.XmlKeywordLogger</class>
  <method>startKeyword</method>
  <thread>1</thread>
  <message>Start action : el sistema verifica el status</message>
  <nestedLevel>2</nestedLevel>
  <escapedJava>false</escapedJava>
  <property name="BDD_STEP_LINE">28</property>
  <property name="BDD_STEP_NAME">el sistema verifica el status</property>
  <property name="BDD_STEP_KEYWORD">Then </property>
  <property name="BDD_STEP_UUID">e7971765-f88e-4b86-a869-af52a7737f71</property>
</record>
<record>
  <date>2022-11-28T17:32:39</date>
  <millis>1669674759581</millis>
  <sequence>76</sequence>
  <level>PASSED</level>
  <class>com.kms.katalon.core.logging.XmlKeywordLogger</class>
  <method>logMessage</method>
  <thread>1</thread>
  <message>el sistema verifica el status</message>
  <nestedLevel>2</nestedLevel>
  <escapedJava>false</escapedJava>
  <property name="testops-method-name">com.kms.katalon.core.keyword.internal.KeywordMain.runKeyword</property>
  <property name="testops-execution-stacktrace">com.kms.katalon.core.logging.KeywordLogger.logPassed(KeywordLogger.java:338)
com.kms.katalon.core.logging.KeywordLogger.logPassed(KeywordLogger.java:332)
cucumber.runtime.formatter.CucumberReporter.logResult(CucumberReporter.java:487)
cucumber.runtime.formatter.CucumberReporter.handleTestStepFinished(CucumberReporter.java:248)
cucumber.runtime.formatter.CucumberReporter.access$3(CucumberReporter.java:242)
cucumber.runtime.formatter.CucumberReporter$4.receive(CucumberReporter.java:87)
cucumber.runtime.formatter.CucumberReporter$4.receive(CucumberReporter.java:1)
cucumber.runner.EventBus.send(EventBus.java:28)
cucumber.runner.TestStep.run(TestStep.java:60)
cucumber.runner.PickleStepTestStep.run(PickleStepTestStep.java:53)
cucumber.runner.TestCase.run(TestCase.java:47)
cucumber.runner.Runner.runPickle(Runner.java:44)
cucumber.runtime.Runtime.runFeature(Runtime.java:120)
cucumber.runtime.Runtime.run(Runtime.java:106)
cucumber.api.cli.Main.run(Main.java:35)
cucumber.api.cli.Main$run.call(Unknown Source)
com.kms.katalon.core.cucumber.keyword.CucumberBuiltinKeywords$_runFeatureFile_closure1.doCall(CucumberBuiltinKeywords.groovy:108)
com.kms.katalon.core.cucumber.keyword.CucumberBuiltinKeywords$_runFeatureFile_closure1.doCall(CucumberBuiltinKeywords.groovy)
com.kms.katalon.core.keyword.internal.KeywordMain.runKeyword(KeywordMain.groovy:74)
com.kms.katalon.core.keyword.internal.KeywordMain.runKeyword(KeywordMain.groovy:68)
com.kms.katalon.core.keyword.internal.KeywordMain$runKeyword.call(Unknown Source)
com.kms.katalon.core.cucumber.keyword.CucumberBuiltinKeywords.runFeatureFile(CucumberBuiltinKeywords.groovy:75)
com.kms.katalon.core.cucumber.keyword.CucumberBuiltinKeywords$runFeatureFile$0.callStatic(Unknown Source)
com.kms.katalon.core.cucumber.keyword.CucumberBuiltinKeywords.runFeatureFile(CucumberBuiltinKeywords.groovy:248)
com.kms.katalon.core.cucumber.keyword.CucumberBuiltinKeywords$runFeatureFile.call(Unknown Source)
TC_ConsultarAfiliado.run(TC_ConsultarAfiliado:20)
</property>
</record>
<record>
  <date>2022-11-28T17:32:39</date>
  <millis>1669674759583</millis>
  <sequence>77</sequence>
  <level>END</level>
  <class>com.kms.katalon.core.logging.XmlKeywordLogger</class>
  <method>endKeyword</method>
  <thread>1</thread>
  <message>End End action : el sistema verifica el status</message>
  <nestedLevel>2</nestedLevel>
  <escapedJava>false</escapedJava>
  <property name="BDD_STEP_DURATION">810100</property>
  <property name="BDD_STEP_STATUS">passed</property>
</record>
<record>
  <date>2022-11-28T17:32:39</date>
  <millis>1669674759586</millis>
  <sequence>79</sequence>
  <level>PASSED</level>
  <class>com.kms.katalon.core.logging.XmlKeywordLogger</class>
  <method>logMessage</method>
  <thread>1</thread>
  <message>SCENARIO Validacion inicio sesion con credenciales correctas</message>
  <nestedLevel>2</nestedLevel>
  <escapedJava>false</escapedJava>
  <property name="testops-method-name">com.kms.katalon.core.keyword.internal.KeywordMain.runKeyword</property>
  <property name="testops-execution-stacktrace">com.kms.katalon.core.logging.KeywordLogger.logPassed(KeywordLogger.java:338)
com.kms.katalon.core.logging.KeywordLogger.logPassed(KeywordLogger.java:332)
cucumber.runtime.formatter.CucumberReporter.logResult(CucumberReporter.java:487)
cucumber.runtime.formatter.CucumberReporter.access$8(CucumberReporter.java:484)
cucumber.runtime.formatter.CucumberReporter$8.receive(CucumberReporter.java:130)
cucumber.runtime.formatter.CucumberReporter$8.receive(CucumberReporter.java:1)
cucumber.runner.EventBus.send(EventBus.java:28)
cucumber.runner.TestCase.run(TestCase.java:58)
cucumber.runner.Runner.runPickle(Runner.java:44)
cucumber.runtime.Runtime.runFeature(Runtime.java:120)
cucumber.runtime.Runtime.run(Runtime.java:106)
cucumber.api.cli.Main.run(Main.java:35)
cucumber.api.cli.Main$run.call(Unknown Source)
com.kms.katalon.core.cucumber.keyword.CucumberBuiltinKeywords$_runFeatureFile_closure1.doCall(CucumberBuiltinKeywords.groovy:108)
com.kms.katalon.core.cucumber.keyword.CucumberBuiltinKeywords$_runFeatureFile_closure1.doCall(CucumberBuiltinKeywords.groovy)
com.kms.katalon.core.keyword.internal.KeywordMain.runKeyword(KeywordMain.groovy:74)
com.kms.katalon.core.keyword.internal.KeywordMain.runKeyword(KeywordMain.groovy:68)
com.kms.katalon.core.keyword.internal.KeywordMain$runKeyword.call(Unknown Source)
com.kms.katalon.core.cucumber.keyword.CucumberBuiltinKeywords.runFeatureFile(CucumberBuiltinKeywords.groovy:75)
com.kms.katalon.core.cucumber.keyword.CucumberBuiltinKeywords$runFeatureFile$0.callStatic(Unknown Source)
com.kms.katalon.core.cucumber.keyword.CucumberBuiltinKeywords.runFeatureFile(CucumberBuiltinKeywords.groovy:248)
com.kms.katalon.core.cucumber.keyword.CucumberBuiltinKeywords$runFeatureFile.call(Unknown Source)
TC_ConsultarAfiliado.run(TC_ConsultarAfiliado:20)
</property>
</record>
<record>
  <date>2022-11-28T17:32:39</date>
  <millis>1669674759586</millis>
  <sequence>80</sequence>
  <level>END</level>
  <class>com.kms.katalon.core.logging.XmlKeywordLogger</class>
  <method>endTest</method>
  <thread>1</thread>
  <message>End Test Case : SCENARIO Validacion inicio sesion con credenciales correctas</message>
  <nestedLevel>1</nestedLevel>
  <escapedJava>false</escapedJava>
</record>
<record>
  <date>2022-11-28T17:32:39</date>
  <millis>1669674759698</millis>
  <sequence>82</sequence>
  <level>PASSED</level>
  <class>com.kms.katalon.core.logging.XmlKeywordLogger</class>
  <method>logMessage</method>
  <thread>1</thread>
  <message>Feature file: &amp;apos;Include/features/Login.feature&amp;apos; was passed</message>
  <nestedLevel>1</nestedLevel>
  <escapedJava>false</escapedJava>
  <property name="testops-method-name">com.kms.katalon.core.keyword.internal.KeywordMain.runKeyword</property>
  <property name="testops-execution-stacktrace">com.kms.katalon.core.logging.KeywordLogger.logPassed(KeywordLogger.java:338)
com.kms.katalon.core.logging.KeywordLogger.logPassed(KeywordLogger.java:332)
com.kms.katalon.core.logging.KeywordLogger$logPassed$2.call(Unknown Source)
com.kms.katalon.core.cucumber.keyword.CucumberBuiltinKeywords$_runFeatureFile_closure1.doCall(CucumberBuiltinKeywords.groovy:112)
com.kms.katalon.core.cucumber.keyword.CucumberBuiltinKeywords$_runFeatureFile_closure1.doCall(CucumberBuiltinKeywords.groovy)
com.kms.katalon.core.keyword.internal.KeywordMain.runKeyword(KeywordMain.groovy:74)
com.kms.katalon.core.keyword.internal.KeywordMain.runKeyword(KeywordMain.groovy:68)
com.kms.katalon.core.keyword.internal.KeywordMain$runKeyword.call(Unknown Source)
com.kms.katalon.core.cucumber.keyword.CucumberBuiltinKeywords.runFeatureFile(CucumberBuiltinKeywords.groovy:75)
com.kms.katalon.core.cucumber.keyword.CucumberBuiltinKeywords$runFeatureFile$0.callStatic(Unknown Source)
com.kms.katalon.core.cucumber.keyword.CucumberBuiltinKeywords.runFeatureFile(CucumberBuiltinKeywords.groovy:248)
com.kms.katalon.core.cucumber.keyword.CucumberBuiltinKeywords$runFeatureFile.call(Unknown Source)
TC_ConsultarAfiliado.run(TC_ConsultarAfiliado:20)
</property>
</record>
<record>
  <date>2022-11-28T17:32:39</date>
  <millis>1669674759698</millis>
  <sequence>83</sequence>
  <level>END</level>
  <class>com.kms.katalon.core.logging.XmlKeywordLogger</class>
  <method>endKeyword</method>
  <thread>1</thread>
  <message>End action : runFeatureFile(&amp;quot;Include/features/Login.feature&amp;quot;)</message>
  <nestedLevel>1</nestedLevel>
  <escapedJava>false</escapedJava>
</record>
<record>
  <date>2022-11-28T17:32:39</date>
  <millis>1669674759699</millis>
  <sequence>84</sequence>
  <level>START</level>
  <class>com.kms.katalon.core.logging.XmlKeywordLogger</class>
  <method>startKeyword</method>
  <thread>1</thread>
  <message>Start action : runFeatureFile(&amp;quot;Include/features/ConsultarAfiliado.feature&amp;quot;)</message>
  <nestedLevel>1</nestedLevel>
  <escapedJava>false</escapedJava>
  <property name="startLine">22</property>
  <property name="stepIndex">2</property>
</record>
<record>
  <date>2022-11-28T17:32:39</date>
  <millis>1669674759699</millis>
  <sequence>85</sequence>
  <level>INFO</level>
  <class>com.kms.katalon.core.logging.XmlKeywordLogger</class>
  <method>logMessage</method>
  <thread>1</thread>
  <message>Starting run keyword runFeatureFile: &amp;apos;Include/features/ConsultarAfiliado.feature&amp;apos; and extract report to folder: &amp;apos;C:\Users\dimartinez\Katalon Studio\Mercadeo_BDD\Reports\20221128_173218\ConsultarAfiliado\20221128_173218/cucumber_report/1669674759699&amp;apos;...</message>
  <nestedLevel>1</nestedLevel>
  <escapedJava>false</escapedJava>
</record>
<record>
  <date>2022-11-28T17:32:39</date>
  <millis>1669674759903</millis>
  <sequence>87</sequence>
  <level>START</level>
  <class>com.kms.katalon.core.logging.XmlKeywordLogger</class>
  <method>startTest</method>
  <thread>1</thread>
  <message>Start Test Case : SCENARIO Title of your scenario outline</message>
  <nestedLevel>2</nestedLevel>
  <escapedJava>false</escapedJava>
  <property name="BDD_TESTCASE_TYPE">scenario</property>
  <property name="BDD_TESTCASE_DESCRIPTION"></property>
  <property name="BDD_TESTCASE_LINE">32</property>
  <property name="BDD_TESTRUN_UUID">1fdc4076-db97-4764-94de-0a262abae9a6</property>
  <property name="BDD_TESTCASE_NAME">Title of your scenario outline</property>
  <property name="BDD_FEATURE_NAME">Consultar Afiliado</property>
</record>
<record>
  <date>2022-11-28T17:32:39</date>
  <millis>1669674759903</millis>
  <sequence>88</sequence>
  <level>START</level>
  <class>com.kms.katalon.core.logging.XmlKeywordLogger</class>
  <method>startKeyword</method>
  <thread>1</thread>
  <message>Start action : El usuario navega la pagina de consulta de Afiliado</message>
  <nestedLevel>2</nestedLevel>
  <escapedJava>false</escapedJava>
  <property name="BDD_STEP_LINE">25</property>
  <property name="BDD_STEP_NAME">El usuario navega la pagina de consulta de Afiliado</property>
  <property name="BDD_STEP_KEYWORD">Given </property>
  <property name="BDD_STEP_UUID">8f097796-a706-44bc-9d94-69ef5a331f81</property>
</record>
<record>
  <date>2022-11-28T17:32:39</date>
  <millis>1669674759908</millis>
  <sequence>90</sequence>
  <level>PASSED</level>
  <class>com.kms.katalon.core.logging.XmlKeywordLogger</class>
  <method>logMessage</method>
  <thread>1</thread>
  <message>El usuario navega la pagina de consulta de Afiliado</message>
  <nestedLevel>2</nestedLevel>
  <escapedJava>false</escapedJava>
  <property name="testops-method-name">com.kms.katalon.core.keyword.internal.KeywordMain.runKeyword</property>
  <property name="testops-execution-stacktrace">com.kms.katalon.core.logging.KeywordLogger.logPassed(KeywordLogger.java:338)
com.kms.katalon.core.logging.KeywordLogger.logPassed(KeywordLogger.java:332)
cucumber.runtime.formatter.CucumberReporter.logResult(CucumberReporter.java:487)
cucumber.runtime.formatter.CucumberReporter.handleTestStepFinished(CucumberReporter.java:248)
cucumber.runtime.formatter.CucumberReporter.access$3(CucumberReporter.java:242)
cucumber.runtime.formatter.CucumberReporter$4.receive(CucumberReporter.java:87)
cucumber.runtime.formatter.CucumberReporter$4.receive(CucumberReporter.java:1)
cucumber.runner.EventBus.send(EventBus.java:28)
cucumber.runner.TestStep.run(TestStep.java:60)
cucumber.runner.PickleStepTestStep.run(PickleStepTestStep.java:53)
cucumber.runner.TestCase.run(TestCase.java:47)
cucumber.runner.Runner.runPickle(Runner.java:44)
cucumber.runtime.Runtime.runFeature(Runtime.java:120)
cucumber.runtime.Runtime.run(Runtime.java:106)
cucumber.api.cli.Main.run(Main.java:35)
cucumber.api.cli.Main$run.call(Unknown Source)
com.kms.katalon.core.cucumber.keyword.CucumberBuiltinKeywords$_runFeatureFile_closure1.doCall(CucumberBuiltinKeywords.groovy:108)
com.kms.katalon.core.cucumber.keyword.CucumberBuiltinKeywords$_runFeatureFile_closure1.doCall(CucumberBuiltinKeywords.groovy)
com.kms.katalon.core.keyword.internal.KeywordMain.runKeyword(KeywordMain.groovy:74)
com.kms.katalon.core.keyword.internal.KeywordMain.runKeyword(KeywordMain.groovy:68)
com.kms.katalon.core.keyword.internal.KeywordMain$runKeyword.call(Unknown Source)
com.kms.katalon.core.cucumber.keyword.CucumberBuiltinKeywords.runFeatureFile(CucumberBuiltinKeywords.groovy:75)
com.kms.katalon.core.cucumber.keyword.CucumberBuiltinKeywords$runFeatureFile$0.callStatic(Unknown Source)
com.kms.katalon.core.cucumber.keyword.CucumberBuiltinKeywords.runFeatureFile(CucumberBuiltinKeywords.groovy:248)
com.kms.katalon.core.cucumber.keyword.CucumberBuiltinKeywords$runFeatureFile.call(Unknown Source)
TC_ConsultarAfiliado.run(TC_ConsultarAfiliado:22)
</property>
</record>
<record>
  <date>2022-11-28T17:32:39</date>
  <millis>1669674759908</millis>
  <sequence>91</sequence>
  <level>END</level>
  <class>com.kms.katalon.core.logging.XmlKeywordLogger</class>
  <method>endKeyword</method>
  <thread>1</thread>
  <message>End End action : El usuario navega la pagina de consulta de Afiliado</message>
  <nestedLevel>2</nestedLevel>
  <escapedJava>false</escapedJava>
  <property name="BDD_STEP_DURATION">4322300</property>
  <property name="BDD_STEP_STATUS">passed</property>
</record>
<record>
  <date>2022-11-28T17:32:39</date>
  <millis>1669674759909</millis>
  <sequence>92</sequence>
  <level>START</level>
  <class>com.kms.katalon.core.logging.XmlKeywordLogger</class>
  <method>startKeyword</method>
  <thread>1</thread>
  <message>Start action : ingresa el numero de documento 1007740082</message>
  <nestedLevel>2</nestedLevel>
  <escapedJava>false</escapedJava>
  <property name="BDD_STEP_LINE">26</property>
  <property name="BDD_STEP_NAME">ingresa el numero de documento 1007740082</property>
  <property name="BDD_STEP_KEYWORD">When </property>
  <property name="BDD_STEP_UUID">fb99d685-1bd1-4e6a-a5e4-d8d4ac8f817d</property>
</record>
<record>
  <date>2022-11-28T17:32:42</date>
  <millis>1669674762449</millis>
  <sequence>108</sequence>
  <level>PASSED</level>
  <class>com.kms.katalon.core.logging.XmlKeywordLogger</class>
  <method>logMessage</method>
  <thread>1</thread>
  <message>Text &amp;apos;1007740082&amp;apos; is set on object &amp;apos;Object Repository/Vtn_ConsultarAfiliado/txt_NroDoc&amp;apos;</message>
  <nestedLevel>2</nestedLevel>
  <escapedJava>false</escapedJava>
  <property name="testops-method-name">com.kms.katalon.core.webui.keyword.builtin.SetTextKeyword.setText</property>
  <property name="testops-execution-stacktrace"></property>
</record>
<record>
  <date>2022-11-28T17:32:42</date>
  <millis>1669674762450</millis>
  <sequence>110</sequence>
  <level>PASSED</level>
  <class>com.kms.katalon.core.logging.XmlKeywordLogger</class>
  <method>logMessage</method>
  <thread>1</thread>
  <message>ingresa el numero de documento 1007740082</message>
  <nestedLevel>2</nestedLevel>
  <escapedJava>false</escapedJava>
  <property name="testops-method-name">com.kms.katalon.core.keyword.internal.KeywordMain.runKeyword</property>
  <property name="testops-execution-stacktrace">com.kms.katalon.core.logging.KeywordLogger.logPassed(KeywordLogger.java:338)
com.kms.katalon.core.logging.KeywordLogger.logPassed(KeywordLogger.java:332)
cucumber.runtime.formatter.CucumberReporter.logResult(CucumberReporter.java:487)
cucumber.runtime.formatter.CucumberReporter.handleTestStepFinished(CucumberReporter.java:248)
cucumber.runtime.formatter.CucumberReporter.access$3(CucumberReporter.java:242)
cucumber.runtime.formatter.CucumberReporter$4.receive(CucumberReporter.java:87)
cucumber.runtime.formatter.CucumberReporter$4.receive(CucumberReporter.java:1)
cucumber.runner.EventBus.send(EventBus.java:28)
cucumber.runner.TestStep.run(TestStep.java:60)
cucumber.runner.PickleStepTestStep.run(PickleStepTestStep.java:53)
cucumber.runner.TestCase.run(TestCase.java:47)
cucumber.runner.Runner.runPickle(Runner.java:44)
cucumber.runtime.Runtime.runFeature(Runtime.java:120)
cucumber.runtime.Runtime.run(Runtime.java:106)
cucumber.api.cli.Main.run(Main.java:35)
cucumber.api.cli.Main$run.call(Unknown Source)
com.kms.katalon.core.cucumber.keyword.CucumberBuiltinKeywords$_runFeatureFile_closure1.doCall(CucumberBuiltinKeywords.groovy:108)
com.kms.katalon.core.cucumber.keyword.CucumberBuiltinKeywords$_runFeatureFile_closure1.doCall(CucumberBuiltinKeywords.groovy)
com.kms.katalon.core.keyword.internal.KeywordMain.runKeyword(KeywordMain.groovy:74)
com.kms.katalon.core.keyword.internal.KeywordMain.runKeyword(KeywordMain.groovy:68)
com.kms.katalon.core.keyword.internal.KeywordMain$runKeyword.call(Unknown Source)
com.kms.katalon.core.cucumber.keyword.CucumberBuiltinKeywords.runFeatureFile(CucumberBuiltinKeywords.groovy:75)
com.kms.katalon.core.cucumber.keyword.CucumberBuiltinKeywords$runFeatureFile$0.callStatic(Unknown Source)
com.kms.katalon.core.cucumber.keyword.CucumberBuiltinKeywords.runFeatureFile(CucumberBuiltinKeywords.groovy:248)
com.kms.katalon.core.cucumber.keyword.CucumberBuiltinKeywords$runFeatureFile.call(Unknown Source)
TC_ConsultarAfiliado.run(TC_ConsultarAfiliado:22)
</property>
</record>
<record>
  <date>2022-11-28T17:32:42</date>
  <millis>1669674762451</millis>
  <sequence>111</sequence>
  <level>END</level>
  <class>com.kms.katalon.core.logging.XmlKeywordLogger</class>
  <method>endKeyword</method>
  <thread>1</thread>
  <message>End End action : ingresa el numero de documento 1007740082</message>
  <nestedLevel>2</nestedLevel>
  <escapedJava>false</escapedJava>
  <property name="BDD_STEP_DURATION">2540803700</property>
  <property name="BDD_STEP_STATUS">passed</property>
</record>
<record>
  <date>2022-11-28T17:32:42</date>
  <millis>1669674762451</millis>
  <sequence>112</sequence>
  <level>START</level>
  <class>com.kms.katalon.core.logging.XmlKeywordLogger</class>
  <method>startKeyword</method>
  <thread>1</thread>
  <message>Start action : clic sobre el boton buscarAfiliado</message>
  <nestedLevel>2</nestedLevel>
  <escapedJava>false</escapedJava>
  <property name="BDD_STEP_LINE">27</property>
  <property name="BDD_STEP_NAME">clic sobre el boton buscarAfiliado</property>
  <property name="BDD_STEP_KEYWORD">And </property>
  <property name="BDD_STEP_UUID">eb71e6ac-47c9-43d0-a5cd-d050427a80ed</property>
</record>
<record>
  <date>2022-11-28T17:32:43</date>
  <millis>1669674763016</millis>
  <sequence>122</sequence>
  <level>PASSED</level>
  <class>com.kms.katalon.core.logging.XmlKeywordLogger</class>
  <method>logMessage</method>
  <thread>1</thread>
  <message>Object: &amp;apos;Object Repository/Vtn_ConsultarAfiliado/btn_BuscarAfiliado&amp;apos; is clicked on</message>
  <nestedLevel>2</nestedLevel>
  <escapedJava>false</escapedJava>
  <property name="testops-method-name">com.kms.katalon.core.webui.keyword.builtin.ClickKeyword.click</property>
  <property name="testops-execution-stacktrace"></property>
</record>
<record>
  <date>2022-11-28T17:32:43</date>
  <millis>1669674763017</millis>
  <sequence>124</sequence>
  <level>PASSED</level>
  <class>com.kms.katalon.core.logging.XmlKeywordLogger</class>
  <method>logMessage</method>
  <thread>1</thread>
  <message>clic sobre el boton buscarAfiliado</message>
  <nestedLevel>2</nestedLevel>
  <escapedJava>false</escapedJava>
  <property name="testops-method-name">com.kms.katalon.core.keyword.internal.KeywordMain.runKeyword</property>
  <property name="testops-execution-stacktrace">com.kms.katalon.core.logging.KeywordLogger.logPassed(KeywordLogger.java:338)
com.kms.katalon.core.logging.KeywordLogger.logPassed(KeywordLogger.java:332)
cucumber.runtime.formatter.CucumberReporter.logResult(CucumberReporter.java:487)
cucumber.runtime.formatter.CucumberReporter.handleTestStepFinished(CucumberReporter.java:248)
cucumber.runtime.formatter.CucumberReporter.access$3(CucumberReporter.java:242)
cucumber.runtime.formatter.CucumberReporter$4.receive(CucumberReporter.java:87)
cucumber.runtime.formatter.CucumberReporter$4.receive(CucumberReporter.java:1)
cucumber.runner.EventBus.send(EventBus.java:28)
cucumber.runner.TestStep.run(TestStep.java:60)
cucumber.runner.PickleStepTestStep.run(PickleStepTestStep.java:53)
cucumber.runner.TestCase.run(TestCase.java:47)
cucumber.runner.Runner.runPickle(Runner.java:44)
cucumber.runtime.Runtime.runFeature(Runtime.java:120)
cucumber.runtime.Runtime.run(Runtime.java:106)
cucumber.api.cli.Main.run(Main.java:35)
cucumber.api.cli.Main$run.call(Unknown Source)
com.kms.katalon.core.cucumber.keyword.CucumberBuiltinKeywords$_runFeatureFile_closure1.doCall(CucumberBuiltinKeywords.groovy:108)
com.kms.katalon.core.cucumber.keyword.CucumberBuiltinKeywords$_runFeatureFile_closure1.doCall(CucumberBuiltinKeywords.groovy)
com.kms.katalon.core.keyword.internal.KeywordMain.runKeyword(KeywordMain.groovy:74)
com.kms.katalon.core.keyword.internal.KeywordMain.runKeyword(KeywordMain.groovy:68)
com.kms.katalon.core.keyword.internal.KeywordMain$runKeyword.call(Unknown Source)
com.kms.katalon.core.cucumber.keyword.CucumberBuiltinKeywords.runFeatureFile(CucumberBuiltinKeywords.groovy:75)
com.kms.katalon.core.cucumber.keyword.CucumberBuiltinKeywords$runFeatureFile$0.callStatic(Unknown Source)
com.kms.katalon.core.cucumber.keyword.CucumberBuiltinKeywords.runFeatureFile(CucumberBuiltinKeywords.groovy:248)
com.kms.katalon.core.cucumber.keyword.CucumberBuiltinKeywords$runFeatureFile.call(Unknown Source)
TC_ConsultarAfiliado.run(TC_ConsultarAfiliado:22)
</property>
</record>
<record>
  <date>2022-11-28T17:32:43</date>
  <millis>1669674763017</millis>
  <sequence>125</sequence>
  <level>END</level>
  <class>com.kms.katalon.core.logging.XmlKeywordLogger</class>
  <method>endKeyword</method>
  <thread>1</thread>
  <message>End End action : clic sobre el boton buscarAfiliado</message>
  <nestedLevel>2</nestedLevel>
  <escapedJava>false</escapedJava>
  <property name="BDD_STEP_DURATION">565717900</property>
  <property name="BDD_STEP_STATUS">passed</property>
</record>
<record>
  <date>2022-11-28T17:32:43</date>
  <millis>1669674763018</millis>
  <sequence>126</sequence>
  <level>START</level>
  <class>com.kms.katalon.core.logging.XmlKeywordLogger</class>
  <method>startKeyword</method>
  <thread>1</thread>
  <message>Start action : el sistema muestra la información referente al afiliado</message>
  <nestedLevel>2</nestedLevel>
  <escapedJava>false</escapedJava>
  <property name="BDD_STEP_LINE">28</property>
  <property name="BDD_STEP_NAME">el sistema muestra la información referente al afiliado</property>
  <property name="BDD_STEP_KEYWORD">Then </property>
  <property name="BDD_STEP_UUID">d96ccec3-6b25-499a-8527-1ff7635386ed</property>
</record>
<record>
  <date>2022-11-28T17:32:43</date>
  <millis>1669674763018</millis>
  <sequence>128</sequence>
  <level>PASSED</level>
  <class>com.kms.katalon.core.logging.XmlKeywordLogger</class>
  <method>logMessage</method>
  <thread>1</thread>
  <message>el sistema muestra la información referente al afiliado</message>
  <nestedLevel>2</nestedLevel>
  <escapedJava>false</escapedJava>
  <property name="testops-method-name">com.kms.katalon.core.keyword.internal.KeywordMain.runKeyword</property>
  <property name="testops-execution-stacktrace">com.kms.katalon.core.logging.KeywordLogger.logPassed(KeywordLogger.java:338)
com.kms.katalon.core.logging.KeywordLogger.logPassed(KeywordLogger.java:332)
cucumber.runtime.formatter.CucumberReporter.logResult(CucumberReporter.java:487)
cucumber.runtime.formatter.CucumberReporter.handleTestStepFinished(CucumberReporter.java:248)
cucumber.runtime.formatter.CucumberReporter.access$3(CucumberReporter.java:242)
cucumber.runtime.formatter.CucumberReporter$4.receive(CucumberReporter.java:87)
cucumber.runtime.formatter.CucumberReporter$4.receive(CucumberReporter.java:1)
cucumber.runner.EventBus.send(EventBus.java:28)
cucumber.runner.TestStep.run(TestStep.java:60)
cucumber.runner.PickleStepTestStep.run(PickleStepTestStep.java:53)
cucumber.runner.TestCase.run(TestCase.java:47)
cucumber.runner.Runner.runPickle(Runner.java:44)
cucumber.runtime.Runtime.runFeature(Runtime.java:120)
cucumber.runtime.Runtime.run(Runtime.java:106)
cucumber.api.cli.Main.run(Main.java:35)
cucumber.api.cli.Main$run.call(Unknown Source)
com.kms.katalon.core.cucumber.keyword.CucumberBuiltinKeywords$_runFeatureFile_closure1.doCall(CucumberBuiltinKeywords.groovy:108)
com.kms.katalon.core.cucumber.keyword.CucumberBuiltinKeywords$_runFeatureFile_closure1.doCall(CucumberBuiltinKeywords.groovy)
com.kms.katalon.core.keyword.internal.KeywordMain.runKeyword(KeywordMain.groovy:74)
com.kms.katalon.core.keyword.internal.KeywordMain.runKeyword(KeywordMain.groovy:68)
com.kms.katalon.core.keyword.internal.KeywordMain$runKeyword.call(Unknown Source)
com.kms.katalon.core.cucumber.keyword.CucumberBuiltinKeywords.runFeatureFile(CucumberBuiltinKeywords.groovy:75)
com.kms.katalon.core.cucumber.keyword.CucumberBuiltinKeywords$runFeatureFile$0.callStatic(Unknown Source)
com.kms.katalon.core.cucumber.keyword.CucumberBuiltinKeywords.runFeatureFile(CucumberBuiltinKeywords.groovy:248)
com.kms.katalon.core.cucumber.keyword.CucumberBuiltinKeywords$runFeatureFile.call(Unknown Source)
TC_ConsultarAfiliado.run(TC_ConsultarAfiliado:22)
</property>
</record>
<record>
  <date>2022-11-28T17:32:43</date>
  <millis>1669674763018</millis>
  <sequence>129</sequence>
  <level>END</level>
  <class>com.kms.katalon.core.logging.XmlKeywordLogger</class>
  <method>endKeyword</method>
  <thread>1</thread>
  <message>End End action : el sistema muestra la información referente al afiliado</message>
  <nestedLevel>2</nestedLevel>
  <escapedJava>false</escapedJava>
  <property name="BDD_STEP_DURATION">601400</property>
  <property name="BDD_STEP_STATUS">passed</property>
</record>
<record>
  <date>2022-11-28T17:32:43</date>
  <millis>1669674763019</millis>
  <sequence>131</sequence>
  <level>PASSED</level>
  <class>com.kms.katalon.core.logging.XmlKeywordLogger</class>
  <method>logMessage</method>
  <thread>1</thread>
  <message>SCENARIO Title of your scenario outline</message>
  <nestedLevel>2</nestedLevel>
  <escapedJava>false</escapedJava>
  <property name="testops-method-name">com.kms.katalon.core.keyword.internal.KeywordMain.runKeyword</property>
  <property name="testops-execution-stacktrace">com.kms.katalon.core.logging.KeywordLogger.logPassed(KeywordLogger.java:338)
com.kms.katalon.core.logging.KeywordLogger.logPassed(KeywordLogger.java:332)
cucumber.runtime.formatter.CucumberReporter.logResult(CucumberReporter.java:487)
cucumber.runtime.formatter.CucumberReporter.access$8(CucumberReporter.java:484)
cucumber.runtime.formatter.CucumberReporter$8.receive(CucumberReporter.java:130)
cucumber.runtime.formatter.CucumberReporter$8.receive(CucumberReporter.java:1)
cucumber.runner.EventBus.send(EventBus.java:28)
cucumber.runner.TestCase.run(TestCase.java:58)
cucumber.runner.Runner.runPickle(Runner.java:44)
cucumber.runtime.Runtime.runFeature(Runtime.java:120)
cucumber.runtime.Runtime.run(Runtime.java:106)
cucumber.api.cli.Main.run(Main.java:35)
cucumber.api.cli.Main$run.call(Unknown Source)
com.kms.katalon.core.cucumber.keyword.CucumberBuiltinKeywords$_runFeatureFile_closure1.doCall(CucumberBuiltinKeywords.groovy:108)
com.kms.katalon.core.cucumber.keyword.CucumberBuiltinKeywords$_runFeatureFile_closure1.doCall(CucumberBuiltinKeywords.groovy)
com.kms.katalon.core.keyword.internal.KeywordMain.runKeyword(KeywordMain.groovy:74)
com.kms.katalon.core.keyword.internal.KeywordMain.runKeyword(KeywordMain.groovy:68)
com.kms.katalon.core.keyword.internal.KeywordMain$runKeyword.call(Unknown Source)
com.kms.katalon.core.cucumber.keyword.CucumberBuiltinKeywords.runFeatureFile(CucumberBuiltinKeywords.groovy:75)
com.kms.katalon.core.cucumber.keyword.CucumberBuiltinKeywords$runFeatureFile$0.callStatic(Unknown Source)
com.kms.katalon.core.cucumber.keyword.CucumberBuiltinKeywords.runFeatureFile(CucumberBuiltinKeywords.groovy:248)
com.kms.katalon.core.cucumber.keyword.CucumberBuiltinKeywords$runFeatureFile.call(Unknown Source)
TC_ConsultarAfiliado.run(TC_ConsultarAfiliado:22)
</property>
</record>
<record>
  <date>2022-11-28T17:32:43</date>
  <millis>1669674763019</millis>
  <sequence>132</sequence>
  <level>END</level>
  <class>com.kms.katalon.core.logging.XmlKeywordLogger</class>
  <method>endTest</method>
  <thread>1</thread>
  <message>End Test Case : SCENARIO Title of your scenario outline</message>
  <nestedLevel>1</nestedLevel>
  <escapedJava>false</escapedJava>
</record>
<record>
  <date>2022-11-28T17:32:43</date>
  <millis>1669674763029</millis>
  <sequence>134</sequence>
  <level>PASSED</level>
  <class>com.kms.katalon.core.logging.XmlKeywordLogger</class>
  <method>logMessage</method>
  <thread>1</thread>
  <message>Feature file: &amp;apos;Include/features/ConsultarAfiliado.feature&amp;apos; was passed</message>
  <nestedLevel>1</nestedLevel>
  <escapedJava>false</escapedJava>
  <property name="testops-method-name">com.kms.katalon.core.keyword.internal.KeywordMain.runKeyword</property>
  <property name="testops-execution-stacktrace">com.kms.katalon.core.logging.KeywordLogger.logPassed(KeywordLogger.java:338)
com.kms.katalon.core.logging.KeywordLogger.logPassed(KeywordLogger.java:332)
com.kms.katalon.core.logging.KeywordLogger$logPassed$2.call(Unknown Source)
com.kms.katalon.core.cucumber.keyword.CucumberBuiltinKeywords$_runFeatureFile_closure1.doCall(CucumberBuiltinKeywords.groovy:112)
com.kms.katalon.core.cucumber.keyword.CucumberBuiltinKeywords$_runFeatureFile_closure1.doCall(CucumberBuiltinKeywords.groovy)
com.kms.katalon.core.keyword.internal.KeywordMain.runKeyword(KeywordMain.groovy:74)
com.kms.katalon.core.keyword.internal.KeywordMain.runKeyword(KeywordMain.groovy:68)
com.kms.katalon.core.keyword.internal.KeywordMain$runKeyword.call(Unknown Source)
com.kms.katalon.core.cucumber.keyword.CucumberBuiltinKeywords.runFeatureFile(CucumberBuiltinKeywords.groovy:75)
com.kms.katalon.core.cucumber.keyword.CucumberBuiltinKeywords$runFeatureFile$0.callStatic(Unknown Source)
com.kms.katalon.core.cucumber.keyword.CucumberBuiltinKeywords.runFeatureFile(CucumberBuiltinKeywords.groovy:248)
com.kms.katalon.core.cucumber.keyword.CucumberBuiltinKeywords$runFeatureFile.call(Unknown Source)
TC_ConsultarAfiliado.run(TC_ConsultarAfiliado:22)
</property>
</record>
<record>
  <date>2022-11-28T17:32:43</date>
  <millis>1669674763029</millis>
  <sequence>135</sequence>
  <level>END</level>
  <class>com.kms.katalon.core.logging.XmlKeywordLogger</class>
  <method>endKeyword</method>
  <thread>1</thread>
  <message>End action : runFeatureFile(&amp;quot;Include/features/ConsultarAfiliado.feature&amp;quot;)</message>
  <nestedLevel>1</nestedLevel>
  <escapedJava>false</escapedJava>
</record>
<record>
  <date>2022-11-28T17:32:43</date>
  <millis>1669674763029</millis>
  <sequence>136</sequence>
  <level>PASSED</level>
  <class>com.kms.katalon.core.logging.XmlKeywordLogger</class>
  <method>logMessage</method>
  <thread>1</thread>
  <message>Test Cases/TC_ConsultarAfiliado</message>
  <nestedLevel>1</nestedLevel>
  <escapedJava>false</escapedJava>
</record>
<record>
  <date>2022-11-28T17:32:43</date>
  <millis>1669674763030</millis>
  <sequence>137</sequence>
  <level>END</level>
  <class>com.kms.katalon.core.logging.XmlKeywordLogger</class>
  <method>endTest</method>
  <thread>1</thread>
  <message>End Test Case : Test Cases/TC_ConsultarAfiliado</message>
  <nestedLevel>0</nestedLevel>
  <escapedJava>false</escapedJava>
  <property name="executionBindingVariables">[]</property>
  <property name="applitools">false</property>
  <property name="remainingRetryCount">3</property>
  <property name="currentRetryCount">0</property>
  <property name="keywordsUsage">{
  &quot;web_ui&quot;: true,
  &quot;web_service&quot;: false,
  &quot;cucumber&quot;: true,
  &quot;builtin&quot;: false,
  &quot;mobile&quot;: false,
  &quot;windows&quot;: false,
  &quot;testng&quot;: false
}</property>
</record>
<record>
  <date>2022-11-28T17:32:43</date>
  <millis>1669674763032</millis>
  <sequence>138</sequence>
  <level>START</level>
  <class>com.kms.katalon.core.logging.XmlKeywordLogger</class>
  <method>startKeyword</method>
  <thread>1</thread>
  <message>Start listener action : exportKatalonReports</message>
  <nestedLevel>0</nestedLevel>
  <escapedJava>false</escapedJava>
</record>
<record>
  <date>2022-11-28T17:32:43</date>
  <millis>1669674763246</millis>
  <sequence>262</sequence>
  <level>INFO</level>
  <class>com.kms.katalon.core.logging.XmlKeywordLogger</class>
  <method>logMessage</method>
  <thread>1</thread>
  <message>Start generating HTML report folder at: C:\Users\dimartinez\Katalon Studio\Mercadeo_BDD\Reports\20221128_173218\ConsultarAfiliado\20221128_173218...</message>
  <nestedLevel>0</nestedLevel>
  <escapedJava>false</escapedJava>
</record>
<record>
  <date>2022-11-28T17:32:43</date>
  <millis>1669674763341</millis>
  <sequence>263</sequence>
  <level>INFO</level>
  <class>com.kms.katalon.core.logging.XmlKeywordLogger</class>
  <method>logMessage</method>
  <thread>1</thread>
  <message>HTML report generated</message>
  <nestedLevel>0</nestedLevel>
  <escapedJava>false</escapedJava>
</record>
<record>
  <date>2022-11-28T17:32:43</date>
  <millis>1669674763342</millis>
  <sequence>264</sequence>
  <level>INFO</level>
  <class>com.kms.katalon.core.logging.XmlKeywordLogger</class>
  <method>logMessage</method>
  <thread>1</thread>
  <message>Start generating CSV report folder at: C:\Users\dimartinez\Katalon Studio\Mercadeo_BDD\Reports\20221128_173218\ConsultarAfiliado\20221128_173218...</message>
  <nestedLevel>0</nestedLevel>
  <escapedJava>false</escapedJava>
</record>
<record>
  <date>2022-11-28T17:32:43</date>
  <millis>1669674763351</millis>
  <sequence>265</sequence>
  <level>INFO</level>
  <class>com.kms.katalon.core.logging.XmlKeywordLogger</class>
  <method>logMessage</method>
  <thread>1</thread>
  <message>CSV report generated</message>
  <nestedLevel>0</nestedLevel>
  <escapedJava>false</escapedJava>
</record>
<record>
  <date>2022-11-28T17:32:43</date>
  <millis>1669674763402</millis>
  <sequence>267</sequence>
  <level>END</level>
  <class>com.kms.katalon.core.logging.XmlKeywordLogger</class>
  <method>endKeyword</method>
  <thread>1</thread>
  <message>End listener action : exportKatalonReports</message>
  <nestedLevel>0</nestedLevel>
  <escapedJava>false</escapedJava>
</record>
<record>
  <date>2022-11-28T17:32:44</date>
  <millis>1669674764213</millis>
  <sequence>268</sequence>
  <level>END</level>
  <class>com.kms.katalon.core.logging.XmlKeywordLogger</class>
  <method>endSuite</method>
  <thread>1</thread>
  <message>End Test Suite : Test Suites/ConsultarAfiliado</message>
  <nestedLevel>0</nestedLevel>
  <escapedJava>false</escapedJava>
</record>
</log>
