<?xml version="1.0" encoding="UTF-8" standalone="no"?>
<!DOCTYPE log SYSTEM "logger.dtd">
<log>
<record>
  <date>2022-11-29T11:43:33</date>
  <millis>1669740213838</millis>
  <sequence>0</sequence>
  <level>START</level>
  <class>com.kms.katalon.core.logging.XmlKeywordLogger</class>
  <method>startSuite</method>
  <thread>1</thread>
  <message>Start Test Suite : Test Suites/ConsultarAfiliado</message>
  <nestedLevel>0</nestedLevel>
  <escapedJava>false</escapedJava>
  <property name="rerunTestFailImmediately">true</property>
  <property name="retryCount">3</property>
  <property name="name">ConsultarAfiliado</property>
  <property name="description"></property>
  <property name="id">Test Suites/ConsultarAfiliado</property>
</record>
<record>
  <date>2022-11-29T11:43:33</date>
  <millis>1669740213851</millis>
  <sequence>1</sequence>
  <level>RUN_DATA</level>
  <class>com.kms.katalon.core.logging.XmlKeywordLogger</class>
  <method>logMessage</method>
  <thread>1</thread>
  <message>hostName = dimartinez - ANA-DTI-DIM-BNT.mutualser.org</message>
  <nestedLevel>0</nestedLevel>
  <escapedJava>false</escapedJava>
  <property name="hostName">dimartinez - ANA-DTI-DIM-BNT.mutualser.org</property>
</record>
<record>
  <date>2022-11-29T11:43:33</date>
  <millis>1669740213852</millis>
  <sequence>2</sequence>
  <level>RUN_DATA</level>
  <class>com.kms.katalon.core.logging.XmlKeywordLogger</class>
  <method>logMessage</method>
  <thread>1</thread>
  <message>os = Windows 10 64bit</message>
  <nestedLevel>0</nestedLevel>
  <escapedJava>false</escapedJava>
  <property name="os">Windows 10 64bit</property>
</record>
<record>
  <date>2022-11-29T11:43:33</date>
  <millis>1669740213852</millis>
  <sequence>3</sequence>
  <level>RUN_DATA</level>
  <class>com.kms.katalon.core.logging.XmlKeywordLogger</class>
  <method>logMessage</method>
  <thread>1</thread>
  <message>hostAddress = 192.168.1.46</message>
  <nestedLevel>0</nestedLevel>
  <escapedJava>false</escapedJava>
  <property name="hostAddress">192.168.1.46</property>
</record>
<record>
  <date>2022-11-29T11:43:33</date>
  <millis>1669740213853</millis>
  <sequence>4</sequence>
  <level>RUN_DATA</level>
  <class>com.kms.katalon.core.logging.XmlKeywordLogger</class>
  <method>logMessage</method>
  <thread>1</thread>
  <message>katalonVersion = 8.5.2.208</message>
  <nestedLevel>0</nestedLevel>
  <escapedJava>false</escapedJava>
  <property name="katalonVersion">8.5.2.208</property>
</record>
<record>
  <date>2022-11-29T11:43:34</date>
  <millis>1669740214058</millis>
  <sequence>5</sequence>
  <level>START</level>
  <class>com.kms.katalon.core.logging.XmlKeywordLogger</class>
  <method>startTest</method>
  <thread>1</thread>
  <message>Start Test Case : Test Cases/TC_Login</message>
  <nestedLevel>1</nestedLevel>
  <escapedJava>false</escapedJava>
  <property name="remainingRetryCount">3</property>
  <property name="name">Test Cases/TC_Login</property>
  <property name="description"></property>
  <property name="iteration"></property>
  <property name="id">Test Cases/TC_Login</property>
  <property name="source">C:\Users\dimartinez\Katalon Studio\Mercadeo_BDD\Test Cases\TC_Login.tc</property>
  <property name="tag"></property>
  <property name="isOptional">false</property>
  <property name="currentRetryCount">0</property>
</record>
<record>
  <date>2022-11-29T11:43:34</date>
  <millis>1669740214313</millis>
  <sequence>7</sequence>
  <level>START</level>
  <class>com.kms.katalon.core.logging.XmlKeywordLogger</class>
  <method>startKeyword</method>
  <thread>1</thread>
  <message>Start action : runFeatureFile(&amp;quot;Include/features/Login.feature&amp;quot;)</message>
  <nestedLevel>1</nestedLevel>
  <escapedJava>false</escapedJava>
  <property name="startLine">20</property>
  <property name="stepIndex">1</property>
</record>
<record>
  <date>2022-11-29T11:43:34</date>
  <millis>1669740214371</millis>
  <sequence>8</sequence>
  <level>INFO</level>
  <class>com.kms.katalon.core.logging.XmlKeywordLogger</class>
  <method>logMessage</method>
  <thread>1</thread>
  <message>Starting run keyword runFeatureFile: &amp;apos;Include/features/Login.feature&amp;apos; and extract report to folder: &amp;apos;C:\Users\dimartinez\Katalon Studio\Mercadeo_BDD\Reports\20221129_114329\ConsultarAfiliado\20221129_114330/cucumber_report/1669740214361&amp;apos;...</message>
  <nestedLevel>1</nestedLevel>
  <escapedJava>false</escapedJava>
</record>
<record>
  <date>2022-11-29T11:43:35</date>
  <millis>1669740215297</millis>
  <sequence>10</sequence>
  <level>START</level>
  <class>com.kms.katalon.core.logging.XmlKeywordLogger</class>
  <method>startTest</method>
  <thread>1</thread>
  <message>Start Test Case : SCENARIO Validacion inicio sesion con credenciales correctas</message>
  <nestedLevel>2</nestedLevel>
  <escapedJava>false</escapedJava>
  <property name="BDD_TESTCASE_TYPE">scenario</property>
  <property name="BDD_TESTCASE_DESCRIPTION"></property>
  <property name="BDD_TESTCASE_LINE">32</property>
  <property name="BDD_TESTRUN_UUID">20911c32-ccad-4a72-9083-90415ea0b0dc</property>
  <property name="BDD_TESTCASE_NAME">Validacion inicio sesion con credenciales correctas</property>
  <property name="BDD_FEATURE_NAME">Iniciar sesi贸n en portal mercadeo</property>
</record>
<record>
  <date>2022-11-29T11:43:35</date>
  <millis>1669740215300</millis>
  <sequence>11</sequence>
  <level>START</level>
  <class>com.kms.katalon.core.logging.XmlKeywordLogger</class>
  <method>startKeyword</method>
  <thread>1</thread>
  <message>Start action : El usuario navega la pagina de inicio de sesion de mercadeo</message>
  <nestedLevel>2</nestedLevel>
  <escapedJava>false</escapedJava>
  <property name="BDD_STEP_LINE">25</property>
  <property name="BDD_STEP_NAME">El usuario navega la pagina de inicio de sesion de mercadeo</property>
  <property name="BDD_STEP_KEYWORD">Given </property>
  <property name="BDD_STEP_UUID">d076c5d6-649e-46d5-a9a6-fd4221c36157</property>
</record>
<record>
  <date>2022-11-29T11:43:35</date>
  <millis>1669740215526</millis>
  <sequence>13</sequence>
  <level>INFO</level>
  <class>com.kms.katalon.core.logging.XmlKeywordLogger</class>
  <method>logMessage</method>
  <thread>1</thread>
  <message>Starting &amp;apos;Chrome&amp;apos; driver</message>
  <nestedLevel>2</nestedLevel>
  <escapedJava>false</escapedJava>
</record>
<record>
  <date>2022-11-29T11:43:35</date>
  <millis>1669740215590</millis>
  <sequence>15</sequence>
  <level>INFO</level>
  <class>com.kms.katalon.core.logging.XmlKeywordLogger</class>
  <method>logMessage</method>
  <thread>1</thread>
  <message>Action delay is set to 0 milliseconds</message>
  <nestedLevel>2</nestedLevel>
  <escapedJava>false</escapedJava>
</record>
<record>
  <date>2022-11-29T11:43:37</date>
  <millis>1669740217854</millis>
  <sequence>17</sequence>
  <level>RUN_DATA</level>
  <class>com.kms.katalon.core.logging.XmlKeywordLogger</class>
  <method>logMessage</method>
  <thread>1</thread>
  <message>sessionId = 607ccb5bd391f7006ac58cfb75a5bfd3</message>
  <nestedLevel>2</nestedLevel>
  <escapedJava>false</escapedJava>
  <property name="sessionId">607ccb5bd391f7006ac58cfb75a5bfd3</property>
</record>
<record>
  <date>2022-11-29T11:43:37</date>
  <millis>1669740217886</millis>
  <sequence>18</sequence>
  <level>RUN_DATA</level>
  <class>com.kms.katalon.core.logging.XmlKeywordLogger</class>
  <method>logMessage</method>
  <thread>1</thread>
  <message>browser = Chrome 107.0.0.0</message>
  <nestedLevel>2</nestedLevel>
  <escapedJava>false</escapedJava>
  <property name="browser">Chrome 107.0.0.0</property>
</record>
<record>
  <date>2022-11-29T11:43:37</date>
  <millis>1669740217886</millis>
  <sequence>19</sequence>
  <level>RUN_DATA</level>
  <class>com.kms.katalon.core.logging.XmlKeywordLogger</class>
  <method>logMessage</method>
  <thread>1</thread>
  <message>platform = Windows 10</message>
  <nestedLevel>2</nestedLevel>
  <escapedJava>false</escapedJava>
  <property name="platform">Windows 10</property>
</record>
<record>
  <date>2022-11-29T11:43:37</date>
  <millis>1669740217887</millis>
  <sequence>20</sequence>
  <level>RUN_DATA</level>
  <class>com.kms.katalon.core.logging.XmlKeywordLogger</class>
  <method>logMessage</method>
  <thread>1</thread>
  <message>seleniumVersion = 3.141.59</message>
  <nestedLevel>2</nestedLevel>
  <escapedJava>false</escapedJava>
  <property name="seleniumVersion">3.141.59</property>
</record>
<record>
  <date>2022-11-29T11:43:37</date>
  <millis>1669740217888</millis>
  <sequence>21</sequence>
  <level>RUN_DATA</level>
  <class>com.kms.katalon.core.logging.XmlKeywordLogger</class>
  <method>logMessage</method>
  <thread>1</thread>
  <message>proxyInformation = ProxyInformation { proxyOption=NO_PROXY, proxyServerType=HTTP, username=, password=********, proxyServerAddress=, proxyServerPort=0, executionList=&amp;quot;&amp;quot;, isApplyToDesiredCapabilities=true }</message>
  <nestedLevel>2</nestedLevel>
  <escapedJava>false</escapedJava>
  <property name="proxyInformation">ProxyInformation { proxyOption=NO_PROXY, proxyServerType=HTTP, username=, password=********, proxyServerAddress=, proxyServerPort=0, executionList=&quot;&quot;, isApplyToDesiredCapabilities=true }</property>
</record>
<record>
  <date>2022-11-29T11:43:37</date>
  <millis>1669740217922</millis>
  <sequence>22</sequence>
  <level>PASSED</level>
  <class>com.kms.katalon.core.logging.XmlKeywordLogger</class>
  <method>logMessage</method>
  <thread>1</thread>
  <message>Browser is opened with url: &amp;apos;&amp;apos;</message>
  <nestedLevel>2</nestedLevel>
  <escapedJava>false</escapedJava>
  <property name="testops-method-name">com.kms.katalon.core.webui.keyword.builtin.OpenBrowserKeyword.openBrowser</property>
  <property name="testops-execution-stacktrace"></property>
</record>
<record>
  <date>2022-11-29T11:43:53</date>
  <millis>1669740233080</millis>
  <sequence>25</sequence>
  <level>PASSED</level>
  <class>com.kms.katalon.core.logging.XmlKeywordLogger</class>
  <method>logMessage</method>
  <thread>1</thread>
  <message>Navigate to &amp;apos;http://192.168.200.66:12000/#/login&amp;apos; successfully</message>
  <nestedLevel>2</nestedLevel>
  <escapedJava>false</escapedJava>
  <property name="testops-method-name">com.kms.katalon.core.webui.keyword.builtin.NavigateToUrlKeyword.navigateToUrl</property>
  <property name="testops-execution-stacktrace"></property>
</record>
<record>
  <date>2022-11-29T11:43:53</date>
  <millis>1669740233087</millis>
  <sequence>27</sequence>
  <level>PASSED</level>
  <class>com.kms.katalon.core.logging.XmlKeywordLogger</class>
  <method>logMessage</method>
  <thread>1</thread>
  <message>El usuario navega la pagina de inicio de sesion de mercadeo</message>
  <nestedLevel>2</nestedLevel>
  <escapedJava>false</escapedJava>
  <property name="testops-method-name">com.kms.katalon.core.keyword.internal.KeywordMain.runKeyword</property>
  <property name="testops-execution-stacktrace">com.kms.katalon.core.logging.KeywordLogger.logPassed(KeywordLogger.java:338)
com.kms.katalon.core.logging.KeywordLogger.logPassed(KeywordLogger.java:332)
cucumber.runtime.formatter.CucumberReporter.logResult(CucumberReporter.java:487)
cucumber.runtime.formatter.CucumberReporter.handleTestStepFinished(CucumberReporter.java:248)
cucumber.runtime.formatter.CucumberReporter.access$3(CucumberReporter.java:242)
cucumber.runtime.formatter.CucumberReporter$4.receive(CucumberReporter.java:87)
cucumber.runtime.formatter.CucumberReporter$4.receive(CucumberReporter.java:1)
cucumber.runner.EventBus.send(EventBus.java:28)
cucumber.runner.TestStep.run(TestStep.java:60)
cucumber.runner.PickleStepTestStep.run(PickleStepTestStep.java:53)
cucumber.runner.TestCase.run(TestCase.java:47)
cucumber.runner.Runner.runPickle(Runner.java:44)
cucumber.runtime.Runtime.runFeature(Runtime.java:120)
cucumber.runtime.Runtime.run(Runtime.java:106)
cucumber.api.cli.Main.run(Main.java:35)
cucumber.api.cli.Main$run.call(Unknown Source)
com.kms.katalon.core.cucumber.keyword.CucumberBuiltinKeywords$_runFeatureFile_closure1.doCall(CucumberBuiltinKeywords.groovy:108)
com.kms.katalon.core.cucumber.keyword.CucumberBuiltinKeywords$_runFeatureFile_closure1.doCall(CucumberBuiltinKeywords.groovy)
com.kms.katalon.core.keyword.internal.KeywordMain.runKeyword(KeywordMain.groovy:74)
com.kms.katalon.core.keyword.internal.KeywordMain.runKeyword(KeywordMain.groovy:68)
com.kms.katalon.core.keyword.internal.KeywordMain$runKeyword.call(Unknown Source)
com.kms.katalon.core.cucumber.keyword.CucumberBuiltinKeywords.runFeatureFile(CucumberBuiltinKeywords.groovy:75)
com.kms.katalon.core.cucumber.keyword.CucumberBuiltinKeywords$runFeatureFile$0.callStatic(Unknown Source)
com.kms.katalon.core.cucumber.keyword.CucumberBuiltinKeywords.runFeatureFile(CucumberBuiltinKeywords.groovy:248)
com.kms.katalon.core.cucumber.keyword.CucumberBuiltinKeywords$runFeatureFile.call(Unknown Source)
TC_Login.run(TC_Login:20)
</property>
</record>
<record>
  <date>2022-11-29T11:43:53</date>
  <millis>1669740233088</millis>
  <sequence>28</sequence>
  <level>END</level>
  <class>com.kms.katalon.core.logging.XmlKeywordLogger</class>
  <method>endKeyword</method>
  <thread>1</thread>
  <message>End End action : El usuario navega la pagina de inicio de sesion de mercadeo</message>
  <nestedLevel>2</nestedLevel>
  <escapedJava>false</escapedJava>
  <property name="BDD_STEP_DURATION">17782316300</property>
  <property name="BDD_STEP_STATUS">passed</property>
</record>
<record>
  <date>2022-11-29T11:43:53</date>
  <millis>1669740233089</millis>
  <sequence>29</sequence>
  <level>START</level>
  <class>com.kms.katalon.core.logging.XmlKeywordLogger</class>
  <method>startKeyword</method>
  <thread>1</thread>
  <message>Start action : ingresa usuario ldpappsl3 y contrasena r1vjgeft2cxJ7NAvIwi5jQ==</message>
  <nestedLevel>2</nestedLevel>
  <escapedJava>false</escapedJava>
  <property name="BDD_STEP_LINE">26</property>
  <property name="BDD_STEP_NAME">ingresa usuario ldpappsl3 y contrasena r1vjgeft2cxJ7NAvIwi5jQ==</property>
  <property name="BDD_STEP_KEYWORD">When </property>
  <property name="BDD_STEP_UUID">357d9cb8-896e-42a8-8c51-e2efbe9b9a29</property>
</record>
<record>
  <date>2022-11-29T11:43:54</date>
  <millis>1669740234180</millis>
  <sequence>45</sequence>
  <level>PASSED</level>
  <class>com.kms.katalon.core.logging.XmlKeywordLogger</class>
  <method>logMessage</method>
  <thread>1</thread>
  <message>Text &amp;apos;ldpappsl3&amp;apos; is set on object &amp;apos;Object Repository/Vtn_InicioSesion/txt_Username&amp;apos;</message>
  <nestedLevel>2</nestedLevel>
  <escapedJava>false</escapedJava>
  <property name="testops-method-name">com.kms.katalon.core.webui.keyword.builtin.SetTextKeyword.setText</property>
  <property name="testops-execution-stacktrace"></property>
</record>
<record>
  <date>2022-11-29T11:43:54</date>
  <millis>1669740234802</millis>
  <sequence>56</sequence>
  <level>PASSED</level>
  <class>com.kms.katalon.core.logging.XmlKeywordLogger</class>
  <method>logMessage</method>
  <thread>1</thread>
  <message>Text ****** has been set on object &amp;apos;Object Repository/Vtn_InicioSesion/txt_Password&amp;apos;</message>
  <nestedLevel>2</nestedLevel>
  <escapedJava>false</escapedJava>
  <property name="testops-method-name">com.kms.katalon.core.webui.keyword.builtin.SetEncryptedTextKeyword.setEncryptedText</property>
  <property name="testops-execution-stacktrace"></property>
</record>
<record>
  <date>2022-11-29T11:43:54</date>
  <millis>1669740234804</millis>
  <sequence>58</sequence>
  <level>PASSED</level>
  <class>com.kms.katalon.core.logging.XmlKeywordLogger</class>
  <method>logMessage</method>
  <thread>1</thread>
  <message>ingresa usuario ldpappsl3 y contrasena r1vjgeft2cxJ7NAvIwi5jQ==</message>
  <nestedLevel>2</nestedLevel>
  <escapedJava>false</escapedJava>
  <property name="testops-method-name">com.kms.katalon.core.keyword.internal.KeywordMain.runKeyword</property>
  <property name="testops-execution-stacktrace">com.kms.katalon.core.logging.KeywordLogger.logPassed(KeywordLogger.java:338)
com.kms.katalon.core.logging.KeywordLogger.logPassed(KeywordLogger.java:332)
cucumber.runtime.formatter.CucumberReporter.logResult(CucumberReporter.java:487)
cucumber.runtime.formatter.CucumberReporter.handleTestStepFinished(CucumberReporter.java:248)
cucumber.runtime.formatter.CucumberReporter.access$3(CucumberReporter.java:242)
cucumber.runtime.formatter.CucumberReporter$4.receive(CucumberReporter.java:87)
cucumber.runtime.formatter.CucumberReporter$4.receive(CucumberReporter.java:1)
cucumber.runner.EventBus.send(EventBus.java:28)
cucumber.runner.TestStep.run(TestStep.java:60)
cucumber.runner.PickleStepTestStep.run(PickleStepTestStep.java:53)
cucumber.runner.TestCase.run(TestCase.java:47)
cucumber.runner.Runner.runPickle(Runner.java:44)
cucumber.runtime.Runtime.runFeature(Runtime.java:120)
cucumber.runtime.Runtime.run(Runtime.java:106)
cucumber.api.cli.Main.run(Main.java:35)
cucumber.api.cli.Main$run.call(Unknown Source)
com.kms.katalon.core.cucumber.keyword.CucumberBuiltinKeywords$_runFeatureFile_closure1.doCall(CucumberBuiltinKeywords.groovy:108)
com.kms.katalon.core.cucumber.keyword.CucumberBuiltinKeywords$_runFeatureFile_closure1.doCall(CucumberBuiltinKeywords.groovy)
com.kms.katalon.core.keyword.internal.KeywordMain.runKeyword(KeywordMain.groovy:74)
com.kms.katalon.core.keyword.internal.KeywordMain.runKeyword(KeywordMain.groovy:68)
com.kms.katalon.core.keyword.internal.KeywordMain$runKeyword.call(Unknown Source)
com.kms.katalon.core.cucumber.keyword.CucumberBuiltinKeywords.runFeatureFile(CucumberBuiltinKeywords.groovy:75)
com.kms.katalon.core.cucumber.keyword.CucumberBuiltinKeywords$runFeatureFile$0.callStatic(Unknown Source)
com.kms.katalon.core.cucumber.keyword.CucumberBuiltinKeywords.runFeatureFile(CucumberBuiltinKeywords.groovy:248)
com.kms.katalon.core.cucumber.keyword.CucumberBuiltinKeywords$runFeatureFile.call(Unknown Source)
TC_Login.run(TC_Login:20)
</property>
</record>
<record>
  <date>2022-11-29T11:43:54</date>
  <millis>1669740234805</millis>
  <sequence>59</sequence>
  <level>END</level>
  <class>com.kms.katalon.core.logging.XmlKeywordLogger</class>
  <method>endKeyword</method>
  <thread>1</thread>
  <message>End End action : ingresa usuario ldpappsl3 y contrasena r1vjgeft2cxJ7NAvIwi5jQ==</message>
  <nestedLevel>2</nestedLevel>
  <escapedJava>false</escapedJava>
  <property name="BDD_STEP_DURATION">1714076500</property>
  <property name="BDD_STEP_STATUS">passed</property>
</record>
<record>
  <date>2022-11-29T11:43:54</date>
  <millis>1669740234806</millis>
  <sequence>60</sequence>
  <level>START</level>
  <class>com.kms.katalon.core.logging.XmlKeywordLogger</class>
  <method>startKeyword</method>
  <thread>1</thread>
  <message>Start action : Clic sobre el boton ingresar</message>
  <nestedLevel>2</nestedLevel>
  <escapedJava>false</escapedJava>
  <property name="BDD_STEP_LINE">27</property>
  <property name="BDD_STEP_NAME">Clic sobre el boton ingresar</property>
  <property name="BDD_STEP_KEYWORD">And </property>
  <property name="BDD_STEP_UUID">ccb1b56f-c330-418c-b5dc-7e4f2445045f</property>
</record>
<record>
  <date>2022-11-29T11:43:55</date>
  <millis>1669740235561</millis>
  <sequence>70</sequence>
  <level>PASSED</level>
  <class>com.kms.katalon.core.logging.XmlKeywordLogger</class>
  <method>logMessage</method>
  <thread>1</thread>
  <message>Object: &amp;apos;Object Repository/Vtn_InicioSesion/btn_Ingresar&amp;apos; is clicked on</message>
  <nestedLevel>2</nestedLevel>
  <escapedJava>false</escapedJava>
  <property name="testops-method-name">com.kms.katalon.core.webui.keyword.builtin.ClickKeyword.click</property>
  <property name="testops-execution-stacktrace"></property>
</record>
<record>
  <date>2022-11-29T11:43:55</date>
  <millis>1669740235563</millis>
  <sequence>72</sequence>
  <level>PASSED</level>
  <class>com.kms.katalon.core.logging.XmlKeywordLogger</class>
  <method>logMessage</method>
  <thread>1</thread>
  <message>Clic sobre el boton ingresar</message>
  <nestedLevel>2</nestedLevel>
  <escapedJava>false</escapedJava>
  <property name="testops-method-name">com.kms.katalon.core.keyword.internal.KeywordMain.runKeyword</property>
  <property name="testops-execution-stacktrace">com.kms.katalon.core.logging.KeywordLogger.logPassed(KeywordLogger.java:338)
com.kms.katalon.core.logging.KeywordLogger.logPassed(KeywordLogger.java:332)
cucumber.runtime.formatter.CucumberReporter.logResult(CucumberReporter.java:487)
cucumber.runtime.formatter.CucumberReporter.handleTestStepFinished(CucumberReporter.java:248)
cucumber.runtime.formatter.CucumberReporter.access$3(CucumberReporter.java:242)
cucumber.runtime.formatter.CucumberReporter$4.receive(CucumberReporter.java:87)
cucumber.runtime.formatter.CucumberReporter$4.receive(CucumberReporter.java:1)
cucumber.runner.EventBus.send(EventBus.java:28)
cucumber.runner.TestStep.run(TestStep.java:60)
cucumber.runner.PickleStepTestStep.run(PickleStepTestStep.java:53)
cucumber.runner.TestCase.run(TestCase.java:47)
cucumber.runner.Runner.runPickle(Runner.java:44)
cucumber.runtime.Runtime.runFeature(Runtime.java:120)
cucumber.runtime.Runtime.run(Runtime.java:106)
cucumber.api.cli.Main.run(Main.java:35)
cucumber.api.cli.Main$run.call(Unknown Source)
com.kms.katalon.core.cucumber.keyword.CucumberBuiltinKeywords$_runFeatureFile_closure1.doCall(CucumberBuiltinKeywords.groovy:108)
com.kms.katalon.core.cucumber.keyword.CucumberBuiltinKeywords$_runFeatureFile_closure1.doCall(CucumberBuiltinKeywords.groovy)
com.kms.katalon.core.keyword.internal.KeywordMain.runKeyword(KeywordMain.groovy:74)
com.kms.katalon.core.keyword.internal.KeywordMain.runKeyword(KeywordMain.groovy:68)
com.kms.katalon.core.keyword.internal.KeywordMain$runKeyword.call(Unknown Source)
com.kms.katalon.core.cucumber.keyword.CucumberBuiltinKeywords.runFeatureFile(CucumberBuiltinKeywords.groovy:75)
com.kms.katalon.core.cucumber.keyword.CucumberBuiltinKeywords$runFeatureFile$0.callStatic(Unknown Source)
com.kms.katalon.core.cucumber.keyword.CucumberBuiltinKeywords.runFeatureFile(CucumberBuiltinKeywords.groovy:248)
com.kms.katalon.core.cucumber.keyword.CucumberBuiltinKeywords$runFeatureFile.call(Unknown Source)
TC_Login.run(TC_Login:20)
</property>
</record>
<record>
  <date>2022-11-29T11:43:55</date>
  <millis>1669740235564</millis>
  <sequence>73</sequence>
  <level>END</level>
  <class>com.kms.katalon.core.logging.XmlKeywordLogger</class>
  <method>endKeyword</method>
  <thread>1</thread>
  <message>End End action : Clic sobre el boton ingresar</message>
  <nestedLevel>2</nestedLevel>
  <escapedJava>false</escapedJava>
  <property name="BDD_STEP_DURATION">756008300</property>
  <property name="BDD_STEP_STATUS">passed</property>
</record>
<record>
  <date>2022-11-29T11:43:55</date>
  <millis>1669740235565</millis>
  <sequence>74</sequence>
  <level>START</level>
  <class>com.kms.katalon.core.logging.XmlKeywordLogger</class>
  <method>startKeyword</method>
  <thread>1</thread>
  <message>Start action : el sistema verifica el status</message>
  <nestedLevel>2</nestedLevel>
  <escapedJava>false</escapedJava>
  <property name="BDD_STEP_LINE">28</property>
  <property name="BDD_STEP_NAME">el sistema verifica el status</property>
  <property name="BDD_STEP_KEYWORD">Then </property>
  <property name="BDD_STEP_UUID">b0c8e6ed-066f-4b94-ab8a-eebe00e95398</property>
</record>
<record>
  <date>2022-11-29T11:43:55</date>
  <millis>1669740235566</millis>
  <sequence>76</sequence>
  <level>PASSED</level>
  <class>com.kms.katalon.core.logging.XmlKeywordLogger</class>
  <method>logMessage</method>
  <thread>1</thread>
  <message>el sistema verifica el status</message>
  <nestedLevel>2</nestedLevel>
  <escapedJava>false</escapedJava>
  <property name="testops-method-name">com.kms.katalon.core.keyword.internal.KeywordMain.runKeyword</property>
  <property name="testops-execution-stacktrace">com.kms.katalon.core.logging.KeywordLogger.logPassed(KeywordLogger.java:338)
com.kms.katalon.core.logging.KeywordLogger.logPassed(KeywordLogger.java:332)
cucumber.runtime.formatter.CucumberReporter.logResult(CucumberReporter.java:487)
cucumber.runtime.formatter.CucumberReporter.handleTestStepFinished(CucumberReporter.java:248)
cucumber.runtime.formatter.CucumberReporter.access$3(CucumberReporter.java:242)
cucumber.runtime.formatter.CucumberReporter$4.receive(CucumberReporter.java:87)
cucumber.runtime.formatter.CucumberReporter$4.receive(CucumberReporter.java:1)
cucumber.runner.EventBus.send(EventBus.java:28)
cucumber.runner.TestStep.run(TestStep.java:60)
cucumber.runner.PickleStepTestStep.run(PickleStepTestStep.java:53)
cucumber.runner.TestCase.run(TestCase.java:47)
cucumber.runner.Runner.runPickle(Runner.java:44)
cucumber.runtime.Runtime.runFeature(Runtime.java:120)
cucumber.runtime.Runtime.run(Runtime.java:106)
cucumber.api.cli.Main.run(Main.java:35)
cucumber.api.cli.Main$run.call(Unknown Source)
com.kms.katalon.core.cucumber.keyword.CucumberBuiltinKeywords$_runFeatureFile_closure1.doCall(CucumberBuiltinKeywords.groovy:108)
com.kms.katalon.core.cucumber.keyword.CucumberBuiltinKeywords$_runFeatureFile_closure1.doCall(CucumberBuiltinKeywords.groovy)
com.kms.katalon.core.keyword.internal.KeywordMain.runKeyword(KeywordMain.groovy:74)
com.kms.katalon.core.keyword.internal.KeywordMain.runKeyword(KeywordMain.groovy:68)
com.kms.katalon.core.keyword.internal.KeywordMain$runKeyword.call(Unknown Source)
com.kms.katalon.core.cucumber.keyword.CucumberBuiltinKeywords.runFeatureFile(CucumberBuiltinKeywords.groovy:75)
com.kms.katalon.core.cucumber.keyword.CucumberBuiltinKeywords$runFeatureFile$0.callStatic(Unknown Source)
com.kms.katalon.core.cucumber.keyword.CucumberBuiltinKeywords.runFeatureFile(CucumberBuiltinKeywords.groovy:248)
com.kms.katalon.core.cucumber.keyword.CucumberBuiltinKeywords$runFeatureFile.call(Unknown Source)
TC_Login.run(TC_Login:20)
</property>
</record>
<record>
  <date>2022-11-29T11:43:55</date>
  <millis>1669740235568</millis>
  <sequence>77</sequence>
  <level>END</level>
  <class>com.kms.katalon.core.logging.XmlKeywordLogger</class>
  <method>endKeyword</method>
  <thread>1</thread>
  <message>End End action : el sistema verifica el status</message>
  <nestedLevel>2</nestedLevel>
  <escapedJava>false</escapedJava>
  <property name="BDD_STEP_DURATION">1268400</property>
  <property name="BDD_STEP_STATUS">passed</property>
</record>
<record>
  <date>2022-11-29T11:43:55</date>
  <millis>1669740235575</millis>
  <sequence>79</sequence>
  <level>PASSED</level>
  <class>com.kms.katalon.core.logging.XmlKeywordLogger</class>
  <method>logMessage</method>
  <thread>1</thread>
  <message>SCENARIO Validacion inicio sesion con credenciales correctas</message>
  <nestedLevel>2</nestedLevel>
  <escapedJava>false</escapedJava>
  <property name="testops-method-name">com.kms.katalon.core.keyword.internal.KeywordMain.runKeyword</property>
  <property name="testops-execution-stacktrace">com.kms.katalon.core.logging.KeywordLogger.logPassed(KeywordLogger.java:338)
com.kms.katalon.core.logging.KeywordLogger.logPassed(KeywordLogger.java:332)
cucumber.runtime.formatter.CucumberReporter.logResult(CucumberReporter.java:487)
cucumber.runtime.formatter.CucumberReporter.access$8(CucumberReporter.java:484)
cucumber.runtime.formatter.CucumberReporter$8.receive(CucumberReporter.java:130)
cucumber.runtime.formatter.CucumberReporter$8.receive(CucumberReporter.java:1)
cucumber.runner.EventBus.send(EventBus.java:28)
cucumber.runner.TestCase.run(TestCase.java:58)
cucumber.runner.Runner.runPickle(Runner.java:44)
cucumber.runtime.Runtime.runFeature(Runtime.java:120)
cucumber.runtime.Runtime.run(Runtime.java:106)
cucumber.api.cli.Main.run(Main.java:35)
cucumber.api.cli.Main$run.call(Unknown Source)
com.kms.katalon.core.cucumber.keyword.CucumberBuiltinKeywords$_runFeatureFile_closure1.doCall(CucumberBuiltinKeywords.groovy:108)
com.kms.katalon.core.cucumber.keyword.CucumberBuiltinKeywords$_runFeatureFile_closure1.doCall(CucumberBuiltinKeywords.groovy)
com.kms.katalon.core.keyword.internal.KeywordMain.runKeyword(KeywordMain.groovy:74)
com.kms.katalon.core.keyword.internal.KeywordMain.runKeyword(KeywordMain.groovy:68)
com.kms.katalon.core.keyword.internal.KeywordMain$runKeyword.call(Unknown Source)
com.kms.katalon.core.cucumber.keyword.CucumberBuiltinKeywords.runFeatureFile(CucumberBuiltinKeywords.groovy:75)
com.kms.katalon.core.cucumber.keyword.CucumberBuiltinKeywords$runFeatureFile$0.callStatic(Unknown Source)
com.kms.katalon.core.cucumber.keyword.CucumberBuiltinKeywords.runFeatureFile(CucumberBuiltinKeywords.groovy:248)
com.kms.katalon.core.cucumber.keyword.CucumberBuiltinKeywords$runFeatureFile.call(Unknown Source)
TC_Login.run(TC_Login:20)
</property>
</record>
<record>
  <date>2022-11-29T11:43:55</date>
  <millis>1669740235577</millis>
  <sequence>80</sequence>
  <level>END</level>
  <class>com.kms.katalon.core.logging.XmlKeywordLogger</class>
  <method>endTest</method>
  <thread>1</thread>
  <message>End Test Case : SCENARIO Validacion inicio sesion con credenciales correctas</message>
  <nestedLevel>1</nestedLevel>
  <escapedJava>false</escapedJava>
</record>
<record>
  <date>2022-11-29T11:43:55</date>
  <millis>1669740235770</millis>
  <sequence>82</sequence>
  <level>PASSED</level>
  <class>com.kms.katalon.core.logging.XmlKeywordLogger</class>
  <method>logMessage</method>
  <thread>1</thread>
  <message>Feature file: &amp;apos;Include/features/Login.feature&amp;apos; was passed</message>
  <nestedLevel>1</nestedLevel>
  <escapedJava>false</escapedJava>
  <property name="testops-method-name">com.kms.katalon.core.keyword.internal.KeywordMain.runKeyword</property>
  <property name="testops-execution-stacktrace">com.kms.katalon.core.logging.KeywordLogger.logPassed(KeywordLogger.java:338)
com.kms.katalon.core.logging.KeywordLogger.logPassed(KeywordLogger.java:332)
com.kms.katalon.core.logging.KeywordLogger$logPassed$2.call(Unknown Source)
com.kms.katalon.core.cucumber.keyword.CucumberBuiltinKeywords$_runFeatureFile_closure1.doCall(CucumberBuiltinKeywords.groovy:112)
com.kms.katalon.core.cucumber.keyword.CucumberBuiltinKeywords$_runFeatureFile_closure1.doCall(CucumberBuiltinKeywords.groovy)
com.kms.katalon.core.keyword.internal.KeywordMain.runKeyword(KeywordMain.groovy:74)
com.kms.katalon.core.keyword.internal.KeywordMain.runKeyword(KeywordMain.groovy:68)
com.kms.katalon.core.keyword.internal.KeywordMain$runKeyword.call(Unknown Source)
com.kms.katalon.core.cucumber.keyword.CucumberBuiltinKeywords.runFeatureFile(CucumberBuiltinKeywords.groovy:75)
com.kms.katalon.core.cucumber.keyword.CucumberBuiltinKeywords$runFeatureFile$0.callStatic(Unknown Source)
com.kms.katalon.core.cucumber.keyword.CucumberBuiltinKeywords.runFeatureFile(CucumberBuiltinKeywords.groovy:248)
com.kms.katalon.core.cucumber.keyword.CucumberBuiltinKeywords$runFeatureFile.call(Unknown Source)
TC_Login.run(TC_Login:20)
</property>
</record>
<record>
  <date>2022-11-29T11:43:55</date>
  <millis>1669740235771</millis>
  <sequence>83</sequence>
  <level>END</level>
  <class>com.kms.katalon.core.logging.XmlKeywordLogger</class>
  <method>endKeyword</method>
  <thread>1</thread>
  <message>End action : runFeatureFile(&amp;quot;Include/features/Login.feature&amp;quot;)</message>
  <nestedLevel>1</nestedLevel>
  <escapedJava>false</escapedJava>
</record>
<record>
  <date>2022-11-29T11:43:55</date>
  <millis>1669740235771</millis>
  <sequence>84</sequence>
  <level>PASSED</level>
  <class>com.kms.katalon.core.logging.XmlKeywordLogger</class>
  <method>logMessage</method>
  <thread>1</thread>
  <message>Test Cases/TC_Login</message>
  <nestedLevel>1</nestedLevel>
  <escapedJava>false</escapedJava>
</record>
<record>
  <date>2022-11-29T11:43:55</date>
  <millis>1669740235773</millis>
  <sequence>85</sequence>
  <level>END</level>
  <class>com.kms.katalon.core.logging.XmlKeywordLogger</class>
  <method>endTest</method>
  <thread>1</thread>
  <message>End Test Case : Test Cases/TC_Login</message>
  <nestedLevel>0</nestedLevel>
  <escapedJava>false</escapedJava>
  <property name="executionBindingVariables">[]</property>
  <property name="applitools">false</property>
  <property name="remainingRetryCount">3</property>
  <property name="currentRetryCount">0</property>
  <property name="keywordsUsage">{
  &quot;web_ui&quot;: true,
  &quot;web_service&quot;: false,
  &quot;cucumber&quot;: true,
  &quot;builtin&quot;: false,
  &quot;mobile&quot;: false,
  &quot;windows&quot;: false,
  &quot;testng&quot;: false
}</property>
</record>
<record>
  <date>2022-11-29T11:43:55</date>
  <millis>1669740235787</millis>
  <sequence>86</sequence>
  <level>START</level>
  <class>com.kms.katalon.core.logging.XmlKeywordLogger</class>
  <method>startTest</method>
  <thread>1</thread>
  <message>Start Test Case : Test Cases/TC_ConsultarAfiliado</message>
  <nestedLevel>1</nestedLevel>
  <escapedJava>false</escapedJava>
  <property name="remainingRetryCount">3</property>
  <property name="name">Test Cases/TC_ConsultarAfiliado</property>
  <property name="description"></property>
  <property name="iteration"></property>
  <property name="id">Test Cases/TC_ConsultarAfiliado</property>
  <property name="source">C:\Users\dimartinez\Katalon Studio\Mercadeo_BDD\Test Cases\TC_ConsultarAfiliado.tc</property>
  <property name="tag"></property>
  <property name="isOptional">false</property>
  <property name="currentRetryCount">0</property>
</record>
<record>
  <date>2022-11-29T11:43:56</date>
  <millis>1669740236130</millis>
  <sequence>88</sequence>
  <level>START</level>
  <class>com.kms.katalon.core.logging.XmlKeywordLogger</class>
  <method>startKeyword</method>
  <thread>1</thread>
  <message>Start action : runFeatureFile(&amp;quot;Include/features/ConsultarAfiliado.feature&amp;quot;)</message>
  <nestedLevel>1</nestedLevel>
  <escapedJava>false</escapedJava>
  <property name="startLine">20</property>
  <property name="stepIndex">1</property>
</record>
<record>
  <date>2022-11-29T11:43:56</date>
  <millis>1669740236131</millis>
  <sequence>89</sequence>
  <level>INFO</level>
  <class>com.kms.katalon.core.logging.XmlKeywordLogger</class>
  <method>logMessage</method>
  <thread>1</thread>
  <message>Starting run keyword runFeatureFile: &amp;apos;Include/features/ConsultarAfiliado.feature&amp;apos; and extract report to folder: &amp;apos;C:\Users\dimartinez\Katalon Studio\Mercadeo_BDD\Reports\20221129_114329\ConsultarAfiliado\20221129_114330/cucumber_report/1669740236131&amp;apos;...</message>
  <nestedLevel>1</nestedLevel>
  <escapedJava>false</escapedJava>
</record>
<record>
  <date>2022-11-29T11:43:56</date>
  <millis>1669740236473</millis>
  <sequence>91</sequence>
  <level>START</level>
  <class>com.kms.katalon.core.logging.XmlKeywordLogger</class>
  <method>startTest</method>
  <thread>1</thread>
  <message>Start Test Case : SCENARIO Title of your scenario outline</message>
  <nestedLevel>2</nestedLevel>
  <escapedJava>false</escapedJava>
  <property name="BDD_TESTCASE_TYPE">scenario</property>
  <property name="BDD_TESTCASE_DESCRIPTION"></property>
  <property name="BDD_TESTCASE_LINE">32</property>
  <property name="BDD_TESTRUN_UUID">fc7c726b-cfed-49f3-abf1-5d52f5ac70b0</property>
  <property name="BDD_TESTCASE_NAME">Title of your scenario outline</property>
  <property name="BDD_FEATURE_NAME">Consultar Afiliado</property>
</record>
<record>
  <date>2022-11-29T11:43:56</date>
  <millis>1669740236474</millis>
  <sequence>92</sequence>
  <level>START</level>
  <class>com.kms.katalon.core.logging.XmlKeywordLogger</class>
  <method>startKeyword</method>
  <thread>1</thread>
  <message>Start action : El usuario navega la pagina de consulta de Afiliado</message>
  <nestedLevel>2</nestedLevel>
  <escapedJava>false</escapedJava>
  <property name="BDD_STEP_LINE">25</property>
  <property name="BDD_STEP_NAME">El usuario navega la pagina de consulta de Afiliado</property>
  <property name="BDD_STEP_KEYWORD">Given </property>
  <property name="BDD_STEP_UUID">4c2d98bf-5de4-4fe2-acf0-6db93d9cf9fd</property>
</record>
<record>
  <date>2022-11-29T11:43:56</date>
  <millis>1669740236483</millis>
  <sequence>94</sequence>
  <level>PASSED</level>
  <class>com.kms.katalon.core.logging.XmlKeywordLogger</class>
  <method>logMessage</method>
  <thread>1</thread>
  <message>El usuario navega la pagina de consulta de Afiliado</message>
  <nestedLevel>2</nestedLevel>
  <escapedJava>false</escapedJava>
  <property name="testops-method-name">com.kms.katalon.core.keyword.internal.KeywordMain.runKeyword</property>
  <property name="testops-execution-stacktrace">com.kms.katalon.core.logging.KeywordLogger.logPassed(KeywordLogger.java:338)
com.kms.katalon.core.logging.KeywordLogger.logPassed(KeywordLogger.java:332)
cucumber.runtime.formatter.CucumberReporter.logResult(CucumberReporter.java:487)
cucumber.runtime.formatter.CucumberReporter.handleTestStepFinished(CucumberReporter.java:248)
cucumber.runtime.formatter.CucumberReporter.access$3(CucumberReporter.java:242)
cucumber.runtime.formatter.CucumberReporter$4.receive(CucumberReporter.java:87)
cucumber.runtime.formatter.CucumberReporter$4.receive(CucumberReporter.java:1)
cucumber.runner.EventBus.send(EventBus.java:28)
cucumber.runner.TestStep.run(TestStep.java:60)
cucumber.runner.PickleStepTestStep.run(PickleStepTestStep.java:53)
cucumber.runner.TestCase.run(TestCase.java:47)
cucumber.runner.Runner.runPickle(Runner.java:44)
cucumber.runtime.Runtime.runFeature(Runtime.java:120)
cucumber.runtime.Runtime.run(Runtime.java:106)
cucumber.api.cli.Main.run(Main.java:35)
cucumber.api.cli.Main$run.call(Unknown Source)
com.kms.katalon.core.cucumber.keyword.CucumberBuiltinKeywords$_runFeatureFile_closure1.doCall(CucumberBuiltinKeywords.groovy:108)
com.kms.katalon.core.cucumber.keyword.CucumberBuiltinKeywords$_runFeatureFile_closure1.doCall(CucumberBuiltinKeywords.groovy)
com.kms.katalon.core.keyword.internal.KeywordMain.runKeyword(KeywordMain.groovy:74)
com.kms.katalon.core.keyword.internal.KeywordMain.runKeyword(KeywordMain.groovy:68)
com.kms.katalon.core.keyword.internal.KeywordMain$runKeyword.call(Unknown Source)
com.kms.katalon.core.cucumber.keyword.CucumberBuiltinKeywords.runFeatureFile(CucumberBuiltinKeywords.groovy:75)
com.kms.katalon.core.cucumber.keyword.CucumberBuiltinKeywords$runFeatureFile$0.callStatic(Unknown Source)
com.kms.katalon.core.cucumber.keyword.CucumberBuiltinKeywords.runFeatureFile(CucumberBuiltinKeywords.groovy:248)
com.kms.katalon.core.cucumber.keyword.CucumberBuiltinKeywords$runFeatureFile.call(Unknown Source)
TC_ConsultarAfiliado.run(TC_ConsultarAfiliado:20)
</property>
</record>
<record>
  <date>2022-11-29T11:43:56</date>
  <millis>1669740236484</millis>
  <sequence>95</sequence>
  <level>END</level>
  <class>com.kms.katalon.core.logging.XmlKeywordLogger</class>
  <method>endKeyword</method>
  <thread>1</thread>
  <message>End End action : El usuario navega la pagina de consulta de Afiliado</message>
  <nestedLevel>2</nestedLevel>
  <escapedJava>false</escapedJava>
  <property name="BDD_STEP_DURATION">8567700</property>
  <property name="BDD_STEP_STATUS">passed</property>
</record>
<record>
  <date>2022-11-29T11:43:56</date>
  <millis>1669740236485</millis>
  <sequence>96</sequence>
  <level>START</level>
  <class>com.kms.katalon.core.logging.XmlKeywordLogger</class>
  <method>startKeyword</method>
  <thread>1</thread>
  <message>Start action : ingresa el numero de documento 1007740082</message>
  <nestedLevel>2</nestedLevel>
  <escapedJava>false</escapedJava>
  <property name="BDD_STEP_LINE">26</property>
  <property name="BDD_STEP_NAME">ingresa el numero de documento 1007740082</property>
  <property name="BDD_STEP_KEYWORD">When </property>
  <property name="BDD_STEP_UUID">e3d24248-981d-43ed-9c09-f4ec0904e97d</property>
</record>
<record>
  <date>2022-11-29T11:43:58</date>
  <millis>1669740238676</millis>
  <sequence>112</sequence>
  <level>PASSED</level>
  <class>com.kms.katalon.core.logging.XmlKeywordLogger</class>
  <method>logMessage</method>
  <thread>1</thread>
  <message>Text &amp;apos;1007740082&amp;apos; is set on object &amp;apos;Object Repository/Vtn_ConsultarAfiliado/txt_NroDoc&amp;apos;</message>
  <nestedLevel>2</nestedLevel>
  <escapedJava>false</escapedJava>
  <property name="testops-method-name">com.kms.katalon.core.webui.keyword.builtin.SetTextKeyword.setText</property>
  <property name="testops-execution-stacktrace"></property>
</record>
<record>
  <date>2022-11-29T11:43:58</date>
  <millis>1669740238677</millis>
  <sequence>114</sequence>
  <level>PASSED</level>
  <class>com.kms.katalon.core.logging.XmlKeywordLogger</class>
  <method>logMessage</method>
  <thread>1</thread>
  <message>ingresa el numero de documento 1007740082</message>
  <nestedLevel>2</nestedLevel>
  <escapedJava>false</escapedJava>
  <property name="testops-method-name">com.kms.katalon.core.keyword.internal.KeywordMain.runKeyword</property>
  <property name="testops-execution-stacktrace">com.kms.katalon.core.logging.KeywordLogger.logPassed(KeywordLogger.java:338)
com.kms.katalon.core.logging.KeywordLogger.logPassed(KeywordLogger.java:332)
cucumber.runtime.formatter.CucumberReporter.logResult(CucumberReporter.java:487)
cucumber.runtime.formatter.CucumberReporter.handleTestStepFinished(CucumberReporter.java:248)
cucumber.runtime.formatter.CucumberReporter.access$3(CucumberReporter.java:242)
cucumber.runtime.formatter.CucumberReporter$4.receive(CucumberReporter.java:87)
cucumber.runtime.formatter.CucumberReporter$4.receive(CucumberReporter.java:1)
cucumber.runner.EventBus.send(EventBus.java:28)
cucumber.runner.TestStep.run(TestStep.java:60)
cucumber.runner.PickleStepTestStep.run(PickleStepTestStep.java:53)
cucumber.runner.TestCase.run(TestCase.java:47)
cucumber.runner.Runner.runPickle(Runner.java:44)
cucumber.runtime.Runtime.runFeature(Runtime.java:120)
cucumber.runtime.Runtime.run(Runtime.java:106)
cucumber.api.cli.Main.run(Main.java:35)
cucumber.api.cli.Main$run.call(Unknown Source)
com.kms.katalon.core.cucumber.keyword.CucumberBuiltinKeywords$_runFeatureFile_closure1.doCall(CucumberBuiltinKeywords.groovy:108)
com.kms.katalon.core.cucumber.keyword.CucumberBuiltinKeywords$_runFeatureFile_closure1.doCall(CucumberBuiltinKeywords.groovy)
com.kms.katalon.core.keyword.internal.KeywordMain.runKeyword(KeywordMain.groovy:74)
com.kms.katalon.core.keyword.internal.KeywordMain.runKeyword(KeywordMain.groovy:68)
com.kms.katalon.core.keyword.internal.KeywordMain$runKeyword.call(Unknown Source)
com.kms.katalon.core.cucumber.keyword.CucumberBuiltinKeywords.runFeatureFile(CucumberBuiltinKeywords.groovy:75)
com.kms.katalon.core.cucumber.keyword.CucumberBuiltinKeywords$runFeatureFile$0.callStatic(Unknown Source)
com.kms.katalon.core.cucumber.keyword.CucumberBuiltinKeywords.runFeatureFile(CucumberBuiltinKeywords.groovy:248)
com.kms.katalon.core.cucumber.keyword.CucumberBuiltinKeywords$runFeatureFile.call(Unknown Source)
TC_ConsultarAfiliado.run(TC_ConsultarAfiliado:20)
</property>
</record>
<record>
  <date>2022-11-29T11:43:58</date>
  <millis>1669740238678</millis>
  <sequence>115</sequence>
  <level>END</level>
  <class>com.kms.katalon.core.logging.XmlKeywordLogger</class>
  <method>endKeyword</method>
  <thread>1</thread>
  <message>End End action : ingresa el numero de documento 1007740082</message>
  <nestedLevel>2</nestedLevel>
  <escapedJava>false</escapedJava>
  <property name="BDD_STEP_DURATION">2191860100</property>
  <property name="BDD_STEP_STATUS">passed</property>
</record>
<record>
  <date>2022-11-29T11:43:58</date>
  <millis>1669740238679</millis>
  <sequence>116</sequence>
  <level>START</level>
  <class>com.kms.katalon.core.logging.XmlKeywordLogger</class>
  <method>startKeyword</method>
  <thread>1</thread>
  <message>Start action : clic sobre el boton buscarAfiliado</message>
  <nestedLevel>2</nestedLevel>
  <escapedJava>false</escapedJava>
  <property name="BDD_STEP_LINE">27</property>
  <property name="BDD_STEP_NAME">clic sobre el boton buscarAfiliado</property>
  <property name="BDD_STEP_KEYWORD">And </property>
  <property name="BDD_STEP_UUID">f70269cf-7c53-428c-b8ca-59cf7b7501d5</property>
</record>
<record>
  <date>2022-11-29T11:43:59</date>
  <millis>1669740239233</millis>
  <sequence>126</sequence>
  <level>PASSED</level>
  <class>com.kms.katalon.core.logging.XmlKeywordLogger</class>
  <method>logMessage</method>
  <thread>1</thread>
  <message>Object: &amp;apos;Object Repository/Vtn_ConsultarAfiliado/btn_BuscarAfiliado&amp;apos; is clicked on</message>
  <nestedLevel>2</nestedLevel>
  <escapedJava>false</escapedJava>
  <property name="testops-method-name">com.kms.katalon.core.webui.keyword.builtin.ClickKeyword.click</property>
  <property name="testops-execution-stacktrace"></property>
</record>
<record>
  <date>2022-11-29T11:43:59</date>
  <millis>1669740239235</millis>
  <sequence>128</sequence>
  <level>PASSED</level>
  <class>com.kms.katalon.core.logging.XmlKeywordLogger</class>
  <method>logMessage</method>
  <thread>1</thread>
  <message>clic sobre el boton buscarAfiliado</message>
  <nestedLevel>2</nestedLevel>
  <escapedJava>false</escapedJava>
  <property name="testops-method-name">com.kms.katalon.core.keyword.internal.KeywordMain.runKeyword</property>
  <property name="testops-execution-stacktrace">com.kms.katalon.core.logging.KeywordLogger.logPassed(KeywordLogger.java:338)
com.kms.katalon.core.logging.KeywordLogger.logPassed(KeywordLogger.java:332)
cucumber.runtime.formatter.CucumberReporter.logResult(CucumberReporter.java:487)
cucumber.runtime.formatter.CucumberReporter.handleTestStepFinished(CucumberReporter.java:248)
cucumber.runtime.formatter.CucumberReporter.access$3(CucumberReporter.java:242)
cucumber.runtime.formatter.CucumberReporter$4.receive(CucumberReporter.java:87)
cucumber.runtime.formatter.CucumberReporter$4.receive(CucumberReporter.java:1)
cucumber.runner.EventBus.send(EventBus.java:28)
cucumber.runner.TestStep.run(TestStep.java:60)
cucumber.runner.PickleStepTestStep.run(PickleStepTestStep.java:53)
cucumber.runner.TestCase.run(TestCase.java:47)
cucumber.runner.Runner.runPickle(Runner.java:44)
cucumber.runtime.Runtime.runFeature(Runtime.java:120)
cucumber.runtime.Runtime.run(Runtime.java:106)
cucumber.api.cli.Main.run(Main.java:35)
cucumber.api.cli.Main$run.call(Unknown Source)
com.kms.katalon.core.cucumber.keyword.CucumberBuiltinKeywords$_runFeatureFile_closure1.doCall(CucumberBuiltinKeywords.groovy:108)
com.kms.katalon.core.cucumber.keyword.CucumberBuiltinKeywords$_runFeatureFile_closure1.doCall(CucumberBuiltinKeywords.groovy)
com.kms.katalon.core.keyword.internal.KeywordMain.runKeyword(KeywordMain.groovy:74)
com.kms.katalon.core.keyword.internal.KeywordMain.runKeyword(KeywordMain.groovy:68)
com.kms.katalon.core.keyword.internal.KeywordMain$runKeyword.call(Unknown Source)
com.kms.katalon.core.cucumber.keyword.CucumberBuiltinKeywords.runFeatureFile(CucumberBuiltinKeywords.groovy:75)
com.kms.katalon.core.cucumber.keyword.CucumberBuiltinKeywords$runFeatureFile$0.callStatic(Unknown Source)
com.kms.katalon.core.cucumber.keyword.CucumberBuiltinKeywords.runFeatureFile(CucumberBuiltinKeywords.groovy:248)
com.kms.katalon.core.cucumber.keyword.CucumberBuiltinKeywords$runFeatureFile.call(Unknown Source)
TC_ConsultarAfiliado.run(TC_ConsultarAfiliado:20)
</property>
</record>
<record>
  <date>2022-11-29T11:43:59</date>
  <millis>1669740239235</millis>
  <sequence>129</sequence>
  <level>END</level>
  <class>com.kms.katalon.core.logging.XmlKeywordLogger</class>
  <method>endKeyword</method>
  <thread>1</thread>
  <message>End End action : clic sobre el boton buscarAfiliado</message>
  <nestedLevel>2</nestedLevel>
  <escapedJava>false</escapedJava>
  <property name="BDD_STEP_DURATION">555238500</property>
  <property name="BDD_STEP_STATUS">passed</property>
</record>
<record>
  <date>2022-11-29T11:43:59</date>
  <millis>1669740239237</millis>
  <sequence>130</sequence>
  <level>START</level>
  <class>com.kms.katalon.core.logging.XmlKeywordLogger</class>
  <method>startKeyword</method>
  <thread>1</thread>
  <message>Start action : el sistema muestra la informaci贸n referente al afiliado</message>
  <nestedLevel>2</nestedLevel>
  <escapedJava>false</escapedJava>
  <property name="BDD_STEP_LINE">28</property>
  <property name="BDD_STEP_NAME">el sistema muestra la informaci贸n referente al afiliado</property>
  <property name="BDD_STEP_KEYWORD">Then </property>
  <property name="BDD_STEP_UUID">fb5760ba-bcaf-4718-84e2-7b16a1dd9837</property>
</record>
<record>
  <date>2022-11-29T11:43:59</date>
  <millis>1669740239238</millis>
  <sequence>132</sequence>
  <level>PASSED</level>
  <class>com.kms.katalon.core.logging.XmlKeywordLogger</class>
  <method>logMessage</method>
  <thread>1</thread>
  <message>el sistema muestra la informaci贸n referente al afiliado</message>
  <nestedLevel>2</nestedLevel>
  <escapedJava>false</escapedJava>
  <property name="testops-method-name">com.kms.katalon.core.keyword.internal.KeywordMain.runKeyword</property>
  <property name="testops-execution-stacktrace">com.kms.katalon.core.logging.KeywordLogger.logPassed(KeywordLogger.java:338)
com.kms.katalon.core.logging.KeywordLogger.logPassed(KeywordLogger.java:332)
cucumber.runtime.formatter.CucumberReporter.logResult(CucumberReporter.java:487)
cucumber.runtime.formatter.CucumberReporter.handleTestStepFinished(CucumberReporter.java:248)
cucumber.runtime.formatter.CucumberReporter.access$3(CucumberReporter.java:242)
cucumber.runtime.formatter.CucumberReporter$4.receive(CucumberReporter.java:87)
cucumber.runtime.formatter.CucumberReporter$4.receive(CucumberReporter.java:1)
cucumber.runner.EventBus.send(EventBus.java:28)
cucumber.runner.TestStep.run(TestStep.java:60)
cucumber.runner.PickleStepTestStep.run(PickleStepTestStep.java:53)
cucumber.runner.TestCase.run(TestCase.java:47)
cucumber.runner.Runner.runPickle(Runner.java:44)
cucumber.runtime.Runtime.runFeature(Runtime.java:120)
cucumber.runtime.Runtime.run(Runtime.java:106)
cucumber.api.cli.Main.run(Main.java:35)
cucumber.api.cli.Main$run.call(Unknown Source)
com.kms.katalon.core.cucumber.keyword.CucumberBuiltinKeywords$_runFeatureFile_closure1.doCall(CucumberBuiltinKeywords.groovy:108)
com.kms.katalon.core.cucumber.keyword.CucumberBuiltinKeywords$_runFeatureFile_closure1.doCall(CucumberBuiltinKeywords.groovy)
com.kms.katalon.core.keyword.internal.KeywordMain.runKeyword(KeywordMain.groovy:74)
com.kms.katalon.core.keyword.internal.KeywordMain.runKeyword(KeywordMain.groovy:68)
com.kms.katalon.core.keyword.internal.KeywordMain$runKeyword.call(Unknown Source)
com.kms.katalon.core.cucumber.keyword.CucumberBuiltinKeywords.runFeatureFile(CucumberBuiltinKeywords.groovy:75)
com.kms.katalon.core.cucumber.keyword.CucumberBuiltinKeywords$runFeatureFile$0.callStatic(Unknown Source)
com.kms.katalon.core.cucumber.keyword.CucumberBuiltinKeywords.runFeatureFile(CucumberBuiltinKeywords.groovy:248)
com.kms.katalon.core.cucumber.keyword.CucumberBuiltinKeywords$runFeatureFile.call(Unknown Source)
TC_ConsultarAfiliado.run(TC_ConsultarAfiliado:20)
</property>
</record>
<record>
  <date>2022-11-29T11:43:59</date>
  <millis>1669740239239</millis>
  <sequence>133</sequence>
  <level>END</level>
  <class>com.kms.katalon.core.logging.XmlKeywordLogger</class>
  <method>endKeyword</method>
  <thread>1</thread>
  <message>End End action : el sistema muestra la informaci贸n referente al afiliado</message>
  <nestedLevel>2</nestedLevel>
  <escapedJava>false</escapedJava>
  <property name="BDD_STEP_DURATION">1819200</property>
  <property name="BDD_STEP_STATUS">passed</property>
</record>
<record>
  <date>2022-11-29T11:43:59</date>
  <millis>1669740239240</millis>
  <sequence>135</sequence>
  <level>PASSED</level>
  <class>com.kms.katalon.core.logging.XmlKeywordLogger</class>
  <method>logMessage</method>
  <thread>1</thread>
  <message>SCENARIO Title of your scenario outline</message>
  <nestedLevel>2</nestedLevel>
  <escapedJava>false</escapedJava>
  <property name="testops-method-name">com.kms.katalon.core.keyword.internal.KeywordMain.runKeyword</property>
  <property name="testops-execution-stacktrace">com.kms.katalon.core.logging.KeywordLogger.logPassed(KeywordLogger.java:338)
com.kms.katalon.core.logging.KeywordLogger.logPassed(KeywordLogger.java:332)
cucumber.runtime.formatter.CucumberReporter.logResult(CucumberReporter.java:487)
cucumber.runtime.formatter.CucumberReporter.access$8(CucumberReporter.java:484)
cucumber.runtime.formatter.CucumberReporter$8.receive(CucumberReporter.java:130)
cucumber.runtime.formatter.CucumberReporter$8.receive(CucumberReporter.java:1)
cucumber.runner.EventBus.send(EventBus.java:28)
cucumber.runner.TestCase.run(TestCase.java:58)
cucumber.runner.Runner.runPickle(Runner.java:44)
cucumber.runtime.Runtime.runFeature(Runtime.java:120)
cucumber.runtime.Runtime.run(Runtime.java:106)
cucumber.api.cli.Main.run(Main.java:35)
cucumber.api.cli.Main$run.call(Unknown Source)
com.kms.katalon.core.cucumber.keyword.CucumberBuiltinKeywords$_runFeatureFile_closure1.doCall(CucumberBuiltinKeywords.groovy:108)
com.kms.katalon.core.cucumber.keyword.CucumberBuiltinKeywords$_runFeatureFile_closure1.doCall(CucumberBuiltinKeywords.groovy)
com.kms.katalon.core.keyword.internal.KeywordMain.runKeyword(KeywordMain.groovy:74)
com.kms.katalon.core.keyword.internal.KeywordMain.runKeyword(KeywordMain.groovy:68)
com.kms.katalon.core.keyword.internal.KeywordMain$runKeyword.call(Unknown Source)
com.kms.katalon.core.cucumber.keyword.CucumberBuiltinKeywords.runFeatureFile(CucumberBuiltinKeywords.groovy:75)
com.kms.katalon.core.cucumber.keyword.CucumberBuiltinKeywords$runFeatureFile$0.callStatic(Unknown Source)
com.kms.katalon.core.cucumber.keyword.CucumberBuiltinKeywords.runFeatureFile(CucumberBuiltinKeywords.groovy:248)
com.kms.katalon.core.cucumber.keyword.CucumberBuiltinKeywords$runFeatureFile.call(Unknown Source)
TC_ConsultarAfiliado.run(TC_ConsultarAfiliado:20)
</property>
</record>
<record>
  <date>2022-11-29T11:43:59</date>
  <millis>1669740239240</millis>
  <sequence>136</sequence>
  <level>END</level>
  <class>com.kms.katalon.core.logging.XmlKeywordLogger</class>
  <method>endTest</method>
  <thread>1</thread>
  <message>End Test Case : SCENARIO Title of your scenario outline</message>
  <nestedLevel>1</nestedLevel>
  <escapedJava>false</escapedJava>
</record>
<record>
  <date>2022-11-29T11:43:59</date>
  <millis>1669740239264</millis>
  <sequence>138</sequence>
  <level>PASSED</level>
  <class>com.kms.katalon.core.logging.XmlKeywordLogger</class>
  <method>logMessage</method>
  <thread>1</thread>
  <message>Feature file: &amp;apos;Include/features/ConsultarAfiliado.feature&amp;apos; was passed</message>
  <nestedLevel>1</nestedLevel>
  <escapedJava>false</escapedJava>
  <property name="testops-method-name">com.kms.katalon.core.keyword.internal.KeywordMain.runKeyword</property>
  <property name="testops-execution-stacktrace">com.kms.katalon.core.logging.KeywordLogger.logPassed(KeywordLogger.java:338)
com.kms.katalon.core.logging.KeywordLogger.logPassed(KeywordLogger.java:332)
com.kms.katalon.core.logging.KeywordLogger$logPassed$2.call(Unknown Source)
com.kms.katalon.core.cucumber.keyword.CucumberBuiltinKeywords$_runFeatureFile_closure1.doCall(CucumberBuiltinKeywords.groovy:112)
com.kms.katalon.core.cucumber.keyword.CucumberBuiltinKeywords$_runFeatureFile_closure1.doCall(CucumberBuiltinKeywords.groovy)
com.kms.katalon.core.keyword.internal.KeywordMain.runKeyword(KeywordMain.groovy:74)
com.kms.katalon.core.keyword.internal.KeywordMain.runKeyword(KeywordMain.groovy:68)
com.kms.katalon.core.keyword.internal.KeywordMain$runKeyword.call(Unknown Source)
com.kms.katalon.core.cucumber.keyword.CucumberBuiltinKeywords.runFeatureFile(CucumberBuiltinKeywords.groovy:75)
com.kms.katalon.core.cucumber.keyword.CucumberBuiltinKeywords$runFeatureFile$0.callStatic(Unknown Source)
com.kms.katalon.core.cucumber.keyword.CucumberBuiltinKeywords.runFeatureFile(CucumberBuiltinKeywords.groovy:248)
com.kms.katalon.core.cucumber.keyword.CucumberBuiltinKeywords$runFeatureFile.call(Unknown Source)
TC_ConsultarAfiliado.run(TC_ConsultarAfiliado:20)
</property>
</record>
<record>
  <date>2022-11-29T11:43:59</date>
  <millis>1669740239264</millis>
  <sequence>139</sequence>
  <level>END</level>
  <class>com.kms.katalon.core.logging.XmlKeywordLogger</class>
  <method>endKeyword</method>
  <thread>1</thread>
  <message>End action : runFeatureFile(&amp;quot;Include/features/ConsultarAfiliado.feature&amp;quot;)</message>
  <nestedLevel>1</nestedLevel>
  <escapedJava>false</escapedJava>
</record>
<record>
  <date>2022-11-29T11:43:59</date>
  <millis>1669740239265</millis>
  <sequence>140</sequence>
  <level>PASSED</level>
  <class>com.kms.katalon.core.logging.XmlKeywordLogger</class>
  <method>logMessage</method>
  <thread>1</thread>
  <message>Test Cases/TC_ConsultarAfiliado</message>
  <nestedLevel>1</nestedLevel>
  <escapedJava>false</escapedJava>
</record>
<record>
  <date>2022-11-29T11:43:59</date>
  <millis>1669740239266</millis>
  <sequence>141</sequence>
  <level>END</level>
  <class>com.kms.katalon.core.logging.XmlKeywordLogger</class>
  <method>endTest</method>
  <thread>1</thread>
  <message>End Test Case : Test Cases/TC_ConsultarAfiliado</message>
  <nestedLevel>0</nestedLevel>
  <escapedJava>false</escapedJava>
  <property name="executionBindingVariables">[]</property>
  <property name="applitools">false</property>
  <property name="remainingRetryCount">3</property>
  <property name="currentRetryCount">0</property>
  <property name="keywordsUsage">{
  &quot;web_ui&quot;: true,
  &quot;web_service&quot;: false,
  &quot;cucumber&quot;: true,
  &quot;builtin&quot;: false,
  &quot;mobile&quot;: false,
  &quot;windows&quot;: false,
  &quot;testng&quot;: false
}</property>
</record>
<record>
  <date>2022-11-29T11:43:59</date>
  <millis>1669740239267</millis>
  <sequence>142</sequence>
  <level>START</level>
  <class>com.kms.katalon.core.logging.XmlKeywordLogger</class>
  <method>startKeyword</method>
  <thread>1</thread>
  <message>Start listener action : exportKatalonReports</message>
  <nestedLevel>0</nestedLevel>
  <escapedJava>false</escapedJava>
</record>
<record>
  <date>2022-11-29T11:43:59</date>
  <millis>1669740239648</millis>
  <sequence>272</sequence>
  <level>INFO</level>
  <class>com.kms.katalon.core.logging.XmlKeywordLogger</class>
  <method>logMessage</method>
  <thread>1</thread>
  <message>Start generating HTML report folder at: C:\Users\dimartinez\Katalon Studio\Mercadeo_BDD\Reports\20221129_114329\ConsultarAfiliado\20221129_114330...</message>
  <nestedLevel>0</nestedLevel>
  <escapedJava>false</escapedJava>
</record>
<record>
  <date>2022-11-29T11:43:59</date>
  <millis>1669740239834</millis>
  <sequence>273</sequence>
  <level>INFO</level>
  <class>com.kms.katalon.core.logging.XmlKeywordLogger</class>
  <method>logMessage</method>
  <thread>1</thread>
  <message>HTML report generated</message>
  <nestedLevel>0</nestedLevel>
  <escapedJava>false</escapedJava>
</record>
<record>
  <date>2022-11-29T11:43:59</date>
  <millis>1669740239835</millis>
  <sequence>274</sequence>
  <level>INFO</level>
  <class>com.kms.katalon.core.logging.XmlKeywordLogger</class>
  <method>logMessage</method>
  <thread>1</thread>
  <message>Start generating CSV report folder at: C:\Users\dimartinez\Katalon Studio\Mercadeo_BDD\Reports\20221129_114329\ConsultarAfiliado\20221129_114330...</message>
  <nestedLevel>0</nestedLevel>
  <escapedJava>false</escapedJava>
</record>
<record>
  <date>2022-11-29T11:43:59</date>
  <millis>1669740239856</millis>
  <sequence>275</sequence>
  <level>INFO</level>
  <class>com.kms.katalon.core.logging.XmlKeywordLogger</class>
  <method>logMessage</method>
  <thread>1</thread>
  <message>CSV report generated</message>
  <nestedLevel>0</nestedLevel>
  <escapedJava>false</escapedJava>
</record>
<record>
  <date>2022-11-29T11:43:59</date>
  <millis>1669740239950</millis>
  <sequence>277</sequence>
  <level>END</level>
  <class>com.kms.katalon.core.logging.XmlKeywordLogger</class>
  <method>endKeyword</method>
  <thread>1</thread>
  <message>End listener action : exportKatalonReports</message>
  <nestedLevel>0</nestedLevel>
  <escapedJava>false</escapedJava>
</record>
<record>
  <date>2022-11-29T11:44:00</date>
  <millis>1669740240986</millis>
  <sequence>278</sequence>
  <level>END</level>
  <class>com.kms.katalon.core.logging.XmlKeywordLogger</class>
  <method>endSuite</method>
  <thread>1</thread>
  <message>End Test Suite : Test Suites/ConsultarAfiliado</message>
  <nestedLevel>0</nestedLevel>
  <escapedJava>false</escapedJava>
</record>
</log>
